Started by GitHub push by 
Building in workspace /var/lib/jenkins/workspace/GradleFx Testbed Build
Checkout:GradleFx Testbed Build / /var/lib/jenkins/workspace/GradleFx Testbed Build - hudson.remoting.LocalChannel@1f4609c5
Using strategy: Default
Last Built Revision: Revision 02dda0bc259146e517d71573a12537de396597a2 (origin/master)
Fetching changes from 1 remote Git repository
Fetching upstream changes from git@github.com:GradleFx/GradleFx-testbed.git
Commencing build of Revision f94be6140179f29b2f61157e8a5237b3f3ba575d (origin/master)
Checking out Revision f94be6140179f29b2f61157e8a5237b3f3ba575d (origin/master)
Starting xvnc
[GradleFx Testbed Build] $ vncserver :12

New 'server.augnite.com:12 (jenkins)' desktop is server.augnite.com:12

Starting applications specified in /var/lib/jenkins/.vnc/xstartup
Log file is /var/lib/jenkins/.vnc/server.augnite.com:12.log

[GradleFx Testbed Build] $ "/var/lib/jenkins/workspace/GradleFx Testbed Build/gradlew" -info --stacktrace
Starting Build
================================================ Start building buildSrc
Evaluating root project 'buildSrc' using empty build file.
Selected primary task 'build'
[8mha:AAAAYB+LCAAAAAAAAABb85aBtbiIQSWjNKU4P0+vIKc0PTOvWC+9KDElJ1XPHUyFJBZn++WXpC7zV766aHPULSYGhooiBimoluT8vOJ8oFpnCA1SyAABjCCFBQDX67qaYgAAAA==[0m:buildSrc:compileJava
Skipping task ':compileJava' as it has no source files.
[8mha:AAAAYB+LCAAAAAAAAABb85aBtbiIQSWjNKU4P0+vIKc0PTOvWC+9KDElJ1XPHUyFJBZn++WXpC7zV766aHPULSYGhooiBimoluT8vOJ8oFpnCA1SyAABjCCFBQDX67qaYgAAAA==[0m:buildSrc:compileJava UP-TO-DATE
[8mha:AAAAYB+LCAAAAAAAAABb85aBtbiIQSWjNKU4P0+vIKc0PTOvWC+9KDElJ1XPHUyFJBZn++WXpC7zV766aHPULSYGhooiBimoluT8vOJ8oFpnCA1SyAABjCCFBQDX67qaYgAAAA==[0m:buildSrc:compileGroovy
Skipping task ':compileGroovy' as it has no source files.
[8mha:AAAAYB+LCAAAAAAAAABb85aBtbiIQSWjNKU4P0+vIKc0PTOvWC+9KDElJ1XPHUyFJBZn++WXpC7zV766aHPULSYGhooiBimoluT8vOJ8oFpnCA1SyAABjCCFBQDX67qaYgAAAA==[0m:buildSrc:compileGroovy UP-TO-DATE
[8mha:AAAAYB+LCAAAAAAAAABb85aBtbiIQSWjNKU4P0+vIKc0PTOvWC+9KDElJ1XPHUyFJBZn++WXpC7zV766aHPULSYGhooiBimoluT8vOJ8oFpnCA1SyAABjCCFBQDX67qaYgAAAA==[0m:buildSrc:processResources
Skipping task ':processResources' as it has no source files.
[8mha:AAAAYB+LCAAAAAAAAABb85aBtbiIQSWjNKU4P0+vIKc0PTOvWC+9KDElJ1XPHUyFJBZn++WXpC7zV766aHPULSYGhooiBimoluT8vOJ8oFpnCA1SyAABjCCFBQDX67qaYgAAAA==[0m:buildSrc:processResources UP-TO-DATE
[8mha:AAAAYB+LCAAAAAAAAABb85aBtbiIQSWjNKU4P0+vIKc0PTOvWC+9KDElJ1XPHUyFJBZn++WXpC7zV766aHPULSYGhooiBimoluT8vOJ8oFpnCA1SyAABjCCFBQDX67qaYgAAAA==[0m:buildSrc:classes
Skipping task ':classes' as it has no actions.
[8mha:AAAAYB+LCAAAAAAAAABb85aBtbiIQSWjNKU4P0+vIKc0PTOvWC+9KDElJ1XPHUyFJBZn++WXpC7zV766aHPULSYGhooiBimoluT8vOJ8oFpnCA1SyAABjCCFBQDX67qaYgAAAA==[0m:buildSrc:classes UP-TO-DATE
[8mha:AAAAYB+LCAAAAAAAAABb85aBtbiIQSWjNKU4P0+vIKc0PTOvWC+9KDElJ1XPHUyFJBZn++WXpC7zV766aHPULSYGhooiBimoluT8vOJ8oFpnCA1SyAABjCCFBQDX67qaYgAAAA==[0m:buildSrc:jar
Skipping task ':jar' as it is up-to-date.
Skipping task ':jar' as it is up-to-date
[8mha:AAAAYB+LCAAAAAAAAABb85aBtbiIQSWjNKU4P0+vIKc0PTOvWC+9KDElJ1XPHUyFJBZn++WXpC7zV766aHPULSYGhooiBimoluT8vOJ8oFpnCA1SyAABjCCFBQDX67qaYgAAAA==[0m:buildSrc:jar UP-TO-DATE
[8mha:AAAAYB+LCAAAAAAAAABb85aBtbiIQSWjNKU4P0+vIKc0PTOvWC+9KDElJ1XPHUyFJBZn++WXpC7zV766aHPULSYGhooiBimoluT8vOJ8oFpnCA1SyAABjCCFBQDX67qaYgAAAA==[0m:buildSrc:assemble
Skipping task ':assemble' as it has no actions.
[8mha:AAAAYB+LCAAAAAAAAABb85aBtbiIQSWjNKU4P0+vIKc0PTOvWC+9KDElJ1XPHUyFJBZn++WXpC7zV766aHPULSYGhooiBimoluT8vOJ8oFpnCA1SyAABjCCFBQDX67qaYgAAAA==[0m:buildSrc:assemble UP-TO-DATE
[8mha:AAAAYB+LCAAAAAAAAABb85aBtbiIQSWjNKU4P0+vIKc0PTOvWC+9KDElJ1XPHUyFJBZn++WXpC7zV766aHPULSYGhooiBimoluT8vOJ8oFpnCA1SyAABjCCFBQDX67qaYgAAAA==[0m:buildSrc:compileTestJava
Skipping task ':compileTestJava' as it has no source files.
[8mha:AAAAYB+LCAAAAAAAAABb85aBtbiIQSWjNKU4P0+vIKc0PTOvWC+9KDElJ1XPHUyFJBZn++WXpC7zV766aHPULSYGhooiBimoluT8vOJ8oFpnCA1SyAABjCCFBQDX67qaYgAAAA==[0m:buildSrc:compileTestJava UP-TO-DATE
[8mha:AAAAYB+LCAAAAAAAAABb85aBtbiIQSWjNKU4P0+vIKc0PTOvWC+9KDElJ1XPHUyFJBZn++WXpC7zV766aHPULSYGhooiBimoluT8vOJ8oFpnCA1SyAABjCCFBQDX67qaYgAAAA==[0m:buildSrc:compileTestGroovy
Skipping task ':compileTestGroovy' as it has no source files.
[8mha:AAAAYB+LCAAAAAAAAABb85aBtbiIQSWjNKU4P0+vIKc0PTOvWC+9KDElJ1XPHUyFJBZn++WXpC7zV766aHPULSYGhooiBimoluT8vOJ8oFpnCA1SyAABjCCFBQDX67qaYgAAAA==[0m:buildSrc:compileTestGroovy UP-TO-DATE
[8mha:AAAAYB+LCAAAAAAAAABb85aBtbiIQSWjNKU4P0+vIKc0PTOvWC+9KDElJ1XPHUyFJBZn++WXpC7zV766aHPULSYGhooiBimoluT8vOJ8oFpnCA1SyAABjCCFBQDX67qaYgAAAA==[0m:buildSrc:processTestResources
Skipping task ':processTestResources' as it has no source files.
[8mha:AAAAYB+LCAAAAAAAAABb85aBtbiIQSWjNKU4P0+vIKc0PTOvWC+9KDElJ1XPHUyFJBZn++WXpC7zV766aHPULSYGhooiBimoluT8vOJ8oFpnCA1SyAABjCCFBQDX67qaYgAAAA==[0m:buildSrc:processTestResources UP-TO-DATE
[8mha:AAAAYB+LCAAAAAAAAABb85aBtbiIQSWjNKU4P0+vIKc0PTOvWC+9KDElJ1XPHUyFJBZn++WXpC7zV766aHPULSYGhooiBimoluT8vOJ8oFpnCA1SyAABjCCFBQDX67qaYgAAAA==[0m:buildSrc:testClasses
Skipping task ':testClasses' as it has no actions.
[8mha:AAAAYB+LCAAAAAAAAABb85aBtbiIQSWjNKU4P0+vIKc0PTOvWC+9KDElJ1XPHUyFJBZn++WXpC7zV766aHPULSYGhooiBimoluT8vOJ8oFpnCA1SyAABjCCFBQDX67qaYgAAAA==[0m:buildSrc:testClasses UP-TO-DATE
[8mha:AAAAYB+LCAAAAAAAAABb85aBtbiIQSWjNKU4P0+vIKc0PTOvWC+9KDElJ1XPHUyFJBZn++WXpC7zV766aHPULSYGhooiBimoluT8vOJ8oFpnCA1SyAABjCCFBQDX67qaYgAAAA==[0m:buildSrc:test
file or directory '/var/lib/jenkins/workspace/GradleFx Testbed Build/buildSrc/build/classes/test', not found
Skipping task ':test' as it is up-to-date.
Skipping task ':test' as it is up-to-date
[8mha:AAAAYB+LCAAAAAAAAABb85aBtbiIQSWjNKU4P0+vIKc0PTOvWC+9KDElJ1XPHUyFJBZn++WXpC7zV766aHPULSYGhooiBimoluT8vOJ8oFpnCA1SyAABjCCFBQDX67qaYgAAAA==[0m:buildSrc:test UP-TO-DATE
[8mha:AAAAYB+LCAAAAAAAAABb85aBtbiIQSWjNKU4P0+vIKc0PTOvWC+9KDElJ1XPHUyFJBZn++WXpC7zV766aHPULSYGhooiBimoluT8vOJ8oFpnCA1SyAABjCCFBQDX67qaYgAAAA==[0m:buildSrc:check
Skipping task ':check' as it has no actions.
[8mha:AAAAYB+LCAAAAAAAAABb85aBtbiIQSWjNKU4P0+vIKc0PTOvWC+9KDElJ1XPHUyFJBZn++WXpC7zV766aHPULSYGhooiBimoluT8vOJ8oFpnCA1SyAABjCCFBQDX67qaYgAAAA==[0m:buildSrc:check UP-TO-DATE
[8mha:AAAAYB+LCAAAAAAAAABb85aBtbiIQSWjNKU4P0+vIKc0PTOvWC+9KDElJ1XPHUyFJBZn++WXpC7zV766aHPULSYGhooiBimoluT8vOJ8oFpnCA1SyAABjCCFBQDX67qaYgAAAA==[0m:buildSrc:build
Skipping task ':build' as it has no actions.
[8mha:AAAAYB+LCAAAAAAAAABb85aBtbiIQSWjNKU4P0+vIKc0PTOvWC+9KDElJ1XPHUyFJBZn++WXpC7zV766aHPULSYGhooiBimoluT8vOJ8oFpnCA1SyAABjCCFBQDX67qaYgAAAA==[0m:buildSrc:build UP-TO-DATE
================================================ Finished building buildSrc
Settings evaluated using settings file '/var/lib/jenkins/workspace/GradleFx Testbed Build/settings.gradle'.
Projects loaded. Root project using build file '/var/lib/jenkins/workspace/GradleFx Testbed Build/build.gradle'.
Included projects: [root project 'GradleFx Testbed Build', project ':actionscript-only-project', project ':air-single-project', project ':flashbuilder-integration', project ':flex-java-war', project ':flexunit-single-project', project ':intellij-integration', project ':merge-swc-packages', project ':multiproject-all-conventions', project ':multiproject-no-conventions', project ':flashbuilder-integration:fb-air-fx', project ':flashbuilder-integration:fb-mobile-as', project ':flashbuilder-integration:fb-mobile-fx', project ':flashbuilder-integration:fb-swc-as', project ':flashbuilder-integration:fb-swc-fx', project ':flashbuilder-integration:fb-swf-as', project ':flashbuilder-integration:fb-swf-fx', project ':flex-java-war:flex', project ':flex-java-war:java', project ':intellij-integration:iml-air-as', project ':intellij-integration:iml-air-fx', project ':intellij-integration:iml-mobile-android-as', project ':intellij-integration:iml-mobile-android-fx', project ':intellij-integration:iml-mobile-ios-as', project ':intellij-integration:iml-mobile-ios-fx', project ':intellij-integration:iml-swc-as', project ':intellij-integration:iml-swc-fx', project ':intellij-integration:iml-swf-as', project ':intellij-integration:iml-swf-fx', project ':merge-swc-packages:domain', project ':merge-swc-packages:util', project ':multiproject-all-conventions:assets', project ':multiproject-all-conventions:client', project ':multiproject-all-conventions:domain', project ':multiproject-all-conventions:util', project ':multiproject-no-conventions:client', project ':multiproject-no-conventions:domain', project ':multiproject-no-conventions:util', project ':flex-java-war:flex:swc', project ':flex-java-war:flex:swf', project ':flex-java-war:java:dto', project ':flex-java-war:java:war']
Evaluating root project 'GradleFx Testbed Build' using build file '/var/lib/jenkins/workspace/GradleFx Testbed Build/build.gradle'.
Compiling build file '/var/lib/jenkins/workspace/GradleFx Testbed Build/build.gradle' using BuildScriptClasspathScriptTransformer.
Resource missing. [HTTP GET: http://repo1.maven.org/maven2/org/gradlefx/gradlefx/0.8.1-SNAPSHOT/maven-metadata.xml]
Resource missing. [HTTP GET: http://repo1.maven.org/maven2/org/gradlefx/gradlefx/0.8.1-SNAPSHOT/gradlefx-0.8.1-SNAPSHOT.pom]
Resource missing. [HTTP HEAD: http://repo1.maven.org/maven2/org/gradlefx/gradlefx/0.8.1-SNAPSHOT/gradlefx-0.8.1-SNAPSHOT.jar]
Found locally available resource with matching checksum: [https://oss.sonatype.org/content/repositories/snapshots/org/gradlefx/gradlefx/0.8.1-SNAPSHOT/gradlefx-0.8.1-20131231.065840-2.pom, /var/lib/jenkins/.m2/repository/org/gradlefx/gradlefx/0.8.1-SNAPSHOT/gradlefx-0.8.1-20131231.065840-2.pom]
Found locally available resource with matching checksum: [https://oss.sonatype.org/content/repositories/snapshots/org/gradlefx/gradlefx/0.8.1-SNAPSHOT/gradlefx-0.8.1-20131231.065840-2.jar, /var/lib/jenkins/.m2/repository/org/gradlefx/gradlefx/0.8.1-SNAPSHOT/gradlefx-0.8.1-20131231.065840-2.jar]
Compiling build file '/var/lib/jenkins/workspace/GradleFx Testbed Build/build.gradle' using BuildScriptTransformer.
Evaluating project ':actionscript-only-project' using build file '/var/lib/jenkins/workspace/GradleFx Testbed Build/actionscript-only-project/build.gradle'.
Using the flexHome convention
Evaluating project ':air-single-project' using build file '/var/lib/jenkins/workspace/GradleFx Testbed Build/air-single-project/build.gradle'.
Using the Flex SDK dependency
Determining SDK install location
Setting flexHome to /var/lib/jenkins/.gradle/gradleFx/sdks/e9231c6b8603e063b49cf4b5647ed773aacdb659
Using the Air SDK dependency
Determining SDK install location
Evaluating project ':flashbuilder-integration' using build file '/var/lib/jenkins/workspace/GradleFx Testbed Build/flashbuilder-integration/build.gradle'.
Evaluating project ':flex-java-war' using build file '/var/lib/jenkins/workspace/GradleFx Testbed Build/flex-java-war/build.gradle'.
Evaluating project ':flexunit-single-project' using build file '/var/lib/jenkins/workspace/GradleFx Testbed Build/flexunit-single-project/build.gradle'.
Using the flexHome convention
Evaluating project ':intellij-integration' using build file '/var/lib/jenkins/workspace/GradleFx Testbed Build/intellij-integration/build.gradle'.
Evaluating project ':merge-swc-packages' using build file '/var/lib/jenkins/workspace/GradleFx Testbed Build/merge-swc-packages/build.gradle'.
Using the flexHome convention
Evaluating project ':multiproject-all-conventions' using build file '/var/lib/jenkins/workspace/GradleFx Testbed Build/multiproject-all-conventions/build.gradle'.
Evaluating project ':multiproject-no-conventions' using build file '/var/lib/jenkins/workspace/GradleFx Testbed Build/multiproject-no-conventions/build.gradle'.
Evaluating project ':flashbuilder-integration:fb-air-fx' using build file '/var/lib/jenkins/workspace/GradleFx Testbed Build/flashbuilder-integration/fb-air-fx/build.gradle'.
Using the flexHome convention
Evaluating project ':flashbuilder-integration:fb-mobile-as' using build file '/var/lib/jenkins/workspace/GradleFx Testbed Build/flashbuilder-integration/fb-mobile-as/build.gradle'.
Using the flexHome convention
Evaluating project ':flashbuilder-integration:fb-mobile-fx' using build file '/var/lib/jenkins/workspace/GradleFx Testbed Build/flashbuilder-integration/fb-mobile-fx/build.gradle'.
Using the flexHome convention
Evaluating project ':flashbuilder-integration:fb-swc-as' using build file '/var/lib/jenkins/workspace/GradleFx Testbed Build/flashbuilder-integration/fb-swc-as/build.gradle'.
Using the flexHome convention
Evaluating project ':flashbuilder-integration:fb-swc-fx' using build file '/var/lib/jenkins/workspace/GradleFx Testbed Build/flashbuilder-integration/fb-swc-fx/build.gradle'.
Using the flexHome convention
Evaluating project ':flashbuilder-integration:fb-swf-as' using build file '/var/lib/jenkins/workspace/GradleFx Testbed Build/flashbuilder-integration/fb-swf-as/build.gradle'.
Using the flexHome convention
Evaluating project ':flashbuilder-integration:fb-swf-fx' using build file '/var/lib/jenkins/workspace/GradleFx Testbed Build/flashbuilder-integration/fb-swf-fx/build.gradle'.
Using the flexHome convention
Evaluating project ':flex-java-war:flex' using build file '/var/lib/jenkins/workspace/GradleFx Testbed Build/flex-java-war/flex/build.gradle'.
Evaluating project ':flex-java-war:java' using build file '/var/lib/jenkins/workspace/GradleFx Testbed Build/flex-java-war/java/build.gradle'.
Evaluating project ':intellij-integration:iml-air-as' using build file '/var/lib/jenkins/workspace/GradleFx Testbed Build/intellij-integration/iml-air-as/build.gradle'.
Using the flexHome convention
Evaluating project ':intellij-integration:iml-air-fx' using build file '/var/lib/jenkins/workspace/GradleFx Testbed Build/intellij-integration/iml-air-fx/build.gradle'.
Using the flexHome convention
Evaluating project ':intellij-integration:iml-mobile-android-as' using build file '/var/lib/jenkins/workspace/GradleFx Testbed Build/intellij-integration/iml-mobile-android-as/build.gradle'.
Using the flexHome convention
Evaluating project ':intellij-integration:iml-mobile-android-fx' using build file '/var/lib/jenkins/workspace/GradleFx Testbed Build/intellij-integration/iml-mobile-android-fx/build.gradle'.
Using the flexHome convention
Evaluating project ':intellij-integration:iml-mobile-ios-as' using build file '/var/lib/jenkins/workspace/GradleFx Testbed Build/intellij-integration/iml-mobile-ios-as/build.gradle'.
Using the flexHome convention
Evaluating project ':intellij-integration:iml-mobile-ios-fx' using build file '/var/lib/jenkins/workspace/GradleFx Testbed Build/intellij-integration/iml-mobile-ios-fx/build.gradle'.
Using the flexHome convention
Evaluating project ':intellij-integration:iml-swc-as' using build file '/var/lib/jenkins/workspace/GradleFx Testbed Build/intellij-integration/iml-swc-as/build.gradle'.
Using the flexHome convention
Evaluating project ':intellij-integration:iml-swc-fx' using build file '/var/lib/jenkins/workspace/GradleFx Testbed Build/intellij-integration/iml-swc-fx/build.gradle'.
Using the flexHome convention
Evaluating project ':intellij-integration:iml-swf-as' using build file '/var/lib/jenkins/workspace/GradleFx Testbed Build/intellij-integration/iml-swf-as/build.gradle'.
Using the flexHome convention
Evaluating project ':intellij-integration:iml-swf-fx' using build file '/var/lib/jenkins/workspace/GradleFx Testbed Build/intellij-integration/iml-swf-fx/build.gradle'.
Using the flexHome convention
Evaluating project ':merge-swc-packages:domain' using build file '/var/lib/jenkins/workspace/GradleFx Testbed Build/merge-swc-packages/domain/build.gradle'.
Using the flexHome convention
Evaluating project ':merge-swc-packages:util' using build file '/var/lib/jenkins/workspace/GradleFx Testbed Build/merge-swc-packages/util/build.gradle'.
Using the flexHome convention
Evaluating project ':multiproject-all-conventions:assets' using build file '/var/lib/jenkins/workspace/GradleFx Testbed Build/multiproject-all-conventions/assets/build.gradle'.
Using the flexHome convention
Evaluating project ':multiproject-all-conventions:client' using build file '/var/lib/jenkins/workspace/GradleFx Testbed Build/multiproject-all-conventions/client/build.gradle'.
Using the flexHome convention
Evaluating project ':multiproject-all-conventions:domain' using build file '/var/lib/jenkins/workspace/GradleFx Testbed Build/multiproject-all-conventions/domain/build.gradle'.
Using the flexHome convention
Evaluating project ':multiproject-all-conventions:util' using build file '/var/lib/jenkins/workspace/GradleFx Testbed Build/multiproject-all-conventions/util/build.gradle'.
Using the flexHome convention
Evaluating project ':multiproject-no-conventions:client' using build file '/var/lib/jenkins/workspace/GradleFx Testbed Build/multiproject-no-conventions/client/build.gradle'.
Using the flexHome convention
Evaluating project ':multiproject-no-conventions:domain' using build file '/var/lib/jenkins/workspace/GradleFx Testbed Build/multiproject-no-conventions/domain/build.gradle'.
Using the flexHome convention
Evaluating project ':multiproject-no-conventions:util' using build file '/var/lib/jenkins/workspace/GradleFx Testbed Build/multiproject-no-conventions/util/build.gradle'.
Using the flexHome convention
Evaluating project ':flex-java-war:flex:swc' using build file '/var/lib/jenkins/workspace/GradleFx Testbed Build/flex-java-war/flex/swc/build.gradle'.
Using the Flex SDK dependency
Determining SDK install location
Setting flexHome to /var/lib/jenkins/.gradle/gradleFx/sdks/39160a1c0a9547a9c724363ace885c3f8e674171
Evaluating project ':flex-java-war:flex:swf' using build file '/var/lib/jenkins/workspace/GradleFx Testbed Build/flex-java-war/flex/swf/build.gradle'.
Using the Flex SDK dependency
Determining SDK install location
Setting flexHome to /var/lib/jenkins/.gradle/gradleFx/sdks/39160a1c0a9547a9c724363ace885c3f8e674171
Evaluating project ':flex-java-war:java:dto' using empty build file.
Evaluating project ':flex-java-war:java:war' using build file '/var/lib/jenkins/workspace/GradleFx Testbed Build/flex-java-war/java/war/build.gradle'.
All projects evaluated.
No tasks specified. Using project default tasks 'clean', 'flashbuilderClean', 'ideaClean', 'scaffold', 'test', 'compileFlex', 'compileJava', 'package', 'war', 'asdoc', 'flashbuilder', 'idea'
Selected primary tasks 'clean', 'flashbuilderClean', 'ideaClean', 'scaffold', 'test', 'compileFlex', 'compileJava', 'package', 'war', 'asdoc', 'flashbuilder', 'idea'
Tasks to be executed: [task ':actionscript-only-project:clean', task ':air-single-project:clean', task ':flexunit-single-project:clean', task ':merge-swc-packages:clean', task ':flashbuilder-integration:fb-air-fx:clean', task ':flashbuilder-integration:fb-mobile-as:clean', task ':flashbuilder-integration:fb-mobile-fx:clean', task ':flashbuilder-integration:fb-swc-as:clean', task ':flashbuilder-integration:fb-swc-fx:clean', task ':flashbuilder-integration:fb-swf-as:clean', task ':flashbuilder-integration:fb-swf-fx:clean', task ':intellij-integration:iml-air-as:clean', task ':intellij-integration:iml-air-fx:clean', task ':intellij-integration:iml-mobile-android-as:clean', task ':intellij-integration:iml-mobile-android-fx:clean', task ':intellij-integration:iml-mobile-ios-as:clean', task ':intellij-integration:iml-mobile-ios-fx:clean', task ':intellij-integration:iml-swc-as:clean', task ':intellij-integration:iml-swc-fx:clean', task ':intellij-integration:iml-swf-as:clean', task ':intellij-integration:iml-swf-fx:clean', task ':merge-swc-packages:domain:clean', task ':merge-swc-packages:util:clean', task ':multiproject-all-conventions:assets:clean', task ':multiproject-all-conventions:client:clean', task ':multiproject-all-conventions:domain:clean', task ':multiproject-all-conventions:util:clean', task ':multiproject-no-conventions:client:clean', task ':multiproject-no-conventions:domain:clean', task ':multiproject-no-conventions:util:clean', task ':flex-java-war:flex:swc:clean', task ':flex-java-war:flex:swf:clean', task ':flex-java-war:java:dto:clean', task ':flex-java-war:java:war:clean', task ':air-single-project:flashbuilderClean', task ':flashbuilder-integration:fb-air-fx:flashbuilderClean', task ':flashbuilder-integration:fb-mobile-as:flashbuilderClean', task ':flashbuilder-integration:fb-mobile-fx:flashbuilderClean', task ':flashbuilder-integration:fb-swc-as:flashbuilderClean', task ':flashbuilder-integration:fb-swc-fx:flashbuilderClean', task ':flashbuilder-integration:fb-swf-as:flashbuilderClean', task ':flashbuilder-integration:fb-swf-fx:flashbuilderClean', task ':multiproject-no-conventions:client:flashbuilderClean', task ':multiproject-no-conventions:domain:flashbuilderClean', task ':multiproject-no-conventions:util:flashbuilderClean', task ':intellij-integration:iml-air-as:ideaClean', task ':intellij-integration:iml-air-fx:ideaClean', task ':intellij-integration:iml-mobile-android-as:ideaClean', task ':intellij-integration:iml-mobile-android-fx:ideaClean', task ':intellij-integration:iml-mobile-ios-as:ideaClean', task ':intellij-integration:iml-mobile-ios-fx:ideaClean', task ':intellij-integration:iml-swc-as:ideaClean', task ':intellij-integration:iml-swc-fx:ideaClean', task ':intellij-integration:iml-swf-as:ideaClean', task ':intellij-integration:iml-swf-fx:ideaClean', task ':air-single-project:scaffold', task ':flashbuilder-integration:fb-air-fx:scaffold', task ':flashbuilder-integration:fb-mobile-as:scaffold', task ':flashbuilder-integration:fb-mobile-fx:scaffold', task ':flashbuilder-integration:fb-swc-as:scaffold', task ':flashbuilder-integration:fb-swc-fx:scaffold', task ':flashbuilder-integration:fb-swf-as:scaffold', task ':flashbuilder-integration:fb-swf-fx:scaffold', task ':intellij-integration:iml-air-as:scaffold', task ':intellij-integration:iml-air-fx:scaffold', task ':intellij-integration:iml-mobile-android-as:scaffold', task ':intellij-integration:iml-mobile-android-fx:scaffold', task ':intellij-integration:iml-mobile-ios-as:scaffold', task ':intellij-integration:iml-mobile-ios-fx:scaffold', task ':intellij-integration:iml-swc-as:scaffold', task ':intellij-integration:iml-swc-fx:scaffold', task ':intellij-integration:iml-swf-as:scaffold', task ':intellij-integration:iml-swf-fx:scaffold', task ':multiproject-no-conventions:client:scaffold', task ':multiproject-no-conventions:domain:scaffold', task ':multiproject-no-conventions:util:scaffold', task ':actionscript-only-project:copytestresources', task ':actionscript-only-project:test', task ':air-single-project:copytestresources', task ':air-single-project:test', task ':flexunit-single-project:copytestresources', task ':flexunit-single-project:test', task ':merge-swc-packages:copytestresources', task ':merge-swc-packages:test', task ':flashbuilder-integration:fb-air-fx:copytestresources', task ':flashbuilder-integration:fb-air-fx:test', task ':flashbuilder-integration:fb-mobile-as:copytestresources', task ':flashbuilder-integration:fb-mobile-as:test', task ':flashbuilder-integration:fb-mobile-fx:copytestresources', task ':flashbuilder-integration:fb-mobile-fx:test', task ':flashbuilder-integration:fb-swc-as:copytestresources', task ':flashbuilder-integration:fb-swc-as:test', task ':flashbuilder-integration:fb-swc-fx:copytestresources', task ':flashbuilder-integration:fb-swc-fx:test', task ':flashbuilder-integration:fb-swf-as:copytestresources', task ':flashbuilder-integration:fb-swf-as:test', task ':flashbuilder-integration:fb-swf-fx:copytestresources', task ':flashbuilder-integration:fb-swf-fx:test', task ':intellij-integration:iml-air-as:copytestresources', task ':intellij-integration:iml-air-as:test', task ':intellij-integration:iml-air-fx:copytestresources', task ':intellij-integration:iml-air-fx:test', task ':intellij-integration:iml-mobile-android-as:copytestresources', task ':intellij-integration:iml-mobile-android-as:test', task ':intellij-integration:iml-mobile-android-fx:copytestresources', task ':intellij-integration:iml-mobile-android-fx:test', task ':intellij-integration:iml-mobile-ios-as:copytestresources', task ':intellij-integration:iml-mobile-ios-as:test', task ':intellij-integration:iml-mobile-ios-fx:copytestresources', task ':intellij-integration:iml-mobile-ios-fx:test', task ':intellij-integration:iml-swc-as:copytestresources', task ':intellij-integration:iml-swc-as:test', task ':intellij-integration:iml-swc-fx:copytestresources', task ':intellij-integration:iml-swc-fx:test', task ':intellij-integration:iml-swf-as:copytestresources', task ':intellij-integration:iml-swf-as:test', task ':intellij-integration:iml-swf-fx:copytestresources', task ':intellij-integration:iml-swf-fx:test', task ':merge-swc-packages:domain:copytestresources', task ':merge-swc-packages:domain:test', task ':merge-swc-packages:util:copytestresources', task ':merge-swc-packages:util:test', task ':multiproject-all-conventions:assets:copytestresources', task ':multiproject-all-conventions:assets:test', task ':multiproject-all-conventions:client:copytestresources', task ':multiproject-all-conventions:client:test', task ':multiproject-all-conventions:domain:copytestresources', task ':multiproject-all-conventions:domain:test', task ':multiproject-all-conventions:util:copytestresources', task ':multiproject-all-conventions:util:test', task ':multiproject-no-conventions:client:copytestresources', task ':multiproject-no-conventions:client:test', task ':multiproject-no-conventions:domain:copytestresources', task ':multiproject-no-conventions:domain:test', task ':multiproject-no-conventions:util:copytestresources', task ':multiproject-no-conventions:util:test', task ':flex-java-war:flex:swc:copytestresources', task ':flex-java-war:flex:swc:test', task ':flex-java-war:flex:swf:copytestresources', task ':flex-java-war:flex:swf:test', task ':flex-java-war:java:dto:compileJava', task ':flex-java-war:java:dto:processResources', task ':flex-java-war:java:dto:classes', task ':flex-java-war:java:dto:compileTestJava', task ':flex-java-war:java:dto:processTestResources', task ':flex-java-war:java:dto:testClasses', task ':flex-java-war:java:dto:test', task ':flex-java-war:java:dto:jar', task ':flex-java-war:java:war:compileJava', task ':flex-java-war:java:war:processResources', task ':flex-java-war:java:war:classes', task ':flex-java-war:java:war:compileTestJava', task ':flex-java-war:java:war:processTestResources', task ':flex-java-war:java:war:testClasses', task ':flex-java-war:java:war:test', task ':actionscript-only-project:copyresources', task ':actionscript-only-project:compileFlex', task ':air-single-project:copyresources', task ':air-single-project:compileFlex', task ':flexunit-single-project:compileFlex', task ':multiproject-all-conventions:util:compileFlex', task ':merge-swc-packages:domain:compileFlex', task ':merge-swc-packages:util:compileFlex', task ':merge-swc-packages:compileFlex', task ':flashbuilder-integration:fb-air-fx:copyresources', task ':flashbuilder-integration:fb-air-fx:compileFlex', task ':flashbuilder-integration:fb-mobile-as:copyresources', task ':flashbuilder-integration:fb-mobile-as:compileFlex', task ':flashbuilder-integration:fb-mobile-fx:copyresources', task ':flashbuilder-integration:fb-mobile-fx:compileFlex', task ':flashbuilder-integration:fb-swc-as:compileFlex', task ':flashbuilder-integration:fb-swc-fx:compileFlex', task ':flashbuilder-integration:fb-swf-as:copyresources', task ':flashbuilder-integration:fb-swf-as:compileFlex', task ':flashbuilder-integration:fb-swf-fx:copyresources', task ':flashbuilder-integration:fb-swf-fx:compileFlex', task ':intellij-integration:iml-air-as:copyresources', task ':intellij-integration:iml-air-as:compileFlex', task ':intellij-integration:iml-air-fx:copyresources', task ':intellij-integration:iml-air-fx:compileFlex', task ':intellij-integration:iml-mobile-android-as:copyresources', task ':intellij-integration:iml-mobile-android-as:compileFlex', task ':intellij-integration:iml-mobile-android-fx:copyresources', task ':intellij-integration:iml-mobile-android-fx:compileFlex', task ':intellij-integration:iml-mobile-ios-as:copyresources', task ':intellij-integration:iml-mobile-ios-as:compileFlex', task ':intellij-integration:iml-mobile-ios-fx:copyresources', task ':intellij-integration:iml-mobile-ios-fx:compileFlex', task ':intellij-integration:iml-swc-as:compileFlex', task ':intellij-integration:iml-swc-fx:compileFlex', task ':intellij-integration:iml-swf-as:copyresources', task ':intellij-integration:iml-swf-as:compileFlex', task ':intellij-integration:iml-swf-fx:copyresources', task ':intellij-integration:iml-swf-fx:compileFlex', task ':multiproject-all-conventions:assets:compileFlex', task ':multiproject-all-conventions:client:copyresources', task ':multiproject-all-conventions:domain:compileFlex', task ':multiproject-all-conventions:client:compileFlex', task ':multiproject-no-conventions:client:copyresources', task ':multiproject-no-conventions:util:compileFlex', task ':multiproject-no-conventions:domain:asdoc', task ':multiproject-no-conventions:domain:compileFlex', task ':multiproject-no-conventions:client:compileFlex', task ':flex-java-war:flex:swc:compileFlex', task ':flex-java-war:flex:swf:copyresources', task ':flex-java-war:flex:swf:compileFlex', task ':air-single-project:package', task ':flashbuilder-integration:fb-air-fx:package', task ':flashbuilder-integration:fb-mobile-as:package', task ':flashbuilder-integration:fb-mobile-fx:package', task ':intellij-integration:iml-air-as:package', task ':intellij-integration:iml-air-fx:package', task ':intellij-integration:iml-mobile-android-as:package', task ':intellij-integration:iml-mobile-android-fx:package', task ':intellij-integration:iml-mobile-ios-as:package', task ':intellij-integration:iml-mobile-ios-fx:package', task ':flex-java-war:java:war:war', task ':flexunit-single-project:asdoc', task ':merge-swc-packages:asdoc', task ':flashbuilder-integration:fb-swc-as:asdoc', task ':flashbuilder-integration:fb-swc-fx:asdoc', task ':intellij-integration:iml-swc-as:asdoc', task ':intellij-integration:iml-swc-fx:asdoc', task ':merge-swc-packages:domain:asdoc', task ':merge-swc-packages:util:asdoc', task ':multiproject-all-conventions:assets:asdoc', task ':multiproject-all-conventions:domain:asdoc', task ':multiproject-all-conventions:util:asdoc', task ':multiproject-no-conventions:util:asdoc', task ':flex-java-war:flex:swc:asdoc', task ':air-single-project:flashbuilder', task ':flashbuilder-integration:fb-air-fx:flashbuilder', task ':flashbuilder-integration:fb-mobile-as:flashbuilder', task ':flashbuilder-integration:fb-mobile-fx:flashbuilder', task ':flashbuilder-integration:fb-swc-as:flashbuilder', task ':flashbuilder-integration:fb-swc-fx:flashbuilder', task ':flashbuilder-integration:fb-swf-as:flashbuilder', task ':flashbuilder-integration:fb-swf-fx:flashbuilder', task ':multiproject-no-conventions:client:flashbuilder', task ':multiproject-no-conventions:domain:flashbuilder', task ':multiproject-no-conventions:util:flashbuilder', task ':intellij-integration:iml-air-as:idea', task ':intellij-integration:iml-air-fx:idea', task ':intellij-integration:iml-mobile-android-as:idea', task ':intellij-integration:iml-mobile-android-fx:idea', task ':intellij-integration:iml-mobile-ios-as:idea', task ':intellij-integration:iml-mobile-ios-fx:idea', task ':intellij-integration:iml-swc-as:idea', task ':intellij-integration:iml-swc-fx:idea', task ':intellij-integration:iml-swf-as:idea', task ':intellij-integration:iml-swf-fx:idea']
[8mha:AAAAYB+LCAAAAAAAAABb85aBtbiIQSWjNKU4P0+vIKc0PTOvWC+9KDElJ1XPHUyFJBZn++WXpC7zV766aHPULSYGhooiBimoluT8vOJ8oFpnCA1SyAABjCCFBQDX67qaYgAAAA==[0m:actionscript-only-project:clean
Task ':actionscript-only-project:clean' has not declared any outputs, assuming that it is out-of-date.
[8mha:AAAAYB+LCAAAAAAAAABb85aBtbiIQSWjNKU4P0+vIKc0PTOvWC+9KDElJ1XPHUyFJBZn++WXpC7zV766aHPULSYGhooiBimoluT8vOJ8oFpnCA1SyAABjCCFBQDX67qaYgAAAA==[0m:air-single-project:clean
Task ':air-single-project:clean' has not declared any outputs, assuming that it is out-of-date.
[8mha:AAAAYB+LCAAAAAAAAABb85aBtbiIQSWjNKU4P0+vIKc0PTOvWC+9KDElJ1XPHUyFJBZn++WXpC7zV766aHPULSYGhooiBimoluT8vOJ8oFpnCA1SyAABjCCFBQDX67qaYgAAAA==[0m:flexunit-single-project:clean
Task ':flexunit-single-project:clean' has not declared any outputs, assuming that it is out-of-date.
[8mha:AAAAYB+LCAAAAAAAAABb85aBtbiIQSWjNKU4P0+vIKc0PTOvWC+9KDElJ1XPHUyFJBZn++WXpC7zV766aHPULSYGhooiBimoluT8vOJ8oFpnCA1SyAABjCCFBQDX67qaYgAAAA==[0m:merge-swc-packages:clean
Task ':merge-swc-packages:clean' has not declared any outputs, assuming that it is out-of-date.
[8mha:AAAAYB+LCAAAAAAAAABb85aBtbiIQSWjNKU4P0+vIKc0PTOvWC+9KDElJ1XPHUyFJBZn++WXpC7zV766aHPULSYGhooiBimoluT8vOJ8oFpnCA1SyAABjCCFBQDX67qaYgAAAA==[0m:flashbuilder-integration:fb-air-fx:clean
Task ':flashbuilder-integration:fb-air-fx:clean' has not declared any outputs, assuming that it is out-of-date.
[8mha:AAAAYB+LCAAAAAAAAABb85aBtbiIQSWjNKU4P0+vIKc0PTOvWC+9KDElJ1XPHUyFJBZn++WXpC7zV766aHPULSYGhooiBimoluT8vOJ8oFpnCA1SyAABjCCFBQDX67qaYgAAAA==[0m:flashbuilder-integration:fb-mobile-as:clean
Task ':flashbuilder-integration:fb-mobile-as:clean' has not declared any outputs, assuming that it is out-of-date.
[8mha:AAAAYB+LCAAAAAAAAABb85aBtbiIQSWjNKU4P0+vIKc0PTOvWC+9KDElJ1XPHUyFJBZn++WXpC7zV766aHPULSYGhooiBimoluT8vOJ8oFpnCA1SyAABjCCFBQDX67qaYgAAAA==[0m:flashbuilder-integration:fb-mobile-fx:clean
Task ':flashbuilder-integration:fb-mobile-fx:clean' has not declared any outputs, assuming that it is out-of-date.
[8mha:AAAAYB+LCAAAAAAAAABb85aBtbiIQSWjNKU4P0+vIKc0PTOvWC+9KDElJ1XPHUyFJBZn++WXpC7zV766aHPULSYGhooiBimoluT8vOJ8oFpnCA1SyAABjCCFBQDX67qaYgAAAA==[0m:flashbuilder-integration:fb-swc-as:clean
Task ':flashbuilder-integration:fb-swc-as:clean' has not declared any outputs, assuming that it is out-of-date.
[8mha:AAAAYB+LCAAAAAAAAABb85aBtbiIQSWjNKU4P0+vIKc0PTOvWC+9KDElJ1XPHUyFJBZn++WXpC7zV766aHPULSYGhooiBimoluT8vOJ8oFpnCA1SyAABjCCFBQDX67qaYgAAAA==[0m:flashbuilder-integration:fb-swc-fx:clean
Task ':flashbuilder-integration:fb-swc-fx:clean' has not declared any outputs, assuming that it is out-of-date.
[8mha:AAAAYB+LCAAAAAAAAABb85aBtbiIQSWjNKU4P0+vIKc0PTOvWC+9KDElJ1XPHUyFJBZn++WXpC7zV766aHPULSYGhooiBimoluT8vOJ8oFpnCA1SyAABjCCFBQDX67qaYgAAAA==[0m:flashbuilder-integration:fb-swf-as:clean
Task ':flashbuilder-integration:fb-swf-as:clean' has not declared any outputs, assuming that it is out-of-date.
[8mha:AAAAYB+LCAAAAAAAAABb85aBtbiIQSWjNKU4P0+vIKc0PTOvWC+9KDElJ1XPHUyFJBZn++WXpC7zV766aHPULSYGhooiBimoluT8vOJ8oFpnCA1SyAABjCCFBQDX67qaYgAAAA==[0m:flashbuilder-integration:fb-swf-fx:clean
Task ':flashbuilder-integration:fb-swf-fx:clean' has not declared any outputs, assuming that it is out-of-date.
[8mha:AAAAYB+LCAAAAAAAAABb85aBtbiIQSWjNKU4P0+vIKc0PTOvWC+9KDElJ1XPHUyFJBZn++WXpC7zV766aHPULSYGhooiBimoluT8vOJ8oFpnCA1SyAABjCCFBQDX67qaYgAAAA==[0m:intellij-integration:iml-air-as:clean
Task ':intellij-integration:iml-air-as:clean' has not declared any outputs, assuming that it is out-of-date.
[8mha:AAAAYB+LCAAAAAAAAABb85aBtbiIQSWjNKU4P0+vIKc0PTOvWC+9KDElJ1XPHUyFJBZn++WXpC7zV766aHPULSYGhooiBimoluT8vOJ8oFpnCA1SyAABjCCFBQDX67qaYgAAAA==[0m:intellij-integration:iml-air-fx:clean
Task ':intellij-integration:iml-air-fx:clean' has not declared any outputs, assuming that it is out-of-date.
[8mha:AAAAYB+LCAAAAAAAAABb85aBtbiIQSWjNKU4P0+vIKc0PTOvWC+9KDElJ1XPHUyFJBZn++WXpC7zV766aHPULSYGhooiBimoluT8vOJ8oFpnCA1SyAABjCCFBQDX67qaYgAAAA==[0m:intellij-integration:iml-mobile-android-as:clean
Task ':intellij-integration:iml-mobile-android-as:clean' has not declared any outputs, assuming that it is out-of-date.
[8mha:AAAAYB+LCAAAAAAAAABb85aBtbiIQSWjNKU4P0+vIKc0PTOvWC+9KDElJ1XPHUyFJBZn++WXpC7zV766aHPULSYGhooiBimoluT8vOJ8oFpnCA1SyAABjCCFBQDX67qaYgAAAA==[0m:intellij-integration:iml-mobile-android-fx:clean
Task ':intellij-integration:iml-mobile-android-fx:clean' has not declared any outputs, assuming that it is out-of-date.
[8mha:AAAAYB+LCAAAAAAAAABb85aBtbiIQSWjNKU4P0+vIKc0PTOvWC+9KDElJ1XPHUyFJBZn++WXpC7zV766aHPULSYGhooiBimoluT8vOJ8oFpnCA1SyAABjCCFBQDX67qaYgAAAA==[0m:intellij-integration:iml-mobile-ios-as:clean
Task ':intellij-integration:iml-mobile-ios-as:clean' has not declared any outputs, assuming that it is out-of-date.
[8mha:AAAAYB+LCAAAAAAAAABb85aBtbiIQSWjNKU4P0+vIKc0PTOvWC+9KDElJ1XPHUyFJBZn++WXpC7zV766aHPULSYGhooiBimoluT8vOJ8oFpnCA1SyAABjCCFBQDX67qaYgAAAA==[0m:intellij-integration:iml-mobile-ios-fx:clean
Task ':intellij-integration:iml-mobile-ios-fx:clean' has not declared any outputs, assuming that it is out-of-date.
[8mha:AAAAYB+LCAAAAAAAAABb85aBtbiIQSWjNKU4P0+vIKc0PTOvWC+9KDElJ1XPHUyFJBZn++WXpC7zV766aHPULSYGhooiBimoluT8vOJ8oFpnCA1SyAABjCCFBQDX67qaYgAAAA==[0m:intellij-integration:iml-swc-as:clean
Task ':intellij-integration:iml-swc-as:clean' has not declared any outputs, assuming that it is out-of-date.
[8mha:AAAAYB+LCAAAAAAAAABb85aBtbiIQSWjNKU4P0+vIKc0PTOvWC+9KDElJ1XPHUyFJBZn++WXpC7zV766aHPULSYGhooiBimoluT8vOJ8oFpnCA1SyAABjCCFBQDX67qaYgAAAA==[0m:intellij-integration:iml-swc-fx:clean
Task ':intellij-integration:iml-swc-fx:clean' has not declared any outputs, assuming that it is out-of-date.
[8mha:AAAAYB+LCAAAAAAAAABb85aBtbiIQSWjNKU4P0+vIKc0PTOvWC+9KDElJ1XPHUyFJBZn++WXpC7zV766aHPULSYGhooiBimoluT8vOJ8oFpnCA1SyAABjCCFBQDX67qaYgAAAA==[0m:intellij-integration:iml-swf-as:clean
Task ':intellij-integration:iml-swf-as:clean' has not declared any outputs, assuming that it is out-of-date.
[8mha:AAAAYB+LCAAAAAAAAABb85aBtbiIQSWjNKU4P0+vIKc0PTOvWC+9KDElJ1XPHUyFJBZn++WXpC7zV766aHPULSYGhooiBimoluT8vOJ8oFpnCA1SyAABjCCFBQDX67qaYgAAAA==[0m:intellij-integration:iml-swf-fx:clean
Task ':intellij-integration:iml-swf-fx:clean' has not declared any outputs, assuming that it is out-of-date.
[8mha:AAAAYB+LCAAAAAAAAABb85aBtbiIQSWjNKU4P0+vIKc0PTOvWC+9KDElJ1XPHUyFJBZn++WXpC7zV766aHPULSYGhooiBimoluT8vOJ8oFpnCA1SyAABjCCFBQDX67qaYgAAAA==[0m:merge-swc-packages:domain:clean
Task ':merge-swc-packages:domain:clean' has not declared any outputs, assuming that it is out-of-date.
[8mha:AAAAYB+LCAAAAAAAAABb85aBtbiIQSWjNKU4P0+vIKc0PTOvWC+9KDElJ1XPHUyFJBZn++WXpC7zV766aHPULSYGhooiBimoluT8vOJ8oFpnCA1SyAABjCCFBQDX67qaYgAAAA==[0m:merge-swc-packages:util:clean
Task ':merge-swc-packages:util:clean' has not declared any outputs, assuming that it is out-of-date.
[8mha:AAAAYB+LCAAAAAAAAABb85aBtbiIQSWjNKU4P0+vIKc0PTOvWC+9KDElJ1XPHUyFJBZn++WXpC7zV766aHPULSYGhooiBimoluT8vOJ8oFpnCA1SyAABjCCFBQDX67qaYgAAAA==[0m:multiproject-all-conventions:assets:clean
Task ':multiproject-all-conventions:assets:clean' has not declared any outputs, assuming that it is out-of-date.
[8mha:AAAAYB+LCAAAAAAAAABb85aBtbiIQSWjNKU4P0+vIKc0PTOvWC+9KDElJ1XPHUyFJBZn++WXpC7zV766aHPULSYGhooiBimoluT8vOJ8oFpnCA1SyAABjCCFBQDX67qaYgAAAA==[0m:multiproject-all-conventions:client:clean
Task ':multiproject-all-conventions:client:clean' has not declared any outputs, assuming that it is out-of-date.
[8mha:AAAAYB+LCAAAAAAAAABb85aBtbiIQSWjNKU4P0+vIKc0PTOvWC+9KDElJ1XPHUyFJBZn++WXpC7zV766aHPULSYGhooiBimoluT8vOJ8oFpnCA1SyAABjCCFBQDX67qaYgAAAA==[0m:multiproject-all-conventions:domain:clean
Task ':multiproject-all-conventions:domain:clean' has not declared any outputs, assuming that it is out-of-date.
[8mha:AAAAYB+LCAAAAAAAAABb85aBtbiIQSWjNKU4P0+vIKc0PTOvWC+9KDElJ1XPHUyFJBZn++WXpC7zV766aHPULSYGhooiBimoluT8vOJ8oFpnCA1SyAABjCCFBQDX67qaYgAAAA==[0m:multiproject-all-conventions:util:clean
Task ':multiproject-all-conventions:util:clean' has not declared any outputs, assuming that it is out-of-date.
[8mha:AAAAYB+LCAAAAAAAAABb85aBtbiIQSWjNKU4P0+vIKc0PTOvWC+9KDElJ1XPHUyFJBZn++WXpC7zV766aHPULSYGhooiBimoluT8vOJ8oFpnCA1SyAABjCCFBQDX67qaYgAAAA==[0m:multiproject-no-conventions:client:clean
Task ':multiproject-no-conventions:client:clean' has not declared any outputs, assuming that it is out-of-date.
[8mha:AAAAYB+LCAAAAAAAAABb85aBtbiIQSWjNKU4P0+vIKc0PTOvWC+9KDElJ1XPHUyFJBZn++WXpC7zV766aHPULSYGhooiBimoluT8vOJ8oFpnCA1SyAABjCCFBQDX67qaYgAAAA==[0m:multiproject-no-conventions:domain:clean
Task ':multiproject-no-conventions:domain:clean' has not declared any outputs, assuming that it is out-of-date.
[8mha:AAAAYB+LCAAAAAAAAABb85aBtbiIQSWjNKU4P0+vIKc0PTOvWC+9KDElJ1XPHUyFJBZn++WXpC7zV766aHPULSYGhooiBimoluT8vOJ8oFpnCA1SyAABjCCFBQDX67qaYgAAAA==[0m:multiproject-no-conventions:util:clean
Task ':multiproject-no-conventions:util:clean' has not declared any outputs, assuming that it is out-of-date.
[8mha:AAAAYB+LCAAAAAAAAABb85aBtbiIQSWjNKU4P0+vIKc0PTOvWC+9KDElJ1XPHUyFJBZn++WXpC7zV766aHPULSYGhooiBimoluT8vOJ8oFpnCA1SyAABjCCFBQDX67qaYgAAAA==[0m:flex-java-war:flex:swc:clean
Task ':flex-java-war:flex:swc:clean' has not declared any outputs, assuming that it is out-of-date.
[8mha:AAAAYB+LCAAAAAAAAABb85aBtbiIQSWjNKU4P0+vIKc0PTOvWC+9KDElJ1XPHUyFJBZn++WXpC7zV766aHPULSYGhooiBimoluT8vOJ8oFpnCA1SyAABjCCFBQDX67qaYgAAAA==[0m:flex-java-war:flex:swf:clean
Task ':flex-java-war:flex:swf:clean' has not declared any outputs, assuming that it is out-of-date.
[8mha:AAAAYB+LCAAAAAAAAABb85aBtbiIQSWjNKU4P0+vIKc0PTOvWC+9KDElJ1XPHUyFJBZn++WXpC7zV766aHPULSYGhooiBimoluT8vOJ8oFpnCA1SyAABjCCFBQDX67qaYgAAAA==[0m:flex-java-war:java:dto:clean
Task ':flex-java-war:java:dto:clean' has not declared any outputs, assuming that it is out-of-date.
[8mha:AAAAYB+LCAAAAAAAAABb85aBtbiIQSWjNKU4P0+vIKc0PTOvWC+9KDElJ1XPHUyFJBZn++WXpC7zV766aHPULSYGhooiBimoluT8vOJ8oFpnCA1SyAABjCCFBQDX67qaYgAAAA==[0m:flex-java-war:java:war:clean
Task ':flex-java-war:java:war:clean' has not declared any outputs, assuming that it is out-of-date.
[8mha:AAAAYB+LCAAAAAAAAABb85aBtbiIQSWjNKU4P0+vIKc0PTOvWC+9KDElJ1XPHUyFJBZn++WXpC7zV766aHPULSYGhooiBimoluT8vOJ8oFpnCA1SyAABjCCFBQDX67qaYgAAAA==[0m:air-single-project:flashbuilderClean
Task ':air-single-project:flashbuilderClean' has not declared any outputs, assuming that it is out-of-date.
Removing FlashBuilder project files
	.project
	.actionScriptProperties
	.flexProperties
[8mha:AAAAYB+LCAAAAAAAAABb85aBtbiIQSWjNKU4P0+vIKc0PTOvWC+9KDElJ1XPHUyFJBZn++WXpC7zV766aHPULSYGhooiBimoluT8vOJ8oFpnCA1SyAABjCCFBQDX67qaYgAAAA==[0m:flashbuilder-integration:fb-air-fx:flashbuilderClean
Task ':flashbuilder-integration:fb-air-fx:flashbuilderClean' has not declared any outputs, assuming that it is out-of-date.
Removing FlashBuilder project files
	.project
	.actionScriptProperties
	.flexProperties
	src
[8mha:AAAAYB+LCAAAAAAAAABb85aBtbiIQSWjNKU4P0+vIKc0PTOvWC+9KDElJ1XPHUyFJBZn++WXpC7zV766aHPULSYGhooiBimoluT8vOJ8oFpnCA1SyAABjCCFBQDX67qaYgAAAA==[0m:flashbuilder-integration:fb-mobile-as:flashbuilderClean
Task ':flashbuilder-integration:fb-mobile-as:flashbuilderClean' has not declared any outputs, assuming that it is out-of-date.
Removing FlashBuilder project files
	.project
	.actionScriptProperties
	src
[8mha:AAAAYB+LCAAAAAAAAABb85aBtbiIQSWjNKU4P0+vIKc0PTOvWC+9KDElJ1XPHUyFJBZn++WXpC7zV766aHPULSYGhooiBimoluT8vOJ8oFpnCA1SyAABjCCFBQDX67qaYgAAAA==[0m:flashbuilder-integration:fb-mobile-fx:flashbuilderClean
Task ':flashbuilder-integration:fb-mobile-fx:flashbuilderClean' has not declared any outputs, assuming that it is out-of-date.
Removing FlashBuilder project files
	.project
	.actionScriptProperties
	.flexProperties
	src
[8mha:AAAAYB+LCAAAAAAAAABb85aBtbiIQSWjNKU4P0+vIKc0PTOvWC+9KDElJ1XPHUyFJBZn++WXpC7zV766aHPULSYGhooiBimoluT8vOJ8oFpnCA1SyAABjCCFBQDX67qaYgAAAA==[0m:flashbuilder-integration:fb-swc-as:flashbuilderClean
Task ':flashbuilder-integration:fb-swc-as:flashbuilderClean' has not declared any outputs, assuming that it is out-of-date.
Removing FlashBuilder project files
	.project
	.actionScriptProperties
	.flexLibProperties
	src
	doc
[8mha:AAAAYB+LCAAAAAAAAABb85aBtbiIQSWjNKU4P0+vIKc0PTOvWC+9KDElJ1XPHUyFJBZn++WXpC7zV766aHPULSYGhooiBimoluT8vOJ8oFpnCA1SyAABjCCFBQDX67qaYgAAAA==[0m:flashbuilder-integration:fb-swc-fx:flashbuilderClean
Task ':flashbuilder-integration:fb-swc-fx:flashbuilderClean' has not declared any outputs, assuming that it is out-of-date.
Removing FlashBuilder project files
	.project
	.actionScriptProperties
	.flexLibProperties
	src
	doc
[8mha:AAAAYB+LCAAAAAAAAABb85aBtbiIQSWjNKU4P0+vIKc0PTOvWC+9KDElJ1XPHUyFJBZn++WXpC7zV766aHPULSYGhooiBimoluT8vOJ8oFpnCA1SyAABjCCFBQDX67qaYgAAAA==[0m:flashbuilder-integration:fb-swf-as:flashbuilderClean
Task ':flashbuilder-integration:fb-swf-as:flashbuilderClean' has not declared any outputs, assuming that it is out-of-date.
Removing FlashBuilder project files
	.project
	.actionScriptProperties
	src
[8mha:AAAAYB+LCAAAAAAAAABb85aBtbiIQSWjNKU4P0+vIKc0PTOvWC+9KDElJ1XPHUyFJBZn++WXpC7zV766aHPULSYGhooiBimoluT8vOJ8oFpnCA1SyAABjCCFBQDX67qaYgAAAA==[0m:flashbuilder-integration:fb-swf-fx:flashbuilderClean
Task ':flashbuilder-integration:fb-swf-fx:flashbuilderClean' has not declared any outputs, assuming that it is out-of-date.
Removing FlashBuilder project files
	.project
	.actionScriptProperties
	.flexProperties
	src
[8mha:AAAAYB+LCAAAAAAAAABb85aBtbiIQSWjNKU4P0+vIKc0PTOvWC+9KDElJ1XPHUyFJBZn++WXpC7zV766aHPULSYGhooiBimoluT8vOJ8oFpnCA1SyAABjCCFBQDX67qaYgAAAA==[0m:multiproject-no-conventions:client:flashbuilderClean
Task ':multiproject-no-conventions:client:flashbuilderClean' has not declared any outputs, assuming that it is out-of-date.
Removing FlashBuilder project files
	.project
	.actionScriptProperties
	.flexProperties
[8mha:AAAAYB+LCAAAAAAAAABb85aBtbiIQSWjNKU4P0+vIKc0PTOvWC+9KDElJ1XPHUyFJBZn++WXpC7zV766aHPULSYGhooiBimoluT8vOJ8oFpnCA1SyAABjCCFBQDX67qaYgAAAA==[0m:multiproject-no-conventions:domain:flashbuilderClean
Task ':multiproject-no-conventions:domain:flashbuilderClean' has not declared any outputs, assuming that it is out-of-date.
Removing FlashBuilder project files
	.project
	.actionScriptProperties
	.flexLibProperties
[8mha:AAAAYB+LCAAAAAAAAABb85aBtbiIQSWjNKU4P0+vIKc0PTOvWC+9KDElJ1XPHUyFJBZn++WXpC7zV766aHPULSYGhooiBimoluT8vOJ8oFpnCA1SyAABjCCFBQDX67qaYgAAAA==[0m:multiproject-no-conventions:util:flashbuilderClean
Task ':multiproject-no-conventions:util:flashbuilderClean' has not declared any outputs, assuming that it is out-of-date.
Removing FlashBuilder project files
	.project
	.actionScriptProperties
	.flexLibProperties
[8mha:AAAAYB+LCAAAAAAAAABb85aBtbiIQSWjNKU4P0+vIKc0PTOvWC+9KDElJ1XPHUyFJBZn++WXpC7zV766aHPULSYGhooiBimoluT8vOJ8oFpnCA1SyAABjCCFBQDX67qaYgAAAA==[0m:intellij-integration:iml-air-as:ideaClean
Task ':intellij-integration:iml-air-as:ideaClean' has not declared any outputs, assuming that it is out-of-date.
Removing IntelliJ Idea project files
	iml-air-as.iml
	src
[8mha:AAAAYB+LCAAAAAAAAABb85aBtbiIQSWjNKU4P0+vIKc0PTOvWC+9KDElJ1XPHUyFJBZn++WXpC7zV766aHPULSYGhooiBimoluT8vOJ8oFpnCA1SyAABjCCFBQDX67qaYgAAAA==[0m:intellij-integration:iml-air-fx:ideaClean
Task ':intellij-integration:iml-air-fx:ideaClean' has not declared any outputs, assuming that it is out-of-date.
Removing IntelliJ Idea project files
	iml-air-fx.iml
	src
[8mha:AAAAYB+LCAAAAAAAAABb85aBtbiIQSWjNKU4P0+vIKc0PTOvWC+9KDElJ1XPHUyFJBZn++WXpC7zV766aHPULSYGhooiBimoluT8vOJ8oFpnCA1SyAABjCCFBQDX67qaYgAAAA==[0m:intellij-integration:iml-mobile-android-as:ideaClean
Task ':intellij-integration:iml-mobile-android-as:ideaClean' has not declared any outputs, assuming that it is out-of-date.
Removing IntelliJ Idea project files
	iml-mobile-android-as.iml
	src
[8mha:AAAAYB+LCAAAAAAAAABb85aBtbiIQSWjNKU4P0+vIKc0PTOvWC+9KDElJ1XPHUyFJBZn++WXpC7zV766aHPULSYGhooiBimoluT8vOJ8oFpnCA1SyAABjCCFBQDX67qaYgAAAA==[0m:intellij-integration:iml-mobile-android-fx:ideaClean
Task ':intellij-integration:iml-mobile-android-fx:ideaClean' has not declared any outputs, assuming that it is out-of-date.
Removing IntelliJ Idea project files
	iml-mobile-android-fx.iml
	src
[8mha:AAAAYB+LCAAAAAAAAABb85aBtbiIQSWjNKU4P0+vIKc0PTOvWC+9KDElJ1XPHUyFJBZn++WXpC7zV766aHPULSYGhooiBimoluT8vOJ8oFpnCA1SyAABjCCFBQDX67qaYgAAAA==[0m:intellij-integration:iml-mobile-ios-as:ideaClean
Task ':intellij-integration:iml-mobile-ios-as:ideaClean' has not declared any outputs, assuming that it is out-of-date.
Removing IntelliJ Idea project files
	iml-mobile-ios-as.iml
	src
[8mha:AAAAYB+LCAAAAAAAAABb85aBtbiIQSWjNKU4P0+vIKc0PTOvWC+9KDElJ1XPHUyFJBZn++WXpC7zV766aHPULSYGhooiBimoluT8vOJ8oFpnCA1SyAABjCCFBQDX67qaYgAAAA==[0m:intellij-integration:iml-mobile-ios-fx:ideaClean
Task ':intellij-integration:iml-mobile-ios-fx:ideaClean' has not declared any outputs, assuming that it is out-of-date.
Removing IntelliJ Idea project files
	iml-mobile-ios-fx.iml
	src
[8mha:AAAAYB+LCAAAAAAAAABb85aBtbiIQSWjNKU4P0+vIKc0PTOvWC+9KDElJ1XPHUyFJBZn++WXpC7zV766aHPULSYGhooiBimoluT8vOJ8oFpnCA1SyAABjCCFBQDX67qaYgAAAA==[0m:intellij-integration:iml-swc-as:ideaClean
Task ':intellij-integration:iml-swc-as:ideaClean' has not declared any outputs, assuming that it is out-of-date.
Removing IntelliJ Idea project files
	iml-swc-as.iml
	src
	doc
[8mha:AAAAYB+LCAAAAAAAAABb85aBtbiIQSWjNKU4P0+vIKc0PTOvWC+9KDElJ1XPHUyFJBZn++WXpC7zV766aHPULSYGhooiBimoluT8vOJ8oFpnCA1SyAABjCCFBQDX67qaYgAAAA==[0m:intellij-integration:iml-swc-fx:ideaClean
Task ':intellij-integration:iml-swc-fx:ideaClean' has not declared any outputs, assuming that it is out-of-date.
Removing IntelliJ Idea project files
	iml-swc-fx.iml
	src
	doc
[8mha:AAAAYB+LCAAAAAAAAABb85aBtbiIQSWjNKU4P0+vIKc0PTOvWC+9KDElJ1XPHUyFJBZn++WXpC7zV766aHPULSYGhooiBimoluT8vOJ8oFpnCA1SyAABjCCFBQDX67qaYgAAAA==[0m:intellij-integration:iml-swf-as:ideaClean
Task ':intellij-integration:iml-swf-as:ideaClean' has not declared any outputs, assuming that it is out-of-date.
Removing IntelliJ Idea project files
	iml-swf-as.iml
	src
[8mha:AAAAYB+LCAAAAAAAAABb85aBtbiIQSWjNKU4P0+vIKc0PTOvWC+9KDElJ1XPHUyFJBZn++WXpC7zV766aHPULSYGhooiBimoluT8vOJ8oFpnCA1SyAABjCCFBQDX67qaYgAAAA==[0m:intellij-integration:iml-swf-fx:ideaClean
Task ':intellij-integration:iml-swf-fx:ideaClean' has not declared any outputs, assuming that it is out-of-date.
Removing IntelliJ Idea project files
	iml-swf-fx.iml
	src
[8mha:AAAAYB+LCAAAAAAAAABb85aBtbiIQSWjNKU4P0+vIKc0PTOvWC+9KDElJ1XPHUyFJBZn++WXpC7zV766aHPULSYGhooiBimoluT8vOJ8oFpnCA1SyAABjCCFBQDX67qaYgAAAA==[0m:air-single-project:scaffold
Task ':air-single-project:scaffold' has not declared any outputs, assuming that it is out-of-date.
Creating directory structure
	src/main/actionscript
	src/main/resources
	src/test/actionscript
	src/test/resources
Main class already exists
	src/main/actionscript/Main.mxml
[8mha:AAAAYB+LCAAAAAAAAABb85aBtbiIQSWjNKU4P0+vIKc0PTOvWC+9KDElJ1XPHUyFJBZn++WXpC7zV766aHPULSYGhooiBimoluT8vOJ8oFpnCA1SyAABjCCFBQDX67qaYgAAAA==[0m:flashbuilder-integration:fb-air-fx:scaffold
Task ':flashbuilder-integration:fb-air-fx:scaffold' has not declared any outputs, assuming that it is out-of-date.
Creating directory structure
	src/main/actionscript
	src/main/resources
	src/test/actionscript
	src/test/resources
Creating main class and application descriptor
	src/main/actionscript/app-descriptor.xml
	src/main/actionscript/Main.mxml
[8mha:AAAAYB+LCAAAAAAAAABb85aBtbiIQSWjNKU4P0+vIKc0PTOvWC+9KDElJ1XPHUyFJBZn++WXpC7zV766aHPULSYGhooiBimoluT8vOJ8oFpnCA1SyAABjCCFBQDX67qaYgAAAA==[0m:flashbuilder-integration:fb-mobile-as:scaffold
Task ':flashbuilder-integration:fb-mobile-as:scaffold' has not declared any outputs, assuming that it is out-of-date.
Creating directory structure
	src/main/actionscript
	src/main/resources
	src/test/actionscript
	src/test/resources
Creating main class and application descriptor
	src/main/actionscript/app-descriptor.xml
	src/main/actionscript/Main.as
[8mha:AAAAYB+LCAAAAAAAAABb85aBtbiIQSWjNKU4P0+vIKc0PTOvWC+9KDElJ1XPHUyFJBZn++WXpC7zV766aHPULSYGhooiBimoluT8vOJ8oFpnCA1SyAABjCCFBQDX67qaYgAAAA==[0m:flashbuilder-integration:fb-mobile-fx:scaffold
Task ':flashbuilder-integration:fb-mobile-fx:scaffold' has not declared any outputs, assuming that it is out-of-date.
Creating directory structure
	src/main/actionscript
	src/main/resources
	src/test/actionscript
	src/test/resources
Creating main class and application descriptor
	src/main/actionscript/app-descriptor.xml
	src/main/actionscript/Main.mxml
[8mha:AAAAYB+LCAAAAAAAAABb85aBtbiIQSWjNKU4P0+vIKc0PTOvWC+9KDElJ1XPHUyFJBZn++WXpC7zV766aHPULSYGhooiBimoluT8vOJ8oFpnCA1SyAABjCCFBQDX67qaYgAAAA==[0m:flashbuilder-integration:fb-swc-as:scaffold
Task ':flashbuilder-integration:fb-swc-as:scaffold' has not declared any outputs, assuming that it is out-of-date.
Creating directory structure
	src/main/actionscript
	src/main/resources
	src/test/actionscript
	src/test/resources
[8mha:AAAAYB+LCAAAAAAAAABb85aBtbiIQSWjNKU4P0+vIKc0PTOvWC+9KDElJ1XPHUyFJBZn++WXpC7zV766aHPULSYGhooiBimoluT8vOJ8oFpnCA1SyAABjCCFBQDX67qaYgAAAA==[0m:flashbuilder-integration:fb-swc-fx:scaffold
Task ':flashbuilder-integration:fb-swc-fx:scaffold' has not declared any outputs, assuming that it is out-of-date.
Creating directory structure
	src/main/actionscript
	src/main/resources
	src/test/actionscript
	src/test/resources
[8mha:AAAAYB+LCAAAAAAAAABb85aBtbiIQSWjNKU4P0+vIKc0PTOvWC+9KDElJ1XPHUyFJBZn++WXpC7zV766aHPULSYGhooiBimoluT8vOJ8oFpnCA1SyAABjCCFBQDX67qaYgAAAA==[0m:flashbuilder-integration:fb-swf-as:scaffold
Task ':flashbuilder-integration:fb-swf-as:scaffold' has not declared any outputs, assuming that it is out-of-date.
Creating directory structure
	src/main/actionscript
	src/main/resources
	src/test/actionscript
	src/test/resources
	src/main/locale/nl_BE
	src/main/locale/fr_BE
Creating main class
	src/main/actionscript/Main.as
[8mha:AAAAYB+LCAAAAAAAAABb85aBtbiIQSWjNKU4P0+vIKc0PTOvWC+9KDElJ1XPHUyFJBZn++WXpC7zV766aHPULSYGhooiBimoluT8vOJ8oFpnCA1SyAABjCCFBQDX67qaYgAAAA==[0m:flashbuilder-integration:fb-swf-fx:scaffold
Task ':flashbuilder-integration:fb-swf-fx:scaffold' has not declared any outputs, assuming that it is out-of-date.
Creating directory structure
	src/main/actionscript
	src/main/resources
	src/test/actionscript
	src/test/resources
	src/main/locale/en_US
Creating main class
	src/main/actionscript/org/gradlefx/Main.mxml
[8mha:AAAAYB+LCAAAAAAAAABb85aBtbiIQSWjNKU4P0+vIKc0PTOvWC+9KDElJ1XPHUyFJBZn++WXpC7zV766aHPULSYGhooiBimoluT8vOJ8oFpnCA1SyAABjCCFBQDX67qaYgAAAA==[0m:intellij-integration:iml-air-as:scaffold
Task ':intellij-integration:iml-air-as:scaffold' has not declared any outputs, assuming that it is out-of-date.
Creating directory structure
	src/main/actionscript
	src/main/resources
	src/test/actionscript
	src/test/resources
Creating main class and application descriptor
	src/main/actionscript/Main-app.xml
	src/main/actionscript/Main.as
[8mha:AAAAYB+LCAAAAAAAAABb85aBtbiIQSWjNKU4P0+vIKc0PTOvWC+9KDElJ1XPHUyFJBZn++WXpC7zV766aHPULSYGhooiBimoluT8vOJ8oFpnCA1SyAABjCCFBQDX67qaYgAAAA==[0m:intellij-integration:iml-air-fx:scaffold
Task ':intellij-integration:iml-air-fx:scaffold' has not declared any outputs, assuming that it is out-of-date.
Creating directory structure
	src/main/actionscript
	src/main/resources
	src/test/actionscript
	src/test/resources
Creating main class and application descriptor
	src/main/actionscript/Main-app.xml
	src/main/actionscript/Main.mxml
[8mha:AAAAYB+LCAAAAAAAAABb85aBtbiIQSWjNKU4P0+vIKc0PTOvWC+9KDElJ1XPHUyFJBZn++WXpC7zV766aHPULSYGhooiBimoluT8vOJ8oFpnCA1SyAABjCCFBQDX67qaYgAAAA==[0m:intellij-integration:iml-mobile-android-as:scaffold
Task ':intellij-integration:iml-mobile-android-as:scaffold' has not declared any outputs, assuming that it is out-of-date.
Creating directory structure
	src/main/actionscript
	src/main/resources
	src/test/actionscript
	src/test/resources
Creating main class and application descriptor
	src/main/actionscript/MainTestApp-app.xml
	src/main/actionscript/MainTestApp.as
[8mha:AAAAYB+LCAAAAAAAAABb85aBtbiIQSWjNKU4P0+vIKc0PTOvWC+9KDElJ1XPHUyFJBZn++WXpC7zV766aHPULSYGhooiBimoluT8vOJ8oFpnCA1SyAABjCCFBQDX67qaYgAAAA==[0m:intellij-integration:iml-mobile-android-fx:scaffold
Task ':intellij-integration:iml-mobile-android-fx:scaffold' has not declared any outputs, assuming that it is out-of-date.
Creating directory structure
	src/main/actionscript
	src/main/resources
	src/test/actionscript
	src/test/resources
Creating main class and application descriptor
	src/main/actionscript/MainTestApp-app.xml
	src/main/actionscript/MainTestApp.mxml
[8mha:AAAAYB+LCAAAAAAAAABb85aBtbiIQSWjNKU4P0+vIKc0PTOvWC+9KDElJ1XPHUyFJBZn++WXpC7zV766aHPULSYGhooiBimoluT8vOJ8oFpnCA1SyAABjCCFBQDX67qaYgAAAA==[0m:intellij-integration:iml-mobile-ios-as:scaffold
Task ':intellij-integration:iml-mobile-ios-as:scaffold' has not declared any outputs, assuming that it is out-of-date.
Creating directory structure
	src/main/actionscript
	src/main/resources
	src/test/actionscript
	src/test/resources
Creating main class and application descriptor
	src/main/actionscript/MainTestApp-app.xml
	src/main/actionscript/MainTestApp.as
[8mha:AAAAYB+LCAAAAAAAAABb85aBtbiIQSWjNKU4P0+vIKc0PTOvWC+9KDElJ1XPHUyFJBZn++WXpC7zV766aHPULSYGhooiBimoluT8vOJ8oFpnCA1SyAABjCCFBQDX67qaYgAAAA==[0m:intellij-integration:iml-mobile-ios-fx:scaffold
Task ':intellij-integration:iml-mobile-ios-fx:scaffold' has not declared any outputs, assuming that it is out-of-date.
Creating directory structure
	src/main/actionscript
	src/main/resources
	src/test/actionscript
	src/test/resources
Creating main class and application descriptor
	src/main/actionscript/MainTestApp-app.xml
	src/main/actionscript/MainTestApp.mxml
[8mha:AAAAYB+LCAAAAAAAAABb85aBtbiIQSWjNKU4P0+vIKc0PTOvWC+9KDElJ1XPHUyFJBZn++WXpC7zV766aHPULSYGhooiBimoluT8vOJ8oFpnCA1SyAABjCCFBQDX67qaYgAAAA==[0m:intellij-integration:iml-swc-as:scaffold
Task ':intellij-integration:iml-swc-as:scaffold' has not declared any outputs, assuming that it is out-of-date.
Creating directory structure
	src/main/actionscript
	src/main/resources
	src/test/actionscript
	src/test/resources
[8mha:AAAAYB+LCAAAAAAAAABb85aBtbiIQSWjNKU4P0+vIKc0PTOvWC+9KDElJ1XPHUyFJBZn++WXpC7zV766aHPULSYGhooiBimoluT8vOJ8oFpnCA1SyAABjCCFBQDX67qaYgAAAA==[0m:intellij-integration:iml-swc-fx:scaffold
Task ':intellij-integration:iml-swc-fx:scaffold' has not declared any outputs, assuming that it is out-of-date.
Creating directory structure
	src/main/actionscript
	src/main/resources
	src/test/actionscript
	src/test/resources
[8mha:AAAAYB+LCAAAAAAAAABb85aBtbiIQSWjNKU4P0+vIKc0PTOvWC+9KDElJ1XPHUyFJBZn++WXpC7zV766aHPULSYGhooiBimoluT8vOJ8oFpnCA1SyAABjCCFBQDX67qaYgAAAA==[0m:intellij-integration:iml-swf-as:scaffold
Task ':intellij-integration:iml-swf-as:scaffold' has not declared any outputs, assuming that it is out-of-date.
Creating directory structure
	src/main/actionscript
	src/main/resources
	src/test/actionscript
	src/test/resources
Creating main class
	src/main/actionscript/org/gradlefx/MainTestApp.as
[8mha:AAAAYB+LCAAAAAAAAABb85aBtbiIQSWjNKU4P0+vIKc0PTOvWC+9KDElJ1XPHUyFJBZn++WXpC7zV766aHPULSYGhooiBimoluT8vOJ8oFpnCA1SyAABjCCFBQDX67qaYgAAAA==[0m:intellij-integration:iml-swf-fx:scaffold
Task ':intellij-integration:iml-swf-fx:scaffold' has not declared any outputs, assuming that it is out-of-date.
Creating directory structure
	src/main/actionscript
	src/main/resources
	src/test/actionscript
	src/test/resources
Creating main class
	src/main/actionscript/org/gradlefx/MainTestApp.mxml
[8mha:AAAAYB+LCAAAAAAAAABb85aBtbiIQSWjNKU4P0+vIKc0PTOvWC+9KDElJ1XPHUyFJBZn++WXpC7zV766aHPULSYGhooiBimoluT8vOJ8oFpnCA1SyAABjCCFBQDX67qaYgAAAA==[0m:multiproject-no-conventions:client:scaffold
Task ':multiproject-no-conventions:client:scaffold' has not declared any outputs, assuming that it is out-of-date.
Creating directory structure
	src/main/flex
	src/main/flexresources
	src/test/actionscript
	src/test/resources
	src/main/locales/en_US
Main class already exists
	src/main/flex/org/gradlefx/MyProgram.mxml
[8mha:AAAAYB+LCAAAAAAAAABb85aBtbiIQSWjNKU4P0+vIKc0PTOvWC+9KDElJ1XPHUyFJBZn++WXpC7zV766aHPULSYGhooiBimoluT8vOJ8oFpnCA1SyAABjCCFBQDX67qaYgAAAA==[0m:multiproject-no-conventions:domain:scaffold
Task ':multiproject-no-conventions:domain:scaffold' has not declared any outputs, assuming that it is out-of-date.
Creating directory structure
	src/main/as
	src/main/asresources
	src/test/actionscript
	src/test/resources
[8mha:AAAAYB+LCAAAAAAAAABb85aBtbiIQSWjNKU4P0+vIKc0PTOvWC+9KDElJ1XPHUyFJBZn++WXpC7zV766aHPULSYGhooiBimoluT8vOJ8oFpnCA1SyAABjCCFBQDX67qaYgAAAA==[0m:multiproject-no-conventions:util:scaffold
Task ':multiproject-no-conventions:util:scaffold' has not declared any outputs, assuming that it is out-of-date.
Creating directory structure
	src/main/as
	src/main/asresources
	src/test/actionscript
	src/test/resources
[8mha:AAAAYB+LCAAAAAAAAABb85aBtbiIQSWjNKU4P0+vIKc0PTOvWC+9KDElJ1XPHUyFJBZn++WXpC7zV766aHPULSYGhooiBimoluT8vOJ8oFpnCA1SyAABjCCFBQDX67qaYgAAAA==[0m:actionscript-only-project:copytestresources
Task ':actionscript-only-project:copytestresources' has not declared any outputs, assuming that it is out-of-date.
from /var/lib/jenkins/workspace/GradleFx Testbed Build/actionscript-only-project/src/test/resources to /var/lib/jenkins/workspace/GradleFx Testbed Build/actionscript-only-project/build/reports
[8mha:AAAAYB+LCAAAAAAAAABb85aBtbiIQSWjNKU4P0+vIKc0PTOvWC+9KDElJ1XPHUyFJBZn++WXpC7zV766aHPULSYGhooiBimoluT8vOJ8oFpnCA1SyAABjCCFBQDX67qaYgAAAA==[0m:actionscript-only-project:test
Task ':actionscript-only-project:test' has not declared any outputs, assuming that it is out-of-date.
Skipping tests since no tests exist
[8mha:AAAAYB+LCAAAAAAAAABb85aBtbiIQSWjNKU4P0+vIKc0PTOvWC+9KDElJ1XPHUyFJBZn++WXpC7zV766aHPULSYGhooiBimoluT8vOJ8oFpnCA1SyAABjCCFBQDX67qaYgAAAA==[0m:air-single-project:copytestresources
Task ':air-single-project:copytestresources' has not declared any outputs, assuming that it is out-of-date.
from /var/lib/jenkins/workspace/GradleFx Testbed Build/air-single-project/src/test/resources to /var/lib/jenkins/workspace/GradleFx Testbed Build/air-single-project/build/reports
[8mha:AAAAYB+LCAAAAAAAAABb85aBtbiIQSWjNKU4P0+vIKc0PTOvWC+9KDElJ1XPHUyFJBZn++WXpC7zV766aHPULSYGhooiBimoluT8vOJ8oFpnCA1SyAABjCCFBQDX67qaYgAAAA==[0m:air-single-project:test
Task ':air-single-project:test' has not declared any outputs, assuming that it is out-of-date.
test main class file: /var/lib/jenkins/workspace/GradleFx Testbed Build/air-single-project/build/reports/FlexUnitRunner.mxml
Compiling with mxmlc
	+configname=air
	-source-path+=/var/lib/jenkins/workspace/GradleFx Testbed Build/air-single-project/src/main/actionscript
	-source-path+=/var/lib/jenkins/workspace/GradleFx Testbed Build/air-single-project/src/test/actionscript
	-library-path+=/var/lib/jenkins/.gradle/caches/artifacts-24/filestore/org.as3commons/as3commons-lang/0.3.2/swc/727bc6546e79c3bb63ccc939b7ebefa1a1ae03c6/as3commons-lang-0.3.2.swc
	-output=/var/lib/jenkins/workspace/GradleFx Testbed Build/air-single-project/build/reports/TestRunner.swf
	/var/lib/jenkins/workspace/GradleFx Testbed Build/air-single-project/build/reports/FlexUnitRunner.mxml
	-library-path+=/var/lib/jenkins/dependencies/flexunit/flexunit-4.1.0-8-flex_4.1.0.16076.swc
	-library-path+=/var/lib/jenkins/dependencies/flexunit/flexunit-cilistener-4.1.0-8-4.1.0.16076.swc
	-library-path+=/var/lib/jenkins/dependencies/flexunit/flexunit-uilistener-4.1.0-8-4.1.0.16076.swc
	-library-path+=/var/lib/jenkins/.gradle/caches/artifacts-24/filestore/org.hamcrest/hamcrest-as3/1.1/swc/87773cab5ece2719d208df07497884a040dd12c3/hamcrest-as3-1.1.swc
[mxmlc] Loading configuration file /var/lib/jenkins/.gradle/gradleFx/sdks/e9231c6b8603e063b49cf4b5647ed773aacdb659/frameworks/air-config.xml
/var/lib/jenkins/workspace/GradleFx Testbed Build/air-single-project/build/reports/TestRunner.swf (709545 bytes)
[ant:flexunit] 
[ant:flexunit] Suite: org.gradlefx.airsingleproject.AirTest
[ant:flexunit] Tests run: 1, Failures: 0, Errors: 0, Skipped: 0, Time elapsed: 0.027 sec
[ant:flexunit] 
[ant:flexunit] Results :
[ant:flexunit] 
[ant:flexunit] Tests run: 1, Failures: 0, Errors: 0, Skipped: 0, Time elapsed: 0.027 sec
[ant:flexunit] 
[8mha:AAAAYB+LCAAAAAAAAABb85aBtbiIQSWjNKU4P0+vIKc0PTOvWC+9KDElJ1XPHUyFJBZn++WXpC7zV766aHPULSYGhooiBimoluT8vOJ8oFpnCA1SyAABjCCFBQDX67qaYgAAAA==[0m:flexunit-single-project:copytestresources
Task ':flexunit-single-project:copytestresources' has not declared any outputs, assuming that it is out-of-date.
from /var/lib/jenkins/workspace/GradleFx Testbed Build/flexunit-single-project/src/test/resources to /var/lib/jenkins/workspace/GradleFx Testbed Build/flexunit-single-project/build/reports
[8mha:AAAAYB+LCAAAAAAAAABb85aBtbiIQSWjNKU4P0+vIKc0PTOvWC+9KDElJ1XPHUyFJBZn++WXpC7zV766aHPULSYGhooiBimoluT8vOJ8oFpnCA1SyAABjCCFBQDX67qaYgAAAA==[0m:flexunit-single-project:test
Task ':flexunit-single-project:test' has not declared any outputs, assuming that it is out-of-date.
test main class file: /var/lib/jenkins/workspace/GradleFx Testbed Build/flexunit-single-project/build/reports/FlexUnitRunner.mxml
Compiling with mxmlc
	+configname=flex
	-source-path+=/var/lib/jenkins/workspace/GradleFx Testbed Build/flexunit-single-project/src/main/actionscript
	-source-path+=/var/lib/jenkins/workspace/GradleFx Testbed Build/flexunit-single-project/src/test/actionscript
	-incremental=true
	-output=/var/lib/jenkins/workspace/GradleFx Testbed Build/flexunit-single-project/build/reports/TestRunner.swf
	/var/lib/jenkins/workspace/GradleFx Testbed Build/flexunit-single-project/build/reports/FlexUnitRunner.mxml
	-library-path+=/var/lib/jenkins/dependencies/flexunit/flexunit-4.1.0-8-flex_4.1.0.16076.swc
	-library-path+=/var/lib/jenkins/dependencies/flexunit/flexunit-cilistener-4.1.0-8-4.1.0.16076.swc
	-library-path+=/var/lib/jenkins/dependencies/flexunit/flexunit-uilistener-4.1.0-8-4.1.0.16076.swc
	-library-path+=/var/lib/jenkins/.gradle/caches/artifacts-24/filestore/org.hamcrest/hamcrest-as3/1.1/swc/87773cab5ece2719d208df07497884a040dd12c3/hamcrest-as3-1.1.swc
[mxmlc] Loading configuration file /var/lib/jenkins/dependencies/sdks/Flex4.6/frameworks/flex-config.xml
Required RSLs:
    http://fpdownload.adobe.com/pub/swz/flex/4.6.0.23201/framework_4.6.0.23201.swz with 1 failover.
    http://fpdownload.adobe.com/pub/swz/tlf/2.0.0.232/textLayout_2.0.0.232.swz with 1 failover.
    http://fpdownload.adobe.com/pub/swz/flex/4.6.0.23201/spark_4.6.0.23201.swz with 1 failover.
    http://fpdownload.adobe.com/pub/swz/flex/4.6.0.23201/sparkskins_4.6.0.23201.swz with 1 failover.
    http://fpdownload.adobe.com/pub/swz/flex/4.6.0.23201/mx_4.6.0.23201.swz with 1 failover.
/var/lib/jenkins/workspace/GradleFx Testbed Build/flexunit-single-project/build/reports/TestRunner.swf (313758 bytes)
[ant:flexunit] 
[ant:flexunit] Suite: org.gradlefx.flexunitexample.Calculator2Test
[ant:flexunit] Tests run: 1, Failures: 0, Errors: 0, Skipped: 0, Time elapsed: 0.000 sec
[ant:flexunit] Suite: org.gradlefx.flexunitexample.CalculatorTest
[ant:flexunit] Tests run: 1, Failures: 0, Errors: 0, Skipped: 0, Time elapsed: 0.022 sec
[ant:flexunit] 
[ant:flexunit] Results :
[ant:flexunit] 
[ant:flexunit] Tests run: 2, Failures: 0, Errors: 0, Skipped: 0, Time elapsed: 0.022 sec
[ant:flexunit] 
[8mha:AAAAYB+LCAAAAAAAAABb85aBtbiIQSWjNKU4P0+vIKc0PTOvWC+9KDElJ1XPHUyFJBZn++WXpC7zV766aHPULSYGhooiBimoluT8vOJ8oFpnCA1SyAABjCCFBQDX67qaYgAAAA==[0m:merge-swc-packages:copytestresources
Task ':merge-swc-packages:copytestresources' has not declared any outputs, assuming that it is out-of-date.
from /var/lib/jenkins/workspace/GradleFx Testbed Build/merge-swc-packages/src/test/resources to /var/lib/jenkins/workspace/GradleFx Testbed Build/merge-swc-packages/build/reports
[8mha:AAAAYB+LCAAAAAAAAABb85aBtbiIQSWjNKU4P0+vIKc0PTOvWC+9KDElJ1XPHUyFJBZn++WXpC7zV766aHPULSYGhooiBimoluT8vOJ8oFpnCA1SyAABjCCFBQDX67qaYgAAAA==[0m:merge-swc-packages:test
Task ':merge-swc-packages:test' has not declared any outputs, assuming that it is out-of-date.
Skipping tests since no tests exist
[8mha:AAAAYB+LCAAAAAAAAABb85aBtbiIQSWjNKU4P0+vIKc0PTOvWC+9KDElJ1XPHUyFJBZn++WXpC7zV766aHPULSYGhooiBimoluT8vOJ8oFpnCA1SyAABjCCFBQDX67qaYgAAAA==[0m:flashbuilder-integration:fb-air-fx:copytestresources
Task ':flashbuilder-integration:fb-air-fx:copytestresources' has not declared any outputs, assuming that it is out-of-date.
from /var/lib/jenkins/workspace/GradleFx Testbed Build/flashbuilder-integration/fb-air-fx/src/test/resources to /var/lib/jenkins/workspace/GradleFx Testbed Build/flashbuilder-integration/fb-air-fx/build/reports
[8mha:AAAAYB+LCAAAAAAAAABb85aBtbiIQSWjNKU4P0+vIKc0PTOvWC+9KDElJ1XPHUyFJBZn++WXpC7zV766aHPULSYGhooiBimoluT8vOJ8oFpnCA1SyAABjCCFBQDX67qaYgAAAA==[0m:flashbuilder-integration:fb-air-fx:test
Task ':flashbuilder-integration:fb-air-fx:test' has not declared any outputs, assuming that it is out-of-date.
Skipping tests since no tests exist
[8mha:AAAAYB+LCAAAAAAAAABb85aBtbiIQSWjNKU4P0+vIKc0PTOvWC+9KDElJ1XPHUyFJBZn++WXpC7zV766aHPULSYGhooiBimoluT8vOJ8oFpnCA1SyAABjCCFBQDX67qaYgAAAA==[0m:flashbuilder-integration:fb-mobile-as:copytestresources
Task ':flashbuilder-integration:fb-mobile-as:copytestresources' has not declared any outputs, assuming that it is out-of-date.
from /var/lib/jenkins/workspace/GradleFx Testbed Build/flashbuilder-integration/fb-mobile-as/src/test/resources to /var/lib/jenkins/workspace/GradleFx Testbed Build/flashbuilder-integration/fb-mobile-as/build/reports
[8mha:AAAAYB+LCAAAAAAAAABb85aBtbiIQSWjNKU4P0+vIKc0PTOvWC+9KDElJ1XPHUyFJBZn++WXpC7zV766aHPULSYGhooiBimoluT8vOJ8oFpnCA1SyAABjCCFBQDX67qaYgAAAA==[0m:flashbuilder-integration:fb-mobile-as:test
Task ':flashbuilder-integration:fb-mobile-as:test' has not declared any outputs, assuming that it is out-of-date.
Skipping tests since no tests exist
[8mha:AAAAYB+LCAAAAAAAAABb85aBtbiIQSWjNKU4P0+vIKc0PTOvWC+9KDElJ1XPHUyFJBZn++WXpC7zV766aHPULSYGhooiBimoluT8vOJ8oFpnCA1SyAABjCCFBQDX67qaYgAAAA==[0m:flashbuilder-integration:fb-mobile-fx:copytestresources
Task ':flashbuilder-integration:fb-mobile-fx:copytestresources' has not declared any outputs, assuming that it is out-of-date.
from /var/lib/jenkins/workspace/GradleFx Testbed Build/flashbuilder-integration/fb-mobile-fx/src/test/resources to /var/lib/jenkins/workspace/GradleFx Testbed Build/flashbuilder-integration/fb-mobile-fx/build/reports
[8mha:AAAAYB+LCAAAAAAAAABb85aBtbiIQSWjNKU4P0+vIKc0PTOvWC+9KDElJ1XPHUyFJBZn++WXpC7zV766aHPULSYGhooiBimoluT8vOJ8oFpnCA1SyAABjCCFBQDX67qaYgAAAA==[0m:flashbuilder-integration:fb-mobile-fx:test
Task ':flashbuilder-integration:fb-mobile-fx:test' has not declared any outputs, assuming that it is out-of-date.
Skipping tests since no tests exist
[8mha:AAAAYB+LCAAAAAAAAABb85aBtbiIQSWjNKU4P0+vIKc0PTOvWC+9KDElJ1XPHUyFJBZn++WXpC7zV766aHPULSYGhooiBimoluT8vOJ8oFpnCA1SyAABjCCFBQDX67qaYgAAAA==[0m:flashbuilder-integration:fb-swc-as:copytestresources
Task ':flashbuilder-integration:fb-swc-as:copytestresources' has not declared any outputs, assuming that it is out-of-date.
from /var/lib/jenkins/workspace/GradleFx Testbed Build/flashbuilder-integration/fb-swc-as/src/test/resources to /var/lib/jenkins/workspace/GradleFx Testbed Build/flashbuilder-integration/fb-swc-as/build/reports
[8mha:AAAAYB+LCAAAAAAAAABb85aBtbiIQSWjNKU4P0+vIKc0PTOvWC+9KDElJ1XPHUyFJBZn++WXpC7zV766aHPULSYGhooiBimoluT8vOJ8oFpnCA1SyAABjCCFBQDX67qaYgAAAA==[0m:flashbuilder-integration:fb-swc-as:test
Task ':flashbuilder-integration:fb-swc-as:test' has not declared any outputs, assuming that it is out-of-date.
Skipping tests since no tests exist
[8mha:AAAAYB+LCAAAAAAAAABb85aBtbiIQSWjNKU4P0+vIKc0PTOvWC+9KDElJ1XPHUyFJBZn++WXpC7zV766aHPULSYGhooiBimoluT8vOJ8oFpnCA1SyAABjCCFBQDX67qaYgAAAA==[0m:flashbuilder-integration:fb-swc-fx:copytestresources
Task ':flashbuilder-integration:fb-swc-fx:copytestresources' has not declared any outputs, assuming that it is out-of-date.
from /var/lib/jenkins/workspace/GradleFx Testbed Build/flashbuilder-integration/fb-swc-fx/src/test/resources to /var/lib/jenkins/workspace/GradleFx Testbed Build/flashbuilder-integration/fb-swc-fx/build/reports
[8mha:AAAAYB+LCAAAAAAAAABb85aBtbiIQSWjNKU4P0+vIKc0PTOvWC+9KDElJ1XPHUyFJBZn++WXpC7zV766aHPULSYGhooiBimoluT8vOJ8oFpnCA1SyAABjCCFBQDX67qaYgAAAA==[0m:flashbuilder-integration:fb-swc-fx:test
Task ':flashbuilder-integration:fb-swc-fx:test' has not declared any outputs, assuming that it is out-of-date.
Skipping tests since no tests exist
[8mha:AAAAYB+LCAAAAAAAAABb85aBtbiIQSWjNKU4P0+vIKc0PTOvWC+9KDElJ1XPHUyFJBZn++WXpC7zV766aHPULSYGhooiBimoluT8vOJ8oFpnCA1SyAABjCCFBQDX67qaYgAAAA==[0m:flashbuilder-integration:fb-swf-as:copytestresources
Task ':flashbuilder-integration:fb-swf-as:copytestresources' has not declared any outputs, assuming that it is out-of-date.
from /var/lib/jenkins/workspace/GradleFx Testbed Build/flashbuilder-integration/fb-swf-as/src/test/resources to /var/lib/jenkins/workspace/GradleFx Testbed Build/flashbuilder-integration/fb-swf-as/build/reports
[8mha:AAAAYB+LCAAAAAAAAABb85aBtbiIQSWjNKU4P0+vIKc0PTOvWC+9KDElJ1XPHUyFJBZn++WXpC7zV766aHPULSYGhooiBimoluT8vOJ8oFpnCA1SyAABjCCFBQDX67qaYgAAAA==[0m:flashbuilder-integration:fb-swf-as:test
Task ':flashbuilder-integration:fb-swf-as:test' has not declared any outputs, assuming that it is out-of-date.
Skipping tests since no tests exist
[8mha:AAAAYB+LCAAAAAAAAABb85aBtbiIQSWjNKU4P0+vIKc0PTOvWC+9KDElJ1XPHUyFJBZn++WXpC7zV766aHPULSYGhooiBimoluT8vOJ8oFpnCA1SyAABjCCFBQDX67qaYgAAAA==[0m:flashbuilder-integration:fb-swf-fx:copytestresources
Task ':flashbuilder-integration:fb-swf-fx:copytestresources' has not declared any outputs, assuming that it is out-of-date.
from /var/lib/jenkins/workspace/GradleFx Testbed Build/flashbuilder-integration/fb-swf-fx/src/test/resources to /var/lib/jenkins/workspace/GradleFx Testbed Build/flashbuilder-integration/fb-swf-fx/build/reports
[8mha:AAAAYB+LCAAAAAAAAABb85aBtbiIQSWjNKU4P0+vIKc0PTOvWC+9KDElJ1XPHUyFJBZn++WXpC7zV766aHPULSYGhooiBimoluT8vOJ8oFpnCA1SyAABjCCFBQDX67qaYgAAAA==[0m:flashbuilder-integration:fb-swf-fx:test
Task ':flashbuilder-integration:fb-swf-fx:test' has not declared any outputs, assuming that it is out-of-date.
Skipping tests since no tests exist
[8mha:AAAAYB+LCAAAAAAAAABb85aBtbiIQSWjNKU4P0+vIKc0PTOvWC+9KDElJ1XPHUyFJBZn++WXpC7zV766aHPULSYGhooiBimoluT8vOJ8oFpnCA1SyAABjCCFBQDX67qaYgAAAA==[0m:intellij-integration:iml-air-as:copytestresources
Task ':intellij-integration:iml-air-as:copytestresources' has not declared any outputs, assuming that it is out-of-date.
from /var/lib/jenkins/workspace/GradleFx Testbed Build/intellij-integration/iml-air-as/src/test/resources to /var/lib/jenkins/workspace/GradleFx Testbed Build/intellij-integration/iml-air-as/build/reports
[8mha:AAAAYB+LCAAAAAAAAABb85aBtbiIQSWjNKU4P0+vIKc0PTOvWC+9KDElJ1XPHUyFJBZn++WXpC7zV766aHPULSYGhooiBimoluT8vOJ8oFpnCA1SyAABjCCFBQDX67qaYgAAAA==[0m:intellij-integration:iml-air-as:test
Task ':intellij-integration:iml-air-as:test' has not declared any outputs, assuming that it is out-of-date.
Skipping tests since no tests exist
[8mha:AAAAYB+LCAAAAAAAAABb85aBtbiIQSWjNKU4P0+vIKc0PTOvWC+9KDElJ1XPHUyFJBZn++WXpC7zV766aHPULSYGhooiBimoluT8vOJ8oFpnCA1SyAABjCCFBQDX67qaYgAAAA==[0m:intellij-integration:iml-air-fx:copytestresources
Task ':intellij-integration:iml-air-fx:copytestresources' has not declared any outputs, assuming that it is out-of-date.
from /var/lib/jenkins/workspace/GradleFx Testbed Build/intellij-integration/iml-air-fx/src/test/resources to /var/lib/jenkins/workspace/GradleFx Testbed Build/intellij-integration/iml-air-fx/build/reports
[8mha:AAAAYB+LCAAAAAAAAABb85aBtbiIQSWjNKU4P0+vIKc0PTOvWC+9KDElJ1XPHUyFJBZn++WXpC7zV766aHPULSYGhooiBimoluT8vOJ8oFpnCA1SyAABjCCFBQDX67qaYgAAAA==[0m:intellij-integration:iml-air-fx:test
Task ':intellij-integration:iml-air-fx:test' has not declared any outputs, assuming that it is out-of-date.
Skipping tests since no tests exist
[8mha:AAAAYB+LCAAAAAAAAABb85aBtbiIQSWjNKU4P0+vIKc0PTOvWC+9KDElJ1XPHUyFJBZn++WXpC7zV766aHPULSYGhooiBimoluT8vOJ8oFpnCA1SyAABjCCFBQDX67qaYgAAAA==[0m:intellij-integration:iml-mobile-android-as:copytestresources
Task ':intellij-integration:iml-mobile-android-as:copytestresources' has not declared any outputs, assuming that it is out-of-date.
from /var/lib/jenkins/workspace/GradleFx Testbed Build/intellij-integration/iml-mobile-android-as/src/test/resources to /var/lib/jenkins/workspace/GradleFx Testbed Build/intellij-integration/iml-mobile-android-as/build/reports
[8mha:AAAAYB+LCAAAAAAAAABb85aBtbiIQSWjNKU4P0+vIKc0PTOvWC+9KDElJ1XPHUyFJBZn++WXpC7zV766aHPULSYGhooiBimoluT8vOJ8oFpnCA1SyAABjCCFBQDX67qaYgAAAA==[0m:intellij-integration:iml-mobile-android-as:test
Task ':intellij-integration:iml-mobile-android-as:test' has not declared any outputs, assuming that it is out-of-date.
Skipping tests since no tests exist
[8mha:AAAAYB+LCAAAAAAAAABb85aBtbiIQSWjNKU4P0+vIKc0PTOvWC+9KDElJ1XPHUyFJBZn++WXpC7zV766aHPULSYGhooiBimoluT8vOJ8oFpnCA1SyAABjCCFBQDX67qaYgAAAA==[0m:intellij-integration:iml-mobile-android-fx:copytestresources
Task ':intellij-integration:iml-mobile-android-fx:copytestresources' has not declared any outputs, assuming that it is out-of-date.
from /var/lib/jenkins/workspace/GradleFx Testbed Build/intellij-integration/iml-mobile-android-fx/src/test/resources to /var/lib/jenkins/workspace/GradleFx Testbed Build/intellij-integration/iml-mobile-android-fx/build/reports
[8mha:AAAAYB+LCAAAAAAAAABb85aBtbiIQSWjNKU4P0+vIKc0PTOvWC+9KDElJ1XPHUyFJBZn++WXpC7zV766aHPULSYGhooiBimoluT8vOJ8oFpnCA1SyAABjCCFBQDX67qaYgAAAA==[0m:intellij-integration:iml-mobile-android-fx:test
Task ':intellij-integration:iml-mobile-android-fx:test' has not declared any outputs, assuming that it is out-of-date.
Skipping tests since no tests exist
[8mha:AAAAYB+LCAAAAAAAAABb85aBtbiIQSWjNKU4P0+vIKc0PTOvWC+9KDElJ1XPHUyFJBZn++WXpC7zV766aHPULSYGhooiBimoluT8vOJ8oFpnCA1SyAABjCCFBQDX67qaYgAAAA==[0m:intellij-integration:iml-mobile-ios-as:copytestresources
Task ':intellij-integration:iml-mobile-ios-as:copytestresources' has not declared any outputs, assuming that it is out-of-date.
from /var/lib/jenkins/workspace/GradleFx Testbed Build/intellij-integration/iml-mobile-ios-as/src/test/resources to /var/lib/jenkins/workspace/GradleFx Testbed Build/intellij-integration/iml-mobile-ios-as/build/reports
[8mha:AAAAYB+LCAAAAAAAAABb85aBtbiIQSWjNKU4P0+vIKc0PTOvWC+9KDElJ1XPHUyFJBZn++WXpC7zV766aHPULSYGhooiBimoluT8vOJ8oFpnCA1SyAABjCCFBQDX67qaYgAAAA==[0m:intellij-integration:iml-mobile-ios-as:test
Task ':intellij-integration:iml-mobile-ios-as:test' has not declared any outputs, assuming that it is out-of-date.
Skipping tests since no tests exist
[8mha:AAAAYB+LCAAAAAAAAABb85aBtbiIQSWjNKU4P0+vIKc0PTOvWC+9KDElJ1XPHUyFJBZn++WXpC7zV766aHPULSYGhooiBimoluT8vOJ8oFpnCA1SyAABjCCFBQDX67qaYgAAAA==[0m:intellij-integration:iml-mobile-ios-fx:copytestresources
Task ':intellij-integration:iml-mobile-ios-fx:copytestresources' has not declared any outputs, assuming that it is out-of-date.
from /var/lib/jenkins/workspace/GradleFx Testbed Build/intellij-integration/iml-mobile-ios-fx/src/test/resources to /var/lib/jenkins/workspace/GradleFx Testbed Build/intellij-integration/iml-mobile-ios-fx/build/reports
[8mha:AAAAYB+LCAAAAAAAAABb85aBtbiIQSWjNKU4P0+vIKc0PTOvWC+9KDElJ1XPHUyFJBZn++WXpC7zV766aHPULSYGhooiBimoluT8vOJ8oFpnCA1SyAABjCCFBQDX67qaYgAAAA==[0m:intellij-integration:iml-mobile-ios-fx:test
Task ':intellij-integration:iml-mobile-ios-fx:test' has not declared any outputs, assuming that it is out-of-date.
Skipping tests since no tests exist
[8mha:AAAAYB+LCAAAAAAAAABb85aBtbiIQSWjNKU4P0+vIKc0PTOvWC+9KDElJ1XPHUyFJBZn++WXpC7zV766aHPULSYGhooiBimoluT8vOJ8oFpnCA1SyAABjCCFBQDX67qaYgAAAA==[0m:intellij-integration:iml-swc-as:copytestresources
Task ':intellij-integration:iml-swc-as:copytestresources' has not declared any outputs, assuming that it is out-of-date.
from /var/lib/jenkins/workspace/GradleFx Testbed Build/intellij-integration/iml-swc-as/src/test/resources to /var/lib/jenkins/workspace/GradleFx Testbed Build/intellij-integration/iml-swc-as/build/reports
[8mha:AAAAYB+LCAAAAAAAAABb85aBtbiIQSWjNKU4P0+vIKc0PTOvWC+9KDElJ1XPHUyFJBZn++WXpC7zV766aHPULSYGhooiBimoluT8vOJ8oFpnCA1SyAABjCCFBQDX67qaYgAAAA==[0m:intellij-integration:iml-swc-as:test
Task ':intellij-integration:iml-swc-as:test' has not declared any outputs, assuming that it is out-of-date.
Skipping tests since no tests exist
[8mha:AAAAYB+LCAAAAAAAAABb85aBtbiIQSWjNKU4P0+vIKc0PTOvWC+9KDElJ1XPHUyFJBZn++WXpC7zV766aHPULSYGhooiBimoluT8vOJ8oFpnCA1SyAABjCCFBQDX67qaYgAAAA==[0m:intellij-integration:iml-swc-fx:copytestresources
Task ':intellij-integration:iml-swc-fx:copytestresources' has not declared any outputs, assuming that it is out-of-date.
from /var/lib/jenkins/workspace/GradleFx Testbed Build/intellij-integration/iml-swc-fx/src/test/resources to /var/lib/jenkins/workspace/GradleFx Testbed Build/intellij-integration/iml-swc-fx/build/reports
[8mha:AAAAYB+LCAAAAAAAAABb85aBtbiIQSWjNKU4P0+vIKc0PTOvWC+9KDElJ1XPHUyFJBZn++WXpC7zV766aHPULSYGhooiBimoluT8vOJ8oFpnCA1SyAABjCCFBQDX67qaYgAAAA==[0m:intellij-integration:iml-swc-fx:test
Task ':intellij-integration:iml-swc-fx:test' has not declared any outputs, assuming that it is out-of-date.
Skipping tests since no tests exist
[8mha:AAAAYB+LCAAAAAAAAABb85aBtbiIQSWjNKU4P0+vIKc0PTOvWC+9KDElJ1XPHUyFJBZn++WXpC7zV766aHPULSYGhooiBimoluT8vOJ8oFpnCA1SyAABjCCFBQDX67qaYgAAAA==[0m:intellij-integration:iml-swf-as:copytestresources
Task ':intellij-integration:iml-swf-as:copytestresources' has not declared any outputs, assuming that it is out-of-date.
from /var/lib/jenkins/workspace/GradleFx Testbed Build/intellij-integration/iml-swf-as/src/test/resources to /var/lib/jenkins/workspace/GradleFx Testbed Build/intellij-integration/iml-swf-as/build/reports
[8mha:AAAAYB+LCAAAAAAAAABb85aBtbiIQSWjNKU4P0+vIKc0PTOvWC+9KDElJ1XPHUyFJBZn++WXpC7zV766aHPULSYGhooiBimoluT8vOJ8oFpnCA1SyAABjCCFBQDX67qaYgAAAA==[0m:intellij-integration:iml-swf-as:test
Task ':intellij-integration:iml-swf-as:test' has not declared any outputs, assuming that it is out-of-date.
Skipping tests since no tests exist
[8mha:AAAAYB+LCAAAAAAAAABb85aBtbiIQSWjNKU4P0+vIKc0PTOvWC+9KDElJ1XPHUyFJBZn++WXpC7zV766aHPULSYGhooiBimoluT8vOJ8oFpnCA1SyAABjCCFBQDX67qaYgAAAA==[0m:intellij-integration:iml-swf-fx:copytestresources
Task ':intellij-integration:iml-swf-fx:copytestresources' has not declared any outputs, assuming that it is out-of-date.
from /var/lib/jenkins/workspace/GradleFx Testbed Build/intellij-integration/iml-swf-fx/src/test/resources to /var/lib/jenkins/workspace/GradleFx Testbed Build/intellij-integration/iml-swf-fx/build/reports
[8mha:AAAAYB+LCAAAAAAAAABb85aBtbiIQSWjNKU4P0+vIKc0PTOvWC+9KDElJ1XPHUyFJBZn++WXpC7zV766aHPULSYGhooiBimoluT8vOJ8oFpnCA1SyAABjCCFBQDX67qaYgAAAA==[0m:intellij-integration:iml-swf-fx:test
Task ':intellij-integration:iml-swf-fx:test' has not declared any outputs, assuming that it is out-of-date.
Skipping tests since no tests exist
[8mha:AAAAYB+LCAAAAAAAAABb85aBtbiIQSWjNKU4P0+vIKc0PTOvWC+9KDElJ1XPHUyFJBZn++WXpC7zV766aHPULSYGhooiBimoluT8vOJ8oFpnCA1SyAABjCCFBQDX67qaYgAAAA==[0m:merge-swc-packages:domain:copytestresources
Task ':merge-swc-packages:domain:copytestresources' has not declared any outputs, assuming that it is out-of-date.
from /var/lib/jenkins/workspace/GradleFx Testbed Build/merge-swc-packages/domain/src/test/resources to /var/lib/jenkins/workspace/GradleFx Testbed Build/merge-swc-packages/domain/build/reports
[8mha:AAAAYB+LCAAAAAAAAABb85aBtbiIQSWjNKU4P0+vIKc0PTOvWC+9KDElJ1XPHUyFJBZn++WXpC7zV766aHPULSYGhooiBimoluT8vOJ8oFpnCA1SyAABjCCFBQDX67qaYgAAAA==[0m:merge-swc-packages:domain:test
Task ':merge-swc-packages:domain:test' has not declared any outputs, assuming that it is out-of-date.
Skipping tests since no tests exist
[8mha:AAAAYB+LCAAAAAAAAABb85aBtbiIQSWjNKU4P0+vIKc0PTOvWC+9KDElJ1XPHUyFJBZn++WXpC7zV766aHPULSYGhooiBimoluT8vOJ8oFpnCA1SyAABjCCFBQDX67qaYgAAAA==[0m:merge-swc-packages:util:copytestresources
Task ':merge-swc-packages:util:copytestresources' has not declared any outputs, assuming that it is out-of-date.
from /var/lib/jenkins/workspace/GradleFx Testbed Build/merge-swc-packages/util/src/test/resources to /var/lib/jenkins/workspace/GradleFx Testbed Build/merge-swc-packages/util/build/reports
[8mha:AAAAYB+LCAAAAAAAAABb85aBtbiIQSWjNKU4P0+vIKc0PTOvWC+9KDElJ1XPHUyFJBZn++WXpC7zV766aHPULSYGhooiBimoluT8vOJ8oFpnCA1SyAABjCCFBQDX67qaYgAAAA==[0m:merge-swc-packages:util:test
Task ':merge-swc-packages:util:test' has not declared any outputs, assuming that it is out-of-date.
Skipping tests since no tests exist
[8mha:AAAAYB+LCAAAAAAAAABb85aBtbiIQSWjNKU4P0+vIKc0PTOvWC+9KDElJ1XPHUyFJBZn++WXpC7zV766aHPULSYGhooiBimoluT8vOJ8oFpnCA1SyAABjCCFBQDX67qaYgAAAA==[0m:multiproject-all-conventions:assets:copytestresources
Task ':multiproject-all-conventions:assets:copytestresources' has not declared any outputs, assuming that it is out-of-date.
from /var/lib/jenkins/workspace/GradleFx Testbed Build/multiproject-all-conventions/assets/src/test/resources to /var/lib/jenkins/workspace/GradleFx Testbed Build/multiproject-all-conventions/assets/build/reports
[8mha:AAAAYB+LCAAAAAAAAABb85aBtbiIQSWjNKU4P0+vIKc0PTOvWC+9KDElJ1XPHUyFJBZn++WXpC7zV766aHPULSYGhooiBimoluT8vOJ8oFpnCA1SyAABjCCFBQDX67qaYgAAAA==[0m:multiproject-all-conventions:assets:test
Task ':multiproject-all-conventions:assets:test' has not declared any outputs, assuming that it is out-of-date.
Skipping tests since no tests exist
[8mha:AAAAYB+LCAAAAAAAAABb85aBtbiIQSWjNKU4P0+vIKc0PTOvWC+9KDElJ1XPHUyFJBZn++WXpC7zV766aHPULSYGhooiBimoluT8vOJ8oFpnCA1SyAABjCCFBQDX67qaYgAAAA==[0m:multiproject-all-conventions:client:copytestresources
Task ':multiproject-all-conventions:client:copytestresources' has not declared any outputs, assuming that it is out-of-date.
from /var/lib/jenkins/workspace/GradleFx Testbed Build/multiproject-all-conventions/client/src/test/resources to /var/lib/jenkins/workspace/GradleFx Testbed Build/multiproject-all-conventions/client/build/reports
[8mha:AAAAYB+LCAAAAAAAAABb85aBtbiIQSWjNKU4P0+vIKc0PTOvWC+9KDElJ1XPHUyFJBZn++WXpC7zV766aHPULSYGhooiBimoluT8vOJ8oFpnCA1SyAABjCCFBQDX67qaYgAAAA==[0m:multiproject-all-conventions:client:test
Task ':multiproject-all-conventions:client:test' has not declared any outputs, assuming that it is out-of-date.
Skipping tests since no tests exist
[8mha:AAAAYB+LCAAAAAAAAABb85aBtbiIQSWjNKU4P0+vIKc0PTOvWC+9KDElJ1XPHUyFJBZn++WXpC7zV766aHPULSYGhooiBimoluT8vOJ8oFpnCA1SyAABjCCFBQDX67qaYgAAAA==[0m:multiproject-all-conventions:domain:copytestresources
Task ':multiproject-all-conventions:domain:copytestresources' has not declared any outputs, assuming that it is out-of-date.
from /var/lib/jenkins/workspace/GradleFx Testbed Build/multiproject-all-conventions/domain/src/test/resources to /var/lib/jenkins/workspace/GradleFx Testbed Build/multiproject-all-conventions/domain/build/reports
[8mha:AAAAYB+LCAAAAAAAAABb85aBtbiIQSWjNKU4P0+vIKc0PTOvWC+9KDElJ1XPHUyFJBZn++WXpC7zV766aHPULSYGhooiBimoluT8vOJ8oFpnCA1SyAABjCCFBQDX67qaYgAAAA==[0m:multiproject-all-conventions:domain:test
Task ':multiproject-all-conventions:domain:test' has not declared any outputs, assuming that it is out-of-date.
Skipping tests since no tests exist
[8mha:AAAAYB+LCAAAAAAAAABb85aBtbiIQSWjNKU4P0+vIKc0PTOvWC+9KDElJ1XPHUyFJBZn++WXpC7zV766aHPULSYGhooiBimoluT8vOJ8oFpnCA1SyAABjCCFBQDX67qaYgAAAA==[0m:multiproject-all-conventions:util:copytestresources
Task ':multiproject-all-conventions:util:copytestresources' has not declared any outputs, assuming that it is out-of-date.
from /var/lib/jenkins/workspace/GradleFx Testbed Build/multiproject-all-conventions/util/src/test/resources to /var/lib/jenkins/workspace/GradleFx Testbed Build/multiproject-all-conventions/util/build/reports
[8mha:AAAAYB+LCAAAAAAAAABb85aBtbiIQSWjNKU4P0+vIKc0PTOvWC+9KDElJ1XPHUyFJBZn++WXpC7zV766aHPULSYGhooiBimoluT8vOJ8oFpnCA1SyAABjCCFBQDX67qaYgAAAA==[0m:multiproject-all-conventions:util:test
Task ':multiproject-all-conventions:util:test' has not declared any outputs, assuming that it is out-of-date.
Skipping tests since no tests exist
[8mha:AAAAYB+LCAAAAAAAAABb85aBtbiIQSWjNKU4P0+vIKc0PTOvWC+9KDElJ1XPHUyFJBZn++WXpC7zV766aHPULSYGhooiBimoluT8vOJ8oFpnCA1SyAABjCCFBQDX67qaYgAAAA==[0m:multiproject-no-conventions:client:copytestresources
Task ':multiproject-no-conventions:client:copytestresources' has not declared any outputs, assuming that it is out-of-date.
from /var/lib/jenkins/workspace/GradleFx Testbed Build/multiproject-no-conventions/client/src/test/resources to /var/lib/jenkins/workspace/GradleFx Testbed Build/multiproject-no-conventions/client/build/reports
[8mha:AAAAYB+LCAAAAAAAAABb85aBtbiIQSWjNKU4P0+vIKc0PTOvWC+9KDElJ1XPHUyFJBZn++WXpC7zV766aHPULSYGhooiBimoluT8vOJ8oFpnCA1SyAABjCCFBQDX67qaYgAAAA==[0m:multiproject-no-conventions:client:test
Task ':multiproject-no-conventions:client:test' has not declared any outputs, assuming that it is out-of-date.
Skipping tests since no tests exist
[8mha:AAAAYB+LCAAAAAAAAABb85aBtbiIQSWjNKU4P0+vIKc0PTOvWC+9KDElJ1XPHUyFJBZn++WXpC7zV766aHPULSYGhooiBimoluT8vOJ8oFpnCA1SyAABjCCFBQDX67qaYgAAAA==[0m:multiproject-no-conventions:domain:copytestresources
Task ':multiproject-no-conventions:domain:copytestresources' has not declared any outputs, assuming that it is out-of-date.
from /var/lib/jenkins/workspace/GradleFx Testbed Build/multiproject-no-conventions/domain/src/test/resources to /var/lib/jenkins/workspace/GradleFx Testbed Build/multiproject-no-conventions/domain/build/reports
[8mha:AAAAYB+LCAAAAAAAAABb85aBtbiIQSWjNKU4P0+vIKc0PTOvWC+9KDElJ1XPHUyFJBZn++WXpC7zV766aHPULSYGhooiBimoluT8vOJ8oFpnCA1SyAABjCCFBQDX67qaYgAAAA==[0m:multiproject-no-conventions:domain:test
Task ':multiproject-no-conventions:domain:test' has not declared any outputs, assuming that it is out-of-date.
Skipping tests since no tests exist
[8mha:AAAAYB+LCAAAAAAAAABb85aBtbiIQSWjNKU4P0+vIKc0PTOvWC+9KDElJ1XPHUyFJBZn++WXpC7zV766aHPULSYGhooiBimoluT8vOJ8oFpnCA1SyAABjCCFBQDX67qaYgAAAA==[0m:multiproject-no-conventions:util:copytestresources
Task ':multiproject-no-conventions:util:copytestresources' has not declared any outputs, assuming that it is out-of-date.
from /var/lib/jenkins/workspace/GradleFx Testbed Build/multiproject-no-conventions/util/src/test/resources to /var/lib/jenkins/workspace/GradleFx Testbed Build/multiproject-no-conventions/util/build/reports
[8mha:AAAAYB+LCAAAAAAAAABb85aBtbiIQSWjNKU4P0+vIKc0PTOvWC+9KDElJ1XPHUyFJBZn++WXpC7zV766aHPULSYGhooiBimoluT8vOJ8oFpnCA1SyAABjCCFBQDX67qaYgAAAA==[0m:multiproject-no-conventions:util:test
Task ':multiproject-no-conventions:util:test' has not declared any outputs, assuming that it is out-of-date.
Skipping tests since no tests exist
[8mha:AAAAYB+LCAAAAAAAAABb85aBtbiIQSWjNKU4P0+vIKc0PTOvWC+9KDElJ1XPHUyFJBZn++WXpC7zV766aHPULSYGhooiBimoluT8vOJ8oFpnCA1SyAABjCCFBQDX67qaYgAAAA==[0m:flex-java-war:flex:swc:copytestresources
Task ':flex-java-war:flex:swc:copytestresources' has not declared any outputs, assuming that it is out-of-date.
from /var/lib/jenkins/workspace/GradleFx Testbed Build/flex-java-war/flex/swc/src/test/resources to /var/lib/jenkins/workspace/GradleFx Testbed Build/flex-java-war/flex/swc/build/reports
[8mha:AAAAYB+LCAAAAAAAAABb85aBtbiIQSWjNKU4P0+vIKc0PTOvWC+9KDElJ1XPHUyFJBZn++WXpC7zV766aHPULSYGhooiBimoluT8vOJ8oFpnCA1SyAABjCCFBQDX67qaYgAAAA==[0m:flex-java-war:flex:swc:test
Task ':flex-java-war:flex:swc:test' has not declared any outputs, assuming that it is out-of-date.
Skipping tests since no tests exist
[8mha:AAAAYB+LCAAAAAAAAABb85aBtbiIQSWjNKU4P0+vIKc0PTOvWC+9KDElJ1XPHUyFJBZn++WXpC7zV766aHPULSYGhooiBimoluT8vOJ8oFpnCA1SyAABjCCFBQDX67qaYgAAAA==[0m:flex-java-war:flex:swf:copytestresources
Task ':flex-java-war:flex:swf:copytestresources' has not declared any outputs, assuming that it is out-of-date.
from /var/lib/jenkins/workspace/GradleFx Testbed Build/flex-java-war/flex/swf/src/test/resources to /var/lib/jenkins/workspace/GradleFx Testbed Build/flex-java-war/flex/swf/build/reports
[8mha:AAAAYB+LCAAAAAAAAABb85aBtbiIQSWjNKU4P0+vIKc0PTOvWC+9KDElJ1XPHUyFJBZn++WXpC7zV766aHPULSYGhooiBimoluT8vOJ8oFpnCA1SyAABjCCFBQDX67qaYgAAAA==[0m:flex-java-war:flex:swf:test
Task ':flex-java-war:flex:swf:test' has not declared any outputs, assuming that it is out-of-date.
Skipping tests since no tests exist
[8mha:AAAAYB+LCAAAAAAAAABb85aBtbiIQSWjNKU4P0+vIKc0PTOvWC+9KDElJ1XPHUyFJBZn++WXpC7zV766aHPULSYGhooiBimoluT8vOJ8oFpnCA1SyAABjCCFBQDX67qaYgAAAA==[0m:flex-java-war:java:dto:compileJava
Executing task ':flex-java-war:java:dto:compileJava' due to:
  Output file /var/lib/jenkins/workspace/GradleFx Testbed Build/flex-java-war/java/dto/build/classes/main has changed.
  Output file /var/lib/jenkins/workspace/GradleFx Testbed Build/flex-java-war/java/dto/build/dependency-cache has changed.
  Output file /var/lib/jenkins/workspace/GradleFx Testbed Build/flex-java-war/java/dto/build/classes/main/org/gradlefx/Person.class has been removed.
Compiling with JDK Java compiler API.
[8mha:AAAAYB+LCAAAAAAAAABb85aBtbiIQSWjNKU4P0+vIKc0PTOvWC+9KDElJ1XPHUyFJBZn++WXpC7zV766aHPULSYGhooiBimoluT8vOJ8oFpnCA1SyAABjCCFBQDX67qaYgAAAA==[0m:flex-java-war:java:dto:processResources
Skipping task ':flex-java-war:java:dto:processResources' as it has no source files.
[8mha:AAAAYB+LCAAAAAAAAABb85aBtbiIQSWjNKU4P0+vIKc0PTOvWC+9KDElJ1XPHUyFJBZn++WXpC7zV766aHPULSYGhooiBimoluT8vOJ8oFpnCA1SyAABjCCFBQDX67qaYgAAAA==[0m:flex-java-war:java:dto:processResources UP-TO-DATE
[8mha:AAAAYB+LCAAAAAAAAABb85aBtbiIQSWjNKU4P0+vIKc0PTOvWC+9KDElJ1XPHUyFJBZn++WXpC7zV766aHPULSYGhooiBimoluT8vOJ8oFpnCA1SyAABjCCFBQDX67qaYgAAAA==[0m:flex-java-war:java:dto:classes
Skipping task ':flex-java-war:java:dto:classes' as it has no actions.
[8mha:AAAAYB+LCAAAAAAAAABb85aBtbiIQSWjNKU4P0+vIKc0PTOvWC+9KDElJ1XPHUyFJBZn++WXpC7zV766aHPULSYGhooiBimoluT8vOJ8oFpnCA1SyAABjCCFBQDX67qaYgAAAA==[0m:flex-java-war:java:dto:compileTestJava
Skipping task ':flex-java-war:java:dto:compileTestJava' as it has no source files.
[8mha:AAAAYB+LCAAAAAAAAABb85aBtbiIQSWjNKU4P0+vIKc0PTOvWC+9KDElJ1XPHUyFJBZn++WXpC7zV766aHPULSYGhooiBimoluT8vOJ8oFpnCA1SyAABjCCFBQDX67qaYgAAAA==[0m:flex-java-war:java:dto:compileTestJava UP-TO-DATE
[8mha:AAAAYB+LCAAAAAAAAABb85aBtbiIQSWjNKU4P0+vIKc0PTOvWC+9KDElJ1XPHUyFJBZn++WXpC7zV766aHPULSYGhooiBimoluT8vOJ8oFpnCA1SyAABjCCFBQDX67qaYgAAAA==[0m:flex-java-war:java:dto:processTestResources
Skipping task ':flex-java-war:java:dto:processTestResources' as it has no source files.
[8mha:AAAAYB+LCAAAAAAAAABb85aBtbiIQSWjNKU4P0+vIKc0PTOvWC+9KDElJ1XPHUyFJBZn++WXpC7zV766aHPULSYGhooiBimoluT8vOJ8oFpnCA1SyAABjCCFBQDX67qaYgAAAA==[0m:flex-java-war:java:dto:processTestResources UP-TO-DATE
[8mha:AAAAYB+LCAAAAAAAAABb85aBtbiIQSWjNKU4P0+vIKc0PTOvWC+9KDElJ1XPHUyFJBZn++WXpC7zV766aHPULSYGhooiBimoluT8vOJ8oFpnCA1SyAABjCCFBQDX67qaYgAAAA==[0m:flex-java-war:java:dto:testClasses
Skipping task ':flex-java-war:java:dto:testClasses' as it has no actions.
[8mha:AAAAYB+LCAAAAAAAAABb85aBtbiIQSWjNKU4P0+vIKc0PTOvWC+9KDElJ1XPHUyFJBZn++WXpC7zV766aHPULSYGhooiBimoluT8vOJ8oFpnCA1SyAABjCCFBQDX67qaYgAAAA==[0m:flex-java-war:java:dto:testClasses UP-TO-DATE
[8mha:AAAAYB+LCAAAAAAAAABb85aBtbiIQSWjNKU4P0+vIKc0PTOvWC+9KDElJ1XPHUyFJBZn++WXpC7zV766aHPULSYGhooiBimoluT8vOJ8oFpnCA1SyAABjCCFBQDX67qaYgAAAA==[0m:flex-java-war:java:dto:test
file or directory '/var/lib/jenkins/workspace/GradleFx Testbed Build/flex-java-war/java/dto/build/classes/test', not found
Executing task ':flex-java-war:java:dto:test' due to:
  Output file /var/lib/jenkins/workspace/GradleFx Testbed Build/flex-java-war/java/dto/build/test-results/binary/test has changed.
  Output file /var/lib/jenkins/workspace/GradleFx Testbed Build/flex-java-war/java/dto/build/test-results has changed.
  Output file /var/lib/jenkins/workspace/GradleFx Testbed Build/flex-java-war/java/dto/build/reports/tests has changed.
  Output file /var/lib/jenkins/workspace/GradleFx Testbed Build/flex-java-war/java/dto/build/reports/tests/index.html has been removed.
  Output file /var/lib/jenkins/workspace/GradleFx Testbed Build/flex-java-war/java/dto/build/test-results/binary/test/results.bin has been removed.
  Output file /var/lib/jenkins/workspace/GradleFx Testbed Build/flex-java-war/java/dto/build/reports/tests/report.js has been removed.
  Output file /var/lib/jenkins/workspace/GradleFx Testbed Build/flex-java-war/java/dto/build/reports/tests/style.css has been removed.
  Output file /var/lib/jenkins/workspace/GradleFx Testbed Build/flex-java-war/java/dto/build/reports/tests/css3-pie-1.0beta3.htc has been removed.
  Output file /var/lib/jenkins/workspace/GradleFx Testbed Build/flex-java-war/java/dto/build/reports/tests/base-style.css has been removed.
file or directory '/var/lib/jenkins/workspace/GradleFx Testbed Build/flex-java-war/java/dto/build/classes/test', not found
Finished generating test XML results (0.0 secs)
Generating HTML test report...
Finished generating test html results (0.012 secs)
[8mha:AAAAYB+LCAAAAAAAAABb85aBtbiIQSWjNKU4P0+vIKc0PTOvWC+9KDElJ1XPHUyFJBZn++WXpC7zV766aHPULSYGhooiBimoluT8vOJ8oFpnCA1SyAABjCCFBQDX67qaYgAAAA==[0m:flex-java-war:java:dto:jar
Executing task ':flex-java-war:java:dto:jar' due to:
  Output file /var/lib/jenkins/workspace/GradleFx Testbed Build/flex-java-war/java/dto/build/libs/dto-0.1-SNAPSHOT.jar has changed.
  Output file /var/lib/jenkins/workspace/GradleFx Testbed Build/flex-java-war/java/dto/build/libs/dto-0.1-SNAPSHOT.jar has been removed.
[8mha:AAAAYB+LCAAAAAAAAABb85aBtbiIQSWjNKU4P0+vIKc0PTOvWC+9KDElJ1XPHUyFJBZn++WXpC7zV766aHPULSYGhooiBimoluT8vOJ8oFpnCA1SyAABjCCFBQDX67qaYgAAAA==[0m:flex-java-war:java:war:compileJava
Skipping task ':flex-java-war:java:war:compileJava' as it has no source files.
[8mha:AAAAYB+LCAAAAAAAAABb85aBtbiIQSWjNKU4P0+vIKc0PTOvWC+9KDElJ1XPHUyFJBZn++WXpC7zV766aHPULSYGhooiBimoluT8vOJ8oFpnCA1SyAABjCCFBQDX67qaYgAAAA==[0m:flex-java-war:java:war:compileJava UP-TO-DATE
[8mha:AAAAYB+LCAAAAAAAAABb85aBtbiIQSWjNKU4P0+vIKc0PTOvWC+9KDElJ1XPHUyFJBZn++WXpC7zV766aHPULSYGhooiBimoluT8vOJ8oFpnCA1SyAABjCCFBQDX67qaYgAAAA==[0m:flex-java-war:java:war:processResources
Skipping task ':flex-java-war:java:war:processResources' as it has no source files.
[8mha:AAAAYB+LCAAAAAAAAABb85aBtbiIQSWjNKU4P0+vIKc0PTOvWC+9KDElJ1XPHUyFJBZn++WXpC7zV766aHPULSYGhooiBimoluT8vOJ8oFpnCA1SyAABjCCFBQDX67qaYgAAAA==[0m:flex-java-war:java:war:processResources UP-TO-DATE
[8mha:AAAAYB+LCAAAAAAAAABb85aBtbiIQSWjNKU4P0+vIKc0PTOvWC+9KDElJ1XPHUyFJBZn++WXpC7zV766aHPULSYGhooiBimoluT8vOJ8oFpnCA1SyAABjCCFBQDX67qaYgAAAA==[0m:flex-java-war:java:war:classes
Skipping task ':flex-java-war:java:war:classes' as it has no actions.
[8mha:AAAAYB+LCAAAAAAAAABb85aBtbiIQSWjNKU4P0+vIKc0PTOvWC+9KDElJ1XPHUyFJBZn++WXpC7zV766aHPULSYGhooiBimoluT8vOJ8oFpnCA1SyAABjCCFBQDX67qaYgAAAA==[0m:flex-java-war:java:war:classes UP-TO-DATE
[8mha:AAAAYB+LCAAAAAAAAABb85aBtbiIQSWjNKU4P0+vIKc0PTOvWC+9KDElJ1XPHUyFJBZn++WXpC7zV766aHPULSYGhooiBimoluT8vOJ8oFpnCA1SyAABjCCFBQDX67qaYgAAAA==[0m:flex-java-war:java:war:compileTestJava
Skipping task ':flex-java-war:java:war:compileTestJava' as it has no source files.
[8mha:AAAAYB+LCAAAAAAAAABb85aBtbiIQSWjNKU4P0+vIKc0PTOvWC+9KDElJ1XPHUyFJBZn++WXpC7zV766aHPULSYGhooiBimoluT8vOJ8oFpnCA1SyAABjCCFBQDX67qaYgAAAA==[0m:flex-java-war:java:war:compileTestJava UP-TO-DATE
[8mha:AAAAYB+LCAAAAAAAAABb85aBtbiIQSWjNKU4P0+vIKc0PTOvWC+9KDElJ1XPHUyFJBZn++WXpC7zV766aHPULSYGhooiBimoluT8vOJ8oFpnCA1SyAABjCCFBQDX67qaYgAAAA==[0m:flex-java-war:java:war:processTestResources
Skipping task ':flex-java-war:java:war:processTestResources' as it has no source files.
[8mha:AAAAYB+LCAAAAAAAAABb85aBtbiIQSWjNKU4P0+vIKc0PTOvWC+9KDElJ1XPHUyFJBZn++WXpC7zV766aHPULSYGhooiBimoluT8vOJ8oFpnCA1SyAABjCCFBQDX67qaYgAAAA==[0m:flex-java-war:java:war:processTestResources UP-TO-DATE
[8mha:AAAAYB+LCAAAAAAAAABb85aBtbiIQSWjNKU4P0+vIKc0PTOvWC+9KDElJ1XPHUyFJBZn++WXpC7zV766aHPULSYGhooiBimoluT8vOJ8oFpnCA1SyAABjCCFBQDX67qaYgAAAA==[0m:flex-java-war:java:war:testClasses
Skipping task ':flex-java-war:java:war:testClasses' as it has no actions.
[8mha:AAAAYB+LCAAAAAAAAABb85aBtbiIQSWjNKU4P0+vIKc0PTOvWC+9KDElJ1XPHUyFJBZn++WXpC7zV766aHPULSYGhooiBimoluT8vOJ8oFpnCA1SyAABjCCFBQDX67qaYgAAAA==[0m:flex-java-war:java:war:testClasses UP-TO-DATE
[8mha:AAAAYB+LCAAAAAAAAABb85aBtbiIQSWjNKU4P0+vIKc0PTOvWC+9KDElJ1XPHUyFJBZn++WXpC7zV766aHPULSYGhooiBimoluT8vOJ8oFpnCA1SyAABjCCFBQDX67qaYgAAAA==[0m:flex-java-war:java:war:test
file or directory '/var/lib/jenkins/workspace/GradleFx Testbed Build/flex-java-war/java/war/build/classes/test', not found
Executing task ':flex-java-war:java:war:test' due to:
  Output file /var/lib/jenkins/workspace/GradleFx Testbed Build/flex-java-war/java/war/build/reports/tests has changed.
  Output file /var/lib/jenkins/workspace/GradleFx Testbed Build/flex-java-war/java/war/build/test-results/binary/test has changed.
  Output file /var/lib/jenkins/workspace/GradleFx Testbed Build/flex-java-war/java/war/build/test-results has changed.
  Output file /var/lib/jenkins/workspace/GradleFx Testbed Build/flex-java-war/java/war/build/reports/tests/base-style.css has been removed.
  Output file /var/lib/jenkins/workspace/GradleFx Testbed Build/flex-java-war/java/war/build/test-results/binary/test/results.bin has been removed.
  Output file /var/lib/jenkins/workspace/GradleFx Testbed Build/flex-java-war/java/war/build/reports/tests/report.js has been removed.
  Output file /var/lib/jenkins/workspace/GradleFx Testbed Build/flex-java-war/java/war/build/reports/tests/index.html has been removed.
  Output file /var/lib/jenkins/workspace/GradleFx Testbed Build/flex-java-war/java/war/build/reports/tests/css3-pie-1.0beta3.htc has been removed.
  Output file /var/lib/jenkins/workspace/GradleFx Testbed Build/flex-java-war/java/war/build/reports/tests/style.css has been removed.
file or directory '/var/lib/jenkins/workspace/GradleFx Testbed Build/flex-java-war/java/war/build/classes/test', not found
Finished generating test XML results (0.0 secs)
Generating HTML test report...
Finished generating test html results (0.006 secs)
[8mha:AAAAYB+LCAAAAAAAAABb85aBtbiIQSWjNKU4P0+vIKc0PTOvWC+9KDElJ1XPHUyFJBZn++WXpC7zV766aHPULSYGhooiBimoluT8vOJ8oFpnCA1SyAABjCCFBQDX67qaYgAAAA==[0m:actionscript-only-project:copyresources
Task ':actionscript-only-project:copyresources' has not declared any outputs, assuming that it is out-of-date.
from /var/lib/jenkins/workspace/GradleFx Testbed Build/actionscript-only-project/src/main/resources to /var/lib/jenkins/workspace/GradleFx Testbed Build/actionscript-only-project/build
[8mha:AAAAYB+LCAAAAAAAAABb85aBtbiIQSWjNKU4P0+vIKc0PTOvWC+9KDElJ1XPHUyFJBZn++WXpC7zV766aHPULSYGhooiBimoluT8vOJ8oFpnCA1SyAABjCCFBQDX67qaYgAAAA==[0m:actionscript-only-project:compileFlex
Executing task ':actionscript-only-project:compileFlex' due to:
  Output file /var/lib/jenkins/workspace/GradleFx Testbed Build/actionscript-only-project/build has changed.
  Output file /var/lib/jenkins/workspace/GradleFx Testbed Build/actionscript-only-project/build/actionscript-only-project.swf has been removed.
Compiling with mxmlc
	+configname=flex
	-load-config=
	-external-library-path+=/var/lib/jenkins/dependencies/sdks/Flex4.6/frameworks/libs/player/{targetPlayerMajorVersion}.{targetPlayerMinorVersion}/playerglobal.swc
	-source-path+=/var/lib/jenkins/workspace/GradleFx Testbed Build/actionscript-only-project/src/main/actionscript
	-output=/var/lib/jenkins/workspace/GradleFx Testbed Build/actionscript-only-project/build/actionscript-only-project.swf
	/var/lib/jenkins/workspace/GradleFx Testbed Build/actionscript-only-project/src/main/actionscript/Main.as
[mxmlc] /var/lib/jenkins/workspace/GradleFx Testbed Build/actionscript-only-project/build/actionscript-only-project.swf (282 bytes)
[8mha:AAAAYB+LCAAAAAAAAABb85aBtbiIQSWjNKU4P0+vIKc0PTOvWC+9KDElJ1XPHUyFJBZn++WXpC7zV766aHPULSYGhooiBimoluT8vOJ8oFpnCA1SyAABjCCFBQDX67qaYgAAAA==[0m:air-single-project:copyresources
Task ':air-single-project:copyresources' has not declared any outputs, assuming that it is out-of-date.
from /var/lib/jenkins/workspace/GradleFx Testbed Build/air-single-project/src/main/resources to /var/lib/jenkins/workspace/GradleFx Testbed Build/air-single-project/build
[8mha:AAAAYB+LCAAAAAAAAABb85aBtbiIQSWjNKU4P0+vIKc0PTOvWC+9KDElJ1XPHUyFJBZn++WXpC7zV766aHPULSYGhooiBimoluT8vOJ8oFpnCA1SyAABjCCFBQDX67qaYgAAAA==[0m:air-single-project:compileFlex
Executing task ':air-single-project:compileFlex' due to:
  Output file /var/lib/jenkins/workspace/GradleFx Testbed Build/air-single-project/build/charts_4.9.1.1447119.swf has been removed.
  Output file /var/lib/jenkins/workspace/GradleFx Testbed Build/air-single-project/build/spark_dmv_4.9.1.1447119.swf has been removed.
  Output file /var/lib/jenkins/workspace/GradleFx Testbed Build/air-single-project/build/advancedgrids_4.9.1.1447119.swf has been removed.
  Output file /var/lib/jenkins/workspace/GradleFx Testbed Build/air-single-project/build/air-single-project.swf has been removed.
  Output file /var/lib/jenkins/workspace/GradleFx Testbed Build/air-single-project/build/mx_4.9.1.1447119.swf has been removed.
  Output file /var/lib/jenkins/workspace/GradleFx Testbed Build/air-single-project/build/spark_4.9.1.1447119.swf has been removed.
  Output file /var/lib/jenkins/workspace/GradleFx Testbed Build/air-single-project/build/textLayout_4.9.1.1447119.swf has been removed.
  Output file /var/lib/jenkins/workspace/GradleFx Testbed Build/air-single-project/build/rpc_4.9.1.1447119.swf has been removed.
  Output file /var/lib/jenkins/workspace/GradleFx Testbed Build/air-single-project/build/framework_4.9.1.1447119.swf has been removed.
  Output file /var/lib/jenkins/workspace/GradleFx Testbed Build/air-single-project/build/sparkskins_4.9.1.1447119.swf has been removed.
Compiling with mxmlc
	+configname=air
	-source-path+=/var/lib/jenkins/workspace/GradleFx Testbed Build/air-single-project/src/main/actionscript
	-library-path+=/var/lib/jenkins/.gradle/caches/artifacts-24/filestore/org.as3commons/as3commons-lang/0.3.2/swc/727bc6546e79c3bb63ccc939b7ebefa1a1ae03c6/as3commons-lang-0.3.2.swc
	-output=/var/lib/jenkins/workspace/GradleFx Testbed Build/air-single-project/build/air-single-project.swf
	/var/lib/jenkins/workspace/GradleFx Testbed Build/air-single-project/src/main/actionscript/Main.mxml
[mxmlc] Loading configuration file /var/lib/jenkins/.gradle/gradleFx/sdks/e9231c6b8603e063b49cf4b5647ed773aacdb659/frameworks/air-config.xml
/var/lib/jenkins/workspace/GradleFx Testbed Build/air-single-project/build/reports/TestRunner.swf (709545 bytes)
[8mha:AAAAYB+LCAAAAAAAAABb85aBtbiIQSWjNKU4P0+vIKc0PTOvWC+9KDElJ1XPHUyFJBZn++WXpC7zV766aHPULSYGhooiBimoluT8vOJ8oFpnCA1SyAABjCCFBQDX67qaYgAAAA==[0m:flexunit-single-project:compileFlex
Executing task ':flexunit-single-project:compileFlex' due to:
  Output file /var/lib/jenkins/workspace/GradleFx Testbed Build/flexunit-single-project/build/flexunit-single-project.swc has been removed.
Compiling with compc
	-runtime-shared-library-path=
	-external-library-path+=/var/lib/jenkins/dependencies/sdks/Flex4.6/frameworks/libs/framework.swc
	-external-library-path+=/var/lib/jenkins/dependencies/sdks/Flex4.6/frameworks/libs/textLayout.swc
	-external-library-path+=/var/lib/jenkins/dependencies/sdks/Flex4.6/frameworks/libs/spark.swc
	-external-library-path+=/var/lib/jenkins/dependencies/sdks/Flex4.6/frameworks/libs/sparkskins.swc
	-external-library-path+=/var/lib/jenkins/dependencies/sdks/Flex4.6/frameworks/libs/rpc.swc
	-external-library-path+=/var/lib/jenkins/dependencies/sdks/Flex4.6/frameworks/libs/charts.swc
	-external-library-path+=/var/lib/jenkins/dependencies/sdks/Flex4.6/frameworks/libs/spark_dmv.swc
	-external-library-path+=/var/lib/jenkins/dependencies/sdks/Flex4.6/frameworks/libs/osmf.swc
	-external-library-path+=/var/lib/jenkins/dependencies/sdks/Flex4.6/frameworks/libs/mx/mx.swc
	-external-library-path+=/var/lib/jenkins/dependencies/sdks/Flex4.6/frameworks/libs/advancedgrids.swc
	-source-path+=/var/lib/jenkins/workspace/GradleFx Testbed Build/flexunit-single-project/src/main/actionscript
	-include-sources+=/var/lib/jenkins/workspace/GradleFx Testbed Build/flexunit-single-project/src/main/actionscript
	-include-lookup-only=false
	-output=/var/lib/jenkins/workspace/GradleFx Testbed Build/flexunit-single-project/build/flexunit-single-project.swc
[compc] Loading configuration file /var/lib/jenkins/dependencies/sdks/Flex4.6/frameworks/flex-config.xml
/var/lib/jenkins/workspace/GradleFx Testbed Build/flexunit-single-project/build/flexunit-single-project.swc (2013 bytes)
[8mha:AAAAYB+LCAAAAAAAAABb85aBtbiIQSWjNKU4P0+vIKc0PTOvWC+9KDElJ1XPHUyFJBZn++WXpC7zV766aHPULSYGhooiBimoluT8vOJ8oFpnCA1SyAABjCCFBQDX67qaYgAAAA==[0m:multiproject-all-conventions:util:compileFlex
Executing task ':multiproject-all-conventions:util:compileFlex' due to:
  Output file /var/lib/jenkins/workspace/GradleFx Testbed Build/multiproject-all-conventions/util/build has changed.
  Output file /var/lib/jenkins/workspace/GradleFx Testbed Build/multiproject-all-conventions/util/build/util.swc has been removed.
Compiling with compc
	-runtime-shared-library-path=
	-external-library-path+=/var/lib/jenkins/dependencies/sdks/Flex4.6/frameworks/libs/framework.swc
	-external-library-path+=/var/lib/jenkins/dependencies/sdks/Flex4.6/frameworks/libs/textLayout.swc
	-external-library-path+=/var/lib/jenkins/dependencies/sdks/Flex4.6/frameworks/libs/spark.swc
	-external-library-path+=/var/lib/jenkins/dependencies/sdks/Flex4.6/frameworks/libs/sparkskins.swc
	-external-library-path+=/var/lib/jenkins/dependencies/sdks/Flex4.6/frameworks/libs/rpc.swc
	-external-library-path+=/var/lib/jenkins/dependencies/sdks/Flex4.6/frameworks/libs/charts.swc
	-external-library-path+=/var/lib/jenkins/dependencies/sdks/Flex4.6/frameworks/libs/spark_dmv.swc
	-external-library-path+=/var/lib/jenkins/dependencies/sdks/Flex4.6/frameworks/libs/osmf.swc
	-external-library-path+=/var/lib/jenkins/dependencies/sdks/Flex4.6/frameworks/libs/mx/mx.swc
	-external-library-path+=/var/lib/jenkins/dependencies/sdks/Flex4.6/frameworks/libs/advancedgrids.swc
	-source-path+=/var/lib/jenkins/workspace/GradleFx Testbed Build/multiproject-all-conventions/util/src/main/actionscript
	-include-sources+=/var/lib/jenkins/workspace/GradleFx Testbed Build/multiproject-all-conventions/util/src/main/actionscript
	-external-library-path+=/var/lib/jenkins/.gradle/caches/artifacts-24/filestore/org.springextensions.actionscript/spring-actionscript-core/1.2-SNAPSHOT/swc/77a138a127ce33f7bea9ba3ab0ede43fd23845d5/spring-actionscript-core-1.2-SNAPSHOT.swc
	-external-library-path+=/var/lib/jenkins/.gradle/caches/artifacts-24/filestore/org.as3commons/as3commons-collections/1.1/swc/6f1afabb411dd065b8caae24d9886a8a268b5fbf/as3commons-collections-1.1.swc
	-external-library-path+=/var/lib/jenkins/.gradle/caches/artifacts-24/filestore/org.as3commons/as3commons-lang/0.3.2/swc/727bc6546e79c3bb63ccc939b7ebefa1a1ae03c6/as3commons-lang-0.3.2.swc
	-external-library-path+=/var/lib/jenkins/.gradle/caches/artifacts-24/filestore/org.graniteds/granite-swc/2.2.0.SP1/swc/9d925fb9da7d66ebe45578da4e5ad04161f89ffa/granite-swc-2.2.0.SP1.swc
	-external-library-path+=/var/lib/jenkins/.gradle/caches/artifacts-24/filestore/org.graniteds/granite-essentials-swc/2.2.0.SP1/swc/bc19d391f529458acb5864accad6ff2f51793261/granite-essentials-swc-2.2.0.SP1.swc
	-output=/var/lib/jenkins/workspace/GradleFx Testbed Build/multiproject-all-conventions/util/build/util.swc
[compc] Loading configuration file /var/lib/jenkins/dependencies/sdks/Flex4.6/frameworks/flex-config.xml
/var/lib/jenkins/workspace/GradleFx Testbed Build/multiproject-all-conventions/util/build/util.swc (2005 bytes)
[8mha:AAAAYB+LCAAAAAAAAABb85aBtbiIQSWjNKU4P0+vIKc0PTOvWC+9KDElJ1XPHUyFJBZn++WXpC7zV766aHPULSYGhooiBimoluT8vOJ8oFpnCA1SyAABjCCFBQDX67qaYgAAAA==[0m:merge-swc-packages:domain:compileFlex
Executing task ':merge-swc-packages:domain:compileFlex' due to:
  Output file /var/lib/jenkins/workspace/GradleFx Testbed Build/merge-swc-packages/domain/build has changed.
  Output file /var/lib/jenkins/workspace/GradleFx Testbed Build/merge-swc-packages/domain/build/domain-0.1.swc has been removed.
Compiling with compc
	-runtime-shared-library-path=
	-external-library-path+=/var/lib/jenkins/dependencies/sdks/Flex4.6/frameworks/libs/framework.swc
	-external-library-path+=/var/lib/jenkins/dependencies/sdks/Flex4.6/frameworks/libs/textLayout.swc
	-external-library-path+=/var/lib/jenkins/dependencies/sdks/Flex4.6/frameworks/libs/spark.swc
	-external-library-path+=/var/lib/jenkins/dependencies/sdks/Flex4.6/frameworks/libs/sparkskins.swc
	-external-library-path+=/var/lib/jenkins/dependencies/sdks/Flex4.6/frameworks/libs/rpc.swc
	-external-library-path+=/var/lib/jenkins/dependencies/sdks/Flex4.6/frameworks/libs/charts.swc
	-external-library-path+=/var/lib/jenkins/dependencies/sdks/Flex4.6/frameworks/libs/spark_dmv.swc
	-external-library-path+=/var/lib/jenkins/dependencies/sdks/Flex4.6/frameworks/libs/osmf.swc
	-external-library-path+=/var/lib/jenkins/dependencies/sdks/Flex4.6/frameworks/libs/mx/mx.swc
	-external-library-path+=/var/lib/jenkins/dependencies/sdks/Flex4.6/frameworks/libs/advancedgrids.swc
	-source-path+=/var/lib/jenkins/workspace/GradleFx Testbed Build/merge-swc-packages/domain/src/main/actionscript
	-include-sources+=/var/lib/jenkins/workspace/GradleFx Testbed Build/merge-swc-packages/domain/src/main/actionscript
	-include-file
	test.txt
	/var/lib/jenkins/workspace/GradleFx Testbed Build/merge-swc-packages/domain/src/main/resources/test.txt
	-external-library-path+=/var/lib/jenkins/.gradle/caches/artifacts-24/filestore/org.springextensions.actionscript/spring-actionscript-core/1.2-SNAPSHOT/swc/77a138a127ce33f7bea9ba3ab0ede43fd23845d5/spring-actionscript-core-1.2-SNAPSHOT.swc
	-external-library-path+=/var/lib/jenkins/.gradle/caches/artifacts-24/filestore/org.as3commons/as3commons-collections/1.1/swc/6f1afabb411dd065b8caae24d9886a8a268b5fbf/as3commons-collections-1.1.swc
	-external-library-path+=/var/lib/jenkins/.gradle/caches/artifacts-24/filestore/org.as3commons/as3commons-lang/0.3.2/swc/727bc6546e79c3bb63ccc939b7ebefa1a1ae03c6/as3commons-lang-0.3.2.swc
	-external-library-path+=/var/lib/jenkins/.gradle/caches/artifacts-24/filestore/org.graniteds/granite-swc/2.2.0.SP1/swc/9d925fb9da7d66ebe45578da4e5ad04161f89ffa/granite-swc-2.2.0.SP1.swc
	-external-library-path+=/var/lib/jenkins/.gradle/caches/artifacts-24/filestore/org.graniteds/granite-essentials-swc/2.2.0.SP1/swc/bc19d391f529458acb5864accad6ff2f51793261/granite-essentials-swc-2.2.0.SP1.swc
	-external-library-path+=/var/lib/jenkins/workspace/GradleFx Testbed Build/multiproject-all-conventions/util/build/util.swc
	-output=/var/lib/jenkins/workspace/GradleFx Testbed Build/merge-swc-packages/domain/build/domain-0.1.swc
[compc] Loading configuration file /var/lib/jenkins/dependencies/sdks/Flex4.6/frameworks/flex-config.xml
/var/lib/jenkins/workspace/GradleFx Testbed Build/merge-swc-packages/domain/build/domain-0.1.swc (2101 bytes)
[8mha:AAAAYB+LCAAAAAAAAABb85aBtbiIQSWjNKU4P0+vIKc0PTOvWC+9KDElJ1XPHUyFJBZn++WXpC7zV766aHPULSYGhooiBimoluT8vOJ8oFpnCA1SyAABjCCFBQDX67qaYgAAAA==[0m:merge-swc-packages:util:compileFlex
Executing task ':merge-swc-packages:util:compileFlex' due to:
  Output file /var/lib/jenkins/workspace/GradleFx Testbed Build/merge-swc-packages/util/build has changed.
  Output file /var/lib/jenkins/workspace/GradleFx Testbed Build/merge-swc-packages/util/build/util-0.1.swc has been removed.
Compiling with compc
	-runtime-shared-library-path=
	-external-library-path+=/var/lib/jenkins/dependencies/sdks/Flex4.6/frameworks/libs/framework.swc
	-external-library-path+=/var/lib/jenkins/dependencies/sdks/Flex4.6/frameworks/libs/textLayout.swc
	-external-library-path+=/var/lib/jenkins/dependencies/sdks/Flex4.6/frameworks/libs/spark.swc
	-external-library-path+=/var/lib/jenkins/dependencies/sdks/Flex4.6/frameworks/libs/sparkskins.swc
	-external-library-path+=/var/lib/jenkins/dependencies/sdks/Flex4.6/frameworks/libs/rpc.swc
	-external-library-path+=/var/lib/jenkins/dependencies/sdks/Flex4.6/frameworks/libs/charts.swc
	-external-library-path+=/var/lib/jenkins/dependencies/sdks/Flex4.6/frameworks/libs/spark_dmv.swc
	-external-library-path+=/var/lib/jenkins/dependencies/sdks/Flex4.6/frameworks/libs/osmf.swc
	-external-library-path+=/var/lib/jenkins/dependencies/sdks/Flex4.6/frameworks/libs/mx/mx.swc
	-external-library-path+=/var/lib/jenkins/dependencies/sdks/Flex4.6/frameworks/libs/advancedgrids.swc
	-source-path+=/var/lib/jenkins/workspace/GradleFx Testbed Build/merge-swc-packages/util/src/main/actionscript
	-include-sources+=/var/lib/jenkins/workspace/GradleFx Testbed Build/merge-swc-packages/util/src/main/actionscript
	-external-library-path+=/var/lib/jenkins/.gradle/caches/artifacts-24/filestore/org.springextensions.actionscript/spring-actionscript-core/1.2-SNAPSHOT/swc/77a138a127ce33f7bea9ba3ab0ede43fd23845d5/spring-actionscript-core-1.2-SNAPSHOT.swc
	-external-library-path+=/var/lib/jenkins/.gradle/caches/artifacts-24/filestore/org.as3commons/as3commons-collections/1.1/swc/6f1afabb411dd065b8caae24d9886a8a268b5fbf/as3commons-collections-1.1.swc
	-external-library-path+=/var/lib/jenkins/.gradle/caches/artifacts-24/filestore/org.as3commons/as3commons-lang/0.3.2/swc/727bc6546e79c3bb63ccc939b7ebefa1a1ae03c6/as3commons-lang-0.3.2.swc
	-external-library-path+=/var/lib/jenkins/.gradle/caches/artifacts-24/filestore/org.graniteds/granite-swc/2.2.0.SP1/swc/9d925fb9da7d66ebe45578da4e5ad04161f89ffa/granite-swc-2.2.0.SP1.swc
	-external-library-path+=/var/lib/jenkins/.gradle/caches/artifacts-24/filestore/org.graniteds/granite-essentials-swc/2.2.0.SP1/swc/bc19d391f529458acb5864accad6ff2f51793261/granite-essentials-swc-2.2.0.SP1.swc
	-output=/var/lib/jenkins/workspace/GradleFx Testbed Build/merge-swc-packages/util/build/util-0.1.swc
[compc] Loading configuration file /var/lib/jenkins/dependencies/sdks/Flex4.6/frameworks/flex-config.xml
/var/lib/jenkins/workspace/GradleFx Testbed Build/merge-swc-packages/util/build/util-0.1.swc (1997 bytes)
[8mha:AAAAYB+LCAAAAAAAAABb85aBtbiIQSWjNKU4P0+vIKc0PTOvWC+9KDElJ1XPHUyFJBZn++WXpC7zV766aHPULSYGhooiBimoluT8vOJ8oFpnCA1SyAABjCCFBQDX67qaYgAAAA==[0m:merge-swc-packages:compileFlex
Executing task ':merge-swc-packages:compileFlex' due to:
  Output file /var/lib/jenkins/workspace/GradleFx Testbed Build/merge-swc-packages/build has changed.
  Output file /var/lib/jenkins/workspace/GradleFx Testbed Build/merge-swc-packages/build/combinedPackage-0.1.swc has been removed.
Compiling with compc
	-runtime-shared-library-path=
	-external-library-path+=/var/lib/jenkins/dependencies/sdks/Flex4.6/frameworks/libs/framework.swc
	-external-library-path+=/var/lib/jenkins/dependencies/sdks/Flex4.6/frameworks/libs/textLayout.swc
	-external-library-path+=/var/lib/jenkins/dependencies/sdks/Flex4.6/frameworks/libs/spark.swc
	-external-library-path+=/var/lib/jenkins/dependencies/sdks/Flex4.6/frameworks/libs/sparkskins.swc
	-external-library-path+=/var/lib/jenkins/dependencies/sdks/Flex4.6/frameworks/libs/rpc.swc
	-external-library-path+=/var/lib/jenkins/dependencies/sdks/Flex4.6/frameworks/libs/charts.swc
	-external-library-path+=/var/lib/jenkins/dependencies/sdks/Flex4.6/frameworks/libs/spark_dmv.swc
	-external-library-path+=/var/lib/jenkins/dependencies/sdks/Flex4.6/frameworks/libs/osmf.swc
	-external-library-path+=/var/lib/jenkins/dependencies/sdks/Flex4.6/frameworks/libs/mx/mx.swc
	-external-library-path+=/var/lib/jenkins/dependencies/sdks/Flex4.6/frameworks/libs/advancedgrids.swc
	-include-libraries+=/var/lib/jenkins/workspace/GradleFx Testbed Build/merge-swc-packages/util/build/util-0.1.swc
	-include-libraries+=/var/lib/jenkins/workspace/GradleFx Testbed Build/merge-swc-packages/domain/build/domain-0.1.swc
	-output=/var/lib/jenkins/workspace/GradleFx Testbed Build/merge-swc-packages/build/combinedPackage-0.1.swc
[compc] Loading configuration file /var/lib/jenkins/dependencies/sdks/Flex4.6/frameworks/flex-config.xml
/var/lib/jenkins/workspace/GradleFx Testbed Build/merge-swc-packages/build/combinedPackage-0.1.swc (2646 bytes)
[8mha:AAAAYB+LCAAAAAAAAABb85aBtbiIQSWjNKU4P0+vIKc0PTOvWC+9KDElJ1XPHUyFJBZn++WXpC7zV766aHPULSYGhooiBimoluT8vOJ8oFpnCA1SyAABjCCFBQDX67qaYgAAAA==[0m:flashbuilder-integration:fb-air-fx:copyresources
Task ':flashbuilder-integration:fb-air-fx:copyresources' has not declared any outputs, assuming that it is out-of-date.
from /var/lib/jenkins/workspace/GradleFx Testbed Build/flashbuilder-integration/fb-air-fx/src/main/resources to /var/lib/jenkins/workspace/GradleFx Testbed Build/flashbuilder-integration/fb-air-fx/build
[8mha:AAAAYB+LCAAAAAAAAABb85aBtbiIQSWjNKU4P0+vIKc0PTOvWC+9KDElJ1XPHUyFJBZn++WXpC7zV766aHPULSYGhooiBimoluT8vOJ8oFpnCA1SyAABjCCFBQDX67qaYgAAAA==[0m:flashbuilder-integration:fb-air-fx:compileFlex
Executing task ':flashbuilder-integration:fb-air-fx:compileFlex' due to:
  Output file /var/lib/jenkins/workspace/GradleFx Testbed Build/flashbuilder-integration/fb-air-fx/build has changed.
  Output file /var/lib/jenkins/workspace/GradleFx Testbed Build/flashbuilder-integration/fb-air-fx/build/charts_4.6.0.23201.swz has been removed.
  Output file /var/lib/jenkins/workspace/GradleFx Testbed Build/flashbuilder-integration/fb-air-fx/build/fb-air-fx.swf has been removed.
  Output file /var/lib/jenkins/workspace/GradleFx Testbed Build/flashbuilder-integration/fb-air-fx/build/textLayout_2.0.0.232.swz has been removed.
  Output file /var/lib/jenkins/workspace/GradleFx Testbed Build/flashbuilder-integration/fb-air-fx/build/osmf_1.0.0.16316.swz has been removed.
  Output file /var/lib/jenkins/workspace/GradleFx Testbed Build/flashbuilder-integration/fb-air-fx/build/sparkskins_4.6.0.23201.swz has been removed.
  Output file /var/lib/jenkins/workspace/GradleFx Testbed Build/flashbuilder-integration/fb-air-fx/build/spark_4.6.0.23201.swz has been removed.
  Output file /var/lib/jenkins/workspace/GradleFx Testbed Build/flashbuilder-integration/fb-air-fx/build/spark_dmv_4.6.0.23201.swz has been removed.
  Output file /var/lib/jenkins/workspace/GradleFx Testbed Build/flashbuilder-integration/fb-air-fx/build/advancedgrids_4.6.0.23201.swz has been removed.
  Output file /var/lib/jenkins/workspace/GradleFx Testbed Build/flashbuilder-integration/fb-air-fx/build/rpc_4.6.0.23201.swz has been removed.
Compiling with mxmlc
	+configname=air
	-source-path+=/var/lib/jenkins/workspace/GradleFx Testbed Build/flashbuilder-integration/fb-air-fx/src/main/actionscript
	-output=/var/lib/jenkins/workspace/GradleFx Testbed Build/flashbuilder-integration/fb-air-fx/build/fb-air-fx.swf
	/var/lib/jenkins/workspace/GradleFx Testbed Build/flashbuilder-integration/fb-air-fx/src/main/actionscript/Main.mxml
[mxmlc] Loading configuration file /var/lib/jenkins/dependencies/sdks/Flex4.6/frameworks/air-config.xml
/var/lib/jenkins/workspace/GradleFx Testbed Build/flashbuilder-integration/fb-air-fx/build/fb-air-fx.swf (407339 bytes)
[8mha:AAAAYB+LCAAAAAAAAABb85aBtbiIQSWjNKU4P0+vIKc0PTOvWC+9KDElJ1XPHUyFJBZn++WXpC7zV766aHPULSYGhooiBimoluT8vOJ8oFpnCA1SyAABjCCFBQDX67qaYgAAAA==[0m:flashbuilder-integration:fb-mobile-as:copyresources
Task ':flashbuilder-integration:fb-mobile-as:copyresources' has not declared any outputs, assuming that it is out-of-date.
from /var/lib/jenkins/workspace/GradleFx Testbed Build/flashbuilder-integration/fb-mobile-as/src/main/resources to /var/lib/jenkins/workspace/GradleFx Testbed Build/flashbuilder-integration/fb-mobile-as/build
[8mha:AAAAYB+LCAAAAAAAAABb85aBtbiIQSWjNKU4P0+vIKc0PTOvWC+9KDElJ1XPHUyFJBZn++WXpC7zV766aHPULSYGhooiBimoluT8vOJ8oFpnCA1SyAABjCCFBQDX67qaYgAAAA==[0m:flashbuilder-integration:fb-mobile-as:compileFlex
Executing task ':flashbuilder-integration:fb-mobile-as:compileFlex' due to:
  Output file /var/lib/jenkins/workspace/GradleFx Testbed Build/flashbuilder-integration/fb-mobile-as/build has changed.
  Output file /var/lib/jenkins/workspace/GradleFx Testbed Build/flashbuilder-integration/fb-mobile-as/build/fb-mobile-as.swf has been removed.
WARNING: The -external-library-path option is being used internally by GradleFx. Alternative: specify the library as an 'external' Gradle dependendency
Compiling with mxmlc
	+configname=airmobile
	-load-config=
	-external-library-path+=/var/lib/jenkins/dependencies/sdks/Flex4.6/frameworks/
	-source-path+=/var/lib/jenkins/workspace/GradleFx Testbed Build/flashbuilder-integration/fb-mobile-as/src/main/actionscript
	-external-library-path+=libs/player/{targetPlayerMajorVersion}.{targetPlayerMinorVersion}/playerglobal.swc
	-output=/var/lib/jenkins/workspace/GradleFx Testbed Build/flashbuilder-integration/fb-mobile-as/build/fb-mobile-as.swf
	/var/lib/jenkins/workspace/GradleFx Testbed Build/flashbuilder-integration/fb-mobile-as/src/main/actionscript/Main.as
[mxmlc] /var/lib/jenkins/workspace/GradleFx Testbed Build/flashbuilder-integration/fb-mobile-as/build/fb-mobile-as.swf (357 bytes)
[8mha:AAAAYB+LCAAAAAAAAABb85aBtbiIQSWjNKU4P0+vIKc0PTOvWC+9KDElJ1XPHUyFJBZn++WXpC7zV766aHPULSYGhooiBimoluT8vOJ8oFpnCA1SyAABjCCFBQDX67qaYgAAAA==[0m:flashbuilder-integration:fb-mobile-fx:copyresources
Task ':flashbuilder-integration:fb-mobile-fx:copyresources' has not declared any outputs, assuming that it is out-of-date.
from /var/lib/jenkins/workspace/GradleFx Testbed Build/flashbuilder-integration/fb-mobile-fx/src/main/resources to /var/lib/jenkins/workspace/GradleFx Testbed Build/flashbuilder-integration/fb-mobile-fx/build
[8mha:AAAAYB+LCAAAAAAAAABb85aBtbiIQSWjNKU4P0+vIKc0PTOvWC+9KDElJ1XPHUyFJBZn++WXpC7zV766aHPULSYGhooiBimoluT8vOJ8oFpnCA1SyAABjCCFBQDX67qaYgAAAA==[0m:flashbuilder-integration:fb-mobile-fx:compileFlex
Executing task ':flashbuilder-integration:fb-mobile-fx:compileFlex' due to:
  Output file /var/lib/jenkins/workspace/GradleFx Testbed Build/flashbuilder-integration/fb-mobile-fx/build has changed.
  Output file /var/lib/jenkins/workspace/GradleFx Testbed Build/flashbuilder-integration/fb-mobile-fx/build/fb-mobile-fx.swf has been removed.
Compiling with mxmlc
	+configname=airmobile
	-source-path+=/var/lib/jenkins/workspace/GradleFx Testbed Build/flashbuilder-integration/fb-mobile-fx/src/main/actionscript
	-output=/var/lib/jenkins/workspace/GradleFx Testbed Build/flashbuilder-integration/fb-mobile-fx/build/fb-mobile-fx.swf
	/var/lib/jenkins/workspace/GradleFx Testbed Build/flashbuilder-integration/fb-mobile-fx/src/main/actionscript/Main.mxml
[mxmlc] Loading configuration file /var/lib/jenkins/dependencies/sdks/Flex4.6/frameworks/airmobile-config.xml
/var/lib/jenkins/workspace/GradleFx Testbed Build/flashbuilder-integration/fb-mobile-fx/build/fb-mobile-fx.swf (518323 bytes)
[8mha:AAAAYB+LCAAAAAAAAABb85aBtbiIQSWjNKU4P0+vIKc0PTOvWC+9KDElJ1XPHUyFJBZn++WXpC7zV766aHPULSYGhooiBimoluT8vOJ8oFpnCA1SyAABjCCFBQDX67qaYgAAAA==[0m:flashbuilder-integration:fb-swc-as:compileFlex
Executing task ':flashbuilder-integration:fb-swc-as:compileFlex' due to:
  Output file /var/lib/jenkins/workspace/GradleFx Testbed Build/flashbuilder-integration/fb-swc-as/build has changed.
  Output file /var/lib/jenkins/workspace/GradleFx Testbed Build/flashbuilder-integration/fb-swc-as/build/fb-swc-as.swc has been removed.
Compiling with compc
	-load-config=
	-external-library-path+=/var/lib/jenkins/dependencies/sdks/Flex4.6/frameworks/libs/player/{targetPlayerMajorVersion}.{targetPlayerMinorVersion}/playerglobal.swc
	-source-path+=/var/lib/jenkins/workspace/GradleFx Testbed Build/flashbuilder-integration/fb-swc-as/src/main/actionscript
	-include-sources+=/var/lib/jenkins/workspace/GradleFx Testbed Build/flashbuilder-integration/fb-swc-as/src/main/actionscript
	-output=/var/lib/jenkins/workspace/GradleFx Testbed Build/flashbuilder-integration/fb-swc-as/build/fb-swc-as.swc
[compc] /var/lib/jenkins/workspace/GradleFx Testbed Build/flashbuilder-integration/fb-swc-as/build/fb-swc-as.swc (1383 bytes)
[8mha:AAAAYB+LCAAAAAAAAABb85aBtbiIQSWjNKU4P0+vIKc0PTOvWC+9KDElJ1XPHUyFJBZn++WXpC7zV766aHPULSYGhooiBimoluT8vOJ8oFpnCA1SyAABjCCFBQDX67qaYgAAAA==[0m:flashbuilder-integration:fb-swc-fx:compileFlex
Executing task ':flashbuilder-integration:fb-swc-fx:compileFlex' due to:
  Output file /var/lib/jenkins/workspace/GradleFx Testbed Build/flashbuilder-integration/fb-swc-fx/build has changed.
  Output file /var/lib/jenkins/workspace/GradleFx Testbed Build/flashbuilder-integration/fb-swc-fx/build/fb-swc-fx.swc has been removed.
Compiling with compc
	-runtime-shared-library-path=
	-external-library-path+=/var/lib/jenkins/dependencies/sdks/Flex4.6/frameworks/libs/framework.swc
	-external-library-path+=/var/lib/jenkins/dependencies/sdks/Flex4.6/frameworks/libs/textLayout.swc
	-external-library-path+=/var/lib/jenkins/dependencies/sdks/Flex4.6/frameworks/libs/spark.swc
	-external-library-path+=/var/lib/jenkins/dependencies/sdks/Flex4.6/frameworks/libs/sparkskins.swc
	-external-library-path+=/var/lib/jenkins/dependencies/sdks/Flex4.6/frameworks/libs/rpc.swc
	-external-library-path+=/var/lib/jenkins/dependencies/sdks/Flex4.6/frameworks/libs/charts.swc
	-external-library-path+=/var/lib/jenkins/dependencies/sdks/Flex4.6/frameworks/libs/spark_dmv.swc
	-external-library-path+=/var/lib/jenkins/dependencies/sdks/Flex4.6/frameworks/libs/osmf.swc
	-external-library-path+=/var/lib/jenkins/dependencies/sdks/Flex4.6/frameworks/libs/mx/mx.swc
	-external-library-path+=/var/lib/jenkins/dependencies/sdks/Flex4.6/frameworks/libs/advancedgrids.swc
	-source-path+=/var/lib/jenkins/workspace/GradleFx Testbed Build/flashbuilder-integration/fb-swc-fx/src/main/actionscript
	-include-sources+=/var/lib/jenkins/workspace/GradleFx Testbed Build/flashbuilder-integration/fb-swc-fx/src/main/actionscript
	-external-library-path+=/var/lib/jenkins/workspace/GradleFx Testbed Build/flashbuilder-integration/fb-swc-as/build/fb-swc-as.swc
	-output=/var/lib/jenkins/workspace/GradleFx Testbed Build/flashbuilder-integration/fb-swc-fx/build/fb-swc-fx.swc
[compc] Loading configuration file /var/lib/jenkins/dependencies/sdks/Flex4.6/frameworks/flex-config.xml
/var/lib/jenkins/workspace/GradleFx Testbed Build/flashbuilder-integration/fb-swc-fx/build/fb-swc-fx.swc (1032 bytes)
[8mha:AAAAYB+LCAAAAAAAAABb85aBtbiIQSWjNKU4P0+vIKc0PTOvWC+9KDElJ1XPHUyFJBZn++WXpC7zV766aHPULSYGhooiBimoluT8vOJ8oFpnCA1SyAABjCCFBQDX67qaYgAAAA==[0m:flashbuilder-integration:fb-swf-as:copyresources
Task ':flashbuilder-integration:fb-swf-as:copyresources' has not declared any outputs, assuming that it is out-of-date.
from /var/lib/jenkins/workspace/GradleFx Testbed Build/flashbuilder-integration/fb-swf-as/src/main/resources to /var/lib/jenkins/workspace/GradleFx Testbed Build/flashbuilder-integration/fb-swf-as/build
[8mha:AAAAYB+LCAAAAAAAAABb85aBtbiIQSWjNKU4P0+vIKc0PTOvWC+9KDElJ1XPHUyFJBZn++WXpC7zV766aHPULSYGhooiBimoluT8vOJ8oFpnCA1SyAABjCCFBQDX67qaYgAAAA==[0m:flashbuilder-integration:fb-swf-as:compileFlex
Executing task ':flashbuilder-integration:fb-swf-as:compileFlex' due to:
  Output file /var/lib/jenkins/workspace/GradleFx Testbed Build/flashbuilder-integration/fb-swf-as/build has changed.
  Output file /var/lib/jenkins/workspace/GradleFx Testbed Build/flashbuilder-integration/fb-swf-as/build/fb-swf-as.swf has been removed.
Compiling with mxmlc
	+configname=flex
	-load-config=
	-external-library-path+=/var/lib/jenkins/dependencies/sdks/Flex4.6/frameworks/libs/player/{targetPlayerMajorVersion}.{targetPlayerMinorVersion}/playerglobal.swc
	-source-path+=/var/lib/jenkins/workspace/GradleFx Testbed Build/flashbuilder-integration/fb-swf-as/src/main/actionscript
	-source-path+=/var/lib/jenkins/workspace/GradleFx Testbed Build/flashbuilder-integration/fb-swf-as/src/main/locale/{locale}
	-locale=nl_BE,fr_BE
	-external-library-path+=/var/lib/jenkins/workspace/GradleFx Testbed Build/flashbuilder-integration/fb-swc-as/build/fb-swc-as.swc
	-output=/var/lib/jenkins/workspace/GradleFx Testbed Build/flashbuilder-integration/fb-swf-as/build/fb-swf-as.swf
	/var/lib/jenkins/workspace/GradleFx Testbed Build/flashbuilder-integration/fb-swf-as/src/main/actionscript/Main.as
[mxmlc] /var/lib/jenkins/workspace/GradleFx Testbed Build/flashbuilder-integration/fb-swf-as/build/fb-swf-as.swf (282 bytes)
[8mha:AAAAYB+LCAAAAAAAAABb85aBtbiIQSWjNKU4P0+vIKc0PTOvWC+9KDElJ1XPHUyFJBZn++WXpC7zV766aHPULSYGhooiBimoluT8vOJ8oFpnCA1SyAABjCCFBQDX67qaYgAAAA==[0m:flashbuilder-integration:fb-swf-fx:copyresources
Task ':flashbuilder-integration:fb-swf-fx:copyresources' has not declared any outputs, assuming that it is out-of-date.
from /var/lib/jenkins/workspace/GradleFx Testbed Build/flashbuilder-integration/fb-swf-fx/src/main/resources to /var/lib/jenkins/workspace/GradleFx Testbed Build/flashbuilder-integration/fb-swf-fx/build
[8mha:AAAAYB+LCAAAAAAAAABb85aBtbiIQSWjNKU4P0+vIKc0PTOvWC+9KDElJ1XPHUyFJBZn++WXpC7zV766aHPULSYGhooiBimoluT8vOJ8oFpnCA1SyAABjCCFBQDX67qaYgAAAA==[0m:flashbuilder-integration:fb-swf-fx:compileFlex
Executing task ':flashbuilder-integration:fb-swf-fx:compileFlex' due to:
  Output file /var/lib/jenkins/workspace/GradleFx Testbed Build/flashbuilder-integration/fb-swf-fx/build has changed.
  Output file /var/lib/jenkins/workspace/GradleFx Testbed Build/flashbuilder-integration/fb-swf-fx/build/charts_4.6.0.23201.swz has been removed.
  Output file /var/lib/jenkins/workspace/GradleFx Testbed Build/flashbuilder-integration/fb-swf-fx/build/osmf_1.0.0.16316.swz has been removed.
  Output file /var/lib/jenkins/workspace/GradleFx Testbed Build/flashbuilder-integration/fb-swf-fx/build/rpc_4.6.0.23201.swz has been removed.
  Output file /var/lib/jenkins/workspace/GradleFx Testbed Build/flashbuilder-integration/fb-swf-fx/build/spark_dmv_4.6.0.23201.swz has been removed.
  Output file /var/lib/jenkins/workspace/GradleFx Testbed Build/flashbuilder-integration/fb-swf-fx/build/advancedgrids_4.6.0.23201.swz has been removed.
  Output file /var/lib/jenkins/workspace/GradleFx Testbed Build/flashbuilder-integration/fb-swf-fx/build/fb-swf-fx.swf has been removed.
  Output file /var/lib/jenkins/workspace/GradleFx Testbed Build/flashbuilder-integration/fb-swf-fx/build/spark_4.6.0.23201.swz has been removed.
  Output file /var/lib/jenkins/workspace/GradleFx Testbed Build/flashbuilder-integration/fb-swf-fx/build/sparkskins_4.6.0.23201.swz has been removed.
  Output file /var/lib/jenkins/workspace/GradleFx Testbed Build/flashbuilder-integration/fb-swf-fx/build/mx_4.6.0.23201.swz has been removed.
Compiling with mxmlc
	+configname=flex
	-source-path+=/var/lib/jenkins/workspace/GradleFx Testbed Build/flashbuilder-integration/fb-swf-fx/src/main/actionscript
	-source-path+=/var/lib/jenkins/workspace/GradleFx Testbed Build/flashbuilder-integration/fb-swf-fx/src/main/locale/{locale}
	-locale=en_US
	-external-library-path+=/var/lib/jenkins/.gradle/caches/artifacts-24/filestore/org.as3commons/as3commons-lang/0.3.2/swc/727bc6546e79c3bb63ccc939b7ebefa1a1ae03c6/as3commons-lang-0.3.2.swc
	-library-path+=/var/lib/jenkins/workspace/GradleFx Testbed Build/flashbuilder-integration/fb-swc-as/build/fb-swc-as.swc
	-theme+=/var/lib/jenkins/workspace/GradleFx Testbed Build/flashbuilder-integration/dependencies/wireframe.swc
	-runtime-shared-library-path+=/var/lib/jenkins/workspace/GradleFx Testbed Build/flashbuilder-integration/fb-swc-fx/build/fb-swc-fx.swc,fb-swc-fx.swf
	-output=/var/lib/jenkins/workspace/GradleFx Testbed Build/flashbuilder-integration/fb-swf-fx/build/fb-swf-fx.swf
	/var/lib/jenkins/workspace/GradleFx Testbed Build/flashbuilder-integration/fb-swf-fx/src/main/actionscript/org/gradlefx/Main.mxml
[mxmlc] Loading configuration file /var/lib/jenkins/dependencies/sdks/Flex4.6/frameworks/flex-config.xml
Required RSLs:
    http://fpdownload.adobe.com/pub/swz/flex/4.6.0.23201/framework_4.6.0.23201.swz with 1 failover.
    http://fpdownload.adobe.com/pub/swz/tlf/2.0.0.232/textLayout_2.0.0.232.swz with 1 failover.
    http://fpdownload.adobe.com/pub/swz/flex/4.6.0.23201/spark_4.6.0.23201.swz with 1 failover.
/var/lib/jenkins/workspace/GradleFx Testbed Build/flashbuilder-integration/fb-swf-fx/build/fb-swf-fx.swf (48159 bytes)
[8mha:AAAAYB+LCAAAAAAAAABb85aBtbiIQSWjNKU4P0+vIKc0PTOvWC+9KDElJ1XPHUyFJBZn++WXpC7zV766aHPULSYGhooiBimoluT8vOJ8oFpnCA1SyAABjCCFBQDX67qaYgAAAA==[0m:intellij-integration:iml-air-as:copyresources
Task ':intellij-integration:iml-air-as:copyresources' has not declared any outputs, assuming that it is out-of-date.
from /var/lib/jenkins/workspace/GradleFx Testbed Build/intellij-integration/iml-air-as/src/main/resources to /var/lib/jenkins/workspace/GradleFx Testbed Build/intellij-integration/iml-air-as/build
[8mha:AAAAYB+LCAAAAAAAAABb85aBtbiIQSWjNKU4P0+vIKc0PTOvWC+9KDElJ1XPHUyFJBZn++WXpC7zV766aHPULSYGhooiBimoluT8vOJ8oFpnCA1SyAABjCCFBQDX67qaYgAAAA==[0m:intellij-integration:iml-air-as:compileFlex
Executing task ':intellij-integration:iml-air-as:compileFlex' due to:
  Output file /var/lib/jenkins/workspace/GradleFx Testbed Build/intellij-integration/iml-air-as/build has changed.
  Output file /var/lib/jenkins/workspace/GradleFx Testbed Build/intellij-integration/iml-air-as/build/iml-air-as.swf has been removed.
WARNING: The -external-library-path option is being used internally by GradleFx. Alternative: specify the library as an 'external' Gradle dependendency
Compiling with mxmlc
	+configname=air
	-load-config=
	-external-library-path+=/var/lib/jenkins/dependencies/sdks/Flex4.6/frameworks/
	-source-path+=/var/lib/jenkins/workspace/GradleFx Testbed Build/intellij-integration/iml-air-as/src/main/actionscript
	-external-library-path+=libs/player/{targetPlayerMajorVersion}.{targetPlayerMinorVersion}/playerglobal.swc
	-output=/var/lib/jenkins/workspace/GradleFx Testbed Build/intellij-integration/iml-air-as/build/iml-air-as.swf
	/var/lib/jenkins/workspace/GradleFx Testbed Build/intellij-integration/iml-air-as/src/main/actionscript/Main.as
[mxmlc] /var/lib/jenkins/workspace/GradleFx Testbed Build/intellij-integration/iml-air-as/build/iml-air-as.swf (283 bytes)
[8mha:AAAAYB+LCAAAAAAAAABb85aBtbiIQSWjNKU4P0+vIKc0PTOvWC+9KDElJ1XPHUyFJBZn++WXpC7zV766aHPULSYGhooiBimoluT8vOJ8oFpnCA1SyAABjCCFBQDX67qaYgAAAA==[0m:intellij-integration:iml-air-fx:copyresources
Task ':intellij-integration:iml-air-fx:copyresources' has not declared any outputs, assuming that it is out-of-date.
from /var/lib/jenkins/workspace/GradleFx Testbed Build/intellij-integration/iml-air-fx/src/main/resources to /var/lib/jenkins/workspace/GradleFx Testbed Build/intellij-integration/iml-air-fx/build
[8mha:AAAAYB+LCAAAAAAAAABb85aBtbiIQSWjNKU4P0+vIKc0PTOvWC+9KDElJ1XPHUyFJBZn++WXpC7zV766aHPULSYGhooiBimoluT8vOJ8oFpnCA1SyAABjCCFBQDX67qaYgAAAA==[0m:intellij-integration:iml-air-fx:compileFlex
Executing task ':intellij-integration:iml-air-fx:compileFlex' due to:
  Output file /var/lib/jenkins/workspace/GradleFx Testbed Build/intellij-integration/iml-air-fx/build has changed.
  Output file /var/lib/jenkins/workspace/GradleFx Testbed Build/intellij-integration/iml-air-fx/build/spark_4.6.0.23201.swz has been removed.
  Output file /var/lib/jenkins/workspace/GradleFx Testbed Build/intellij-integration/iml-air-fx/build/mx_4.6.0.23201.swz has been removed.
  Output file /var/lib/jenkins/workspace/GradleFx Testbed Build/intellij-integration/iml-air-fx/build/advancedgrids_4.6.0.23201.swz has been removed.
  Output file /var/lib/jenkins/workspace/GradleFx Testbed Build/intellij-integration/iml-air-fx/build/iml-air-fx.swf has been removed.
  Output file /var/lib/jenkins/workspace/GradleFx Testbed Build/intellij-integration/iml-air-fx/build/framework_4.6.0.23201.swz has been removed.
  Output file /var/lib/jenkins/workspace/GradleFx Testbed Build/intellij-integration/iml-air-fx/build/osmf_1.0.0.16316.swz has been removed.
  Output file /var/lib/jenkins/workspace/GradleFx Testbed Build/intellij-integration/iml-air-fx/build/spark_dmv_4.6.0.23201.swz has been removed.
  Output file /var/lib/jenkins/workspace/GradleFx Testbed Build/intellij-integration/iml-air-fx/build/textLayout_2.0.0.232.swz has been removed.
  Output file /var/lib/jenkins/workspace/GradleFx Testbed Build/intellij-integration/iml-air-fx/build/charts_4.6.0.23201.swz has been removed.
Compiling with mxmlc
	+configname=air
	-source-path+=/var/lib/jenkins/workspace/GradleFx Testbed Build/intellij-integration/iml-air-fx/src/main/actionscript
	-output=/var/lib/jenkins/workspace/GradleFx Testbed Build/intellij-integration/iml-air-fx/build/iml-air-fx.swf
	/var/lib/jenkins/workspace/GradleFx Testbed Build/intellij-integration/iml-air-fx/src/main/actionscript/Main.mxml
[mxmlc] Loading configuration file /var/lib/jenkins/dependencies/sdks/Flex4.6/frameworks/air-config.xml
/var/lib/jenkins/workspace/GradleFx Testbed Build/intellij-integration/iml-air-fx/build/iml-air-fx.swf (407342 bytes)
[8mha:AAAAYB+LCAAAAAAAAABb85aBtbiIQSWjNKU4P0+vIKc0PTOvWC+9KDElJ1XPHUyFJBZn++WXpC7zV766aHPULSYGhooiBimoluT8vOJ8oFpnCA1SyAABjCCFBQDX67qaYgAAAA==[0m:intellij-integration:iml-mobile-android-as:copyresources
Task ':intellij-integration:iml-mobile-android-as:copyresources' has not declared any outputs, assuming that it is out-of-date.
from /var/lib/jenkins/workspace/GradleFx Testbed Build/intellij-integration/iml-mobile-android-as/src/main/resources to /var/lib/jenkins/workspace/GradleFx Testbed Build/intellij-integration/iml-mobile-android-as/build
[8mha:AAAAYB+LCAAAAAAAAABb85aBtbiIQSWjNKU4P0+vIKc0PTOvWC+9KDElJ1XPHUyFJBZn++WXpC7zV766aHPULSYGhooiBimoluT8vOJ8oFpnCA1SyAABjCCFBQDX67qaYgAAAA==[0m:intellij-integration:iml-mobile-android-as:compileFlex
Executing task ':intellij-integration:iml-mobile-android-as:compileFlex' due to:
  Output file /var/lib/jenkins/workspace/GradleFx Testbed Build/intellij-integration/iml-mobile-android-as/build has changed.
  Output file /var/lib/jenkins/workspace/GradleFx Testbed Build/intellij-integration/iml-mobile-android-as/build/iml-mobile-android-as.swf has been removed.
WARNING: The -external-library-path option is being used internally by GradleFx. Alternative: specify the library as an 'external' Gradle dependendency
Compiling with mxmlc
	+configname=airmobile
	-load-config=
	-external-library-path+=/var/lib/jenkins/dependencies/sdks/Flex4.6/frameworks/
	-source-path+=/var/lib/jenkins/workspace/GradleFx Testbed Build/intellij-integration/iml-mobile-android-as/src/main/actionscript
	-external-library-path+=libs/player/{targetPlayerMajorVersion}.{targetPlayerMinorVersion}/playerglobal.swc
	-output=/var/lib/jenkins/workspace/GradleFx Testbed Build/intellij-integration/iml-mobile-android-as/build/iml-mobile-android-as.swf
	/var/lib/jenkins/workspace/GradleFx Testbed Build/intellij-integration/iml-mobile-android-as/src/main/actionscript/MainTestApp.as
[mxmlc] /var/lib/jenkins/workspace/GradleFx Testbed Build/intellij-integration/iml-mobile-android-as/build/iml-mobile-android-as.swf (364 bytes)
[8mha:AAAAYB+LCAAAAAAAAABb85aBtbiIQSWjNKU4P0+vIKc0PTOvWC+9KDElJ1XPHUyFJBZn++WXpC7zV766aHPULSYGhooiBimoluT8vOJ8oFpnCA1SyAABjCCFBQDX67qaYgAAAA==[0m:intellij-integration:iml-mobile-android-fx:copyresources
Task ':intellij-integration:iml-mobile-android-fx:copyresources' has not declared any outputs, assuming that it is out-of-date.
from /var/lib/jenkins/workspace/GradleFx Testbed Build/intellij-integration/iml-mobile-android-fx/src/main/resources to /var/lib/jenkins/workspace/GradleFx Testbed Build/intellij-integration/iml-mobile-android-fx/build
[8mha:AAAAYB+LCAAAAAAAAABb85aBtbiIQSWjNKU4P0+vIKc0PTOvWC+9KDElJ1XPHUyFJBZn++WXpC7zV766aHPULSYGhooiBimoluT8vOJ8oFpnCA1SyAABjCCFBQDX67qaYgAAAA==[0m:intellij-integration:iml-mobile-android-fx:compileFlex
Executing task ':intellij-integration:iml-mobile-android-fx:compileFlex' due to:
  Output file /var/lib/jenkins/workspace/GradleFx Testbed Build/intellij-integration/iml-mobile-android-fx/build has changed.
  Output file /var/lib/jenkins/workspace/GradleFx Testbed Build/intellij-integration/iml-mobile-android-fx/build/iml-mobile-android-fx.swf has been removed.
Compiling with mxmlc
	+configname=airmobile
	-source-path+=/var/lib/jenkins/workspace/GradleFx Testbed Build/intellij-integration/iml-mobile-android-fx/src/main/actionscript
	-output=/var/lib/jenkins/workspace/GradleFx Testbed Build/intellij-integration/iml-mobile-android-fx/build/iml-mobile-android-fx.swf
	/var/lib/jenkins/workspace/GradleFx Testbed Build/intellij-integration/iml-mobile-android-fx/src/main/actionscript/MainTestApp.mxml
[mxmlc] Loading configuration file /var/lib/jenkins/dependencies/sdks/Flex4.6/frameworks/airmobile-config.xml
/var/lib/jenkins/workspace/GradleFx Testbed Build/intellij-integration/iml-mobile-android-fx/build/iml-mobile-android-fx.swf (518337 bytes)
[8mha:AAAAYB+LCAAAAAAAAABb85aBtbiIQSWjNKU4P0+vIKc0PTOvWC+9KDElJ1XPHUyFJBZn++WXpC7zV766aHPULSYGhooiBimoluT8vOJ8oFpnCA1SyAABjCCFBQDX67qaYgAAAA==[0m:intellij-integration:iml-mobile-ios-as:copyresources
Task ':intellij-integration:iml-mobile-ios-as:copyresources' has not declared any outputs, assuming that it is out-of-date.
from /var/lib/jenkins/workspace/GradleFx Testbed Build/intellij-integration/iml-mobile-ios-as/src/main/resources to /var/lib/jenkins/workspace/GradleFx Testbed Build/intellij-integration/iml-mobile-ios-as/build
[8mha:AAAAYB+LCAAAAAAAAABb85aBtbiIQSWjNKU4P0+vIKc0PTOvWC+9KDElJ1XPHUyFJBZn++WXpC7zV766aHPULSYGhooiBimoluT8vOJ8oFpnCA1SyAABjCCFBQDX67qaYgAAAA==[0m:intellij-integration:iml-mobile-ios-as:compileFlex
Executing task ':intellij-integration:iml-mobile-ios-as:compileFlex' due to:
  Output file /var/lib/jenkins/workspace/GradleFx Testbed Build/intellij-integration/iml-mobile-ios-as/build has changed.
  Output file /var/lib/jenkins/workspace/GradleFx Testbed Build/intellij-integration/iml-mobile-ios-as/build/iml-mobile-ios-as.swf has been removed.
WARNING: The -external-library-path option is being used internally by GradleFx. Alternative: specify the library as an 'external' Gradle dependendency
Compiling with mxmlc
	+configname=airmobile
	-load-config=
	-external-library-path+=/var/lib/jenkins/dependencies/sdks/Flex4.6/frameworks/
	-source-path+=/var/lib/jenkins/workspace/GradleFx Testbed Build/intellij-integration/iml-mobile-ios-as/src/main/actionscript
	-external-library-path+=libs/player/{targetPlayerMajorVersion}.{targetPlayerMinorVersion}/playerglobal.swc
	-output=/var/lib/jenkins/workspace/GradleFx Testbed Build/intellij-integration/iml-mobile-ios-as/build/iml-mobile-ios-as.swf
	/var/lib/jenkins/workspace/GradleFx Testbed Build/intellij-integration/iml-mobile-ios-as/src/main/actionscript/MainTestApp.as
[mxmlc] /var/lib/jenkins/workspace/GradleFx Testbed Build/intellij-integration/iml-mobile-ios-as/build/iml-mobile-ios-as.swf (365 bytes)
[8mha:AAAAYB+LCAAAAAAAAABb85aBtbiIQSWjNKU4P0+vIKc0PTOvWC+9KDElJ1XPHUyFJBZn++WXpC7zV766aHPULSYGhooiBimoluT8vOJ8oFpnCA1SyAABjCCFBQDX67qaYgAAAA==[0m:intellij-integration:iml-mobile-ios-fx:copyresources
Task ':intellij-integration:iml-mobile-ios-fx:copyresources' has not declared any outputs, assuming that it is out-of-date.
from /var/lib/jenkins/workspace/GradleFx Testbed Build/intellij-integration/iml-mobile-ios-fx/src/main/resources to /var/lib/jenkins/workspace/GradleFx Testbed Build/intellij-integration/iml-mobile-ios-fx/build
[8mha:AAAAYB+LCAAAAAAAAABb85aBtbiIQSWjNKU4P0+vIKc0PTOvWC+9KDElJ1XPHUyFJBZn++WXpC7zV766aHPULSYGhooiBimoluT8vOJ8oFpnCA1SyAABjCCFBQDX67qaYgAAAA==[0m:intellij-integration:iml-mobile-ios-fx:compileFlex
Executing task ':intellij-integration:iml-mobile-ios-fx:compileFlex' due to:
  Output file /var/lib/jenkins/workspace/GradleFx Testbed Build/intellij-integration/iml-mobile-ios-fx/build has changed.
  Output file /var/lib/jenkins/workspace/GradleFx Testbed Build/intellij-integration/iml-mobile-ios-fx/build/iml-mobile-ios-fx.swf has been removed.
Compiling with mxmlc
	+configname=airmobile
	-source-path+=/var/lib/jenkins/workspace/GradleFx Testbed Build/intellij-integration/iml-mobile-ios-fx/src/main/actionscript
	-output=/var/lib/jenkins/workspace/GradleFx Testbed Build/intellij-integration/iml-mobile-ios-fx/build/iml-mobile-ios-fx.swf
	/var/lib/jenkins/workspace/GradleFx Testbed Build/intellij-integration/iml-mobile-ios-fx/src/main/actionscript/MainTestApp.mxml
[mxmlc] Loading configuration file /var/lib/jenkins/dependencies/sdks/Flex4.6/frameworks/airmobile-config.xml
/var/lib/jenkins/workspace/GradleFx Testbed Build/intellij-integration/iml-mobile-ios-fx/build/iml-mobile-ios-fx.swf (518338 bytes)
[8mha:AAAAYB+LCAAAAAAAAABb85aBtbiIQSWjNKU4P0+vIKc0PTOvWC+9KDElJ1XPHUyFJBZn++WXpC7zV766aHPULSYGhooiBimoluT8vOJ8oFpnCA1SyAABjCCFBQDX67qaYgAAAA==[0m:intellij-integration:iml-swc-as:compileFlex
Executing task ':intellij-integration:iml-swc-as:compileFlex' due to:
  Output file /var/lib/jenkins/workspace/GradleFx Testbed Build/intellij-integration/iml-swc-as/build has changed.
  Output file /var/lib/jenkins/workspace/GradleFx Testbed Build/intellij-integration/iml-swc-as/build/iml-swc-as.swc has been removed.
Compiling with compc
	-load-config=
	-external-library-path+=/var/lib/jenkins/dependencies/sdks/Flex4.6/frameworks/libs/player/{targetPlayerMajorVersion}.{targetPlayerMinorVersion}/playerglobal.swc
	-source-path+=/var/lib/jenkins/workspace/GradleFx Testbed Build/intellij-integration/iml-swc-as/src/main/actionscript
	-include-sources+=/var/lib/jenkins/workspace/GradleFx Testbed Build/intellij-integration/iml-swc-as/src/main/actionscript
	-output=/var/lib/jenkins/workspace/GradleFx Testbed Build/intellij-integration/iml-swc-as/build/iml-swc-as.swc
[compc] /var/lib/jenkins/workspace/GradleFx Testbed Build/intellij-integration/iml-swc-as/build/iml-swc-as.swc (1381 bytes)
[8mha:AAAAYB+LCAAAAAAAAABb85aBtbiIQSWjNKU4P0+vIKc0PTOvWC+9KDElJ1XPHUyFJBZn++WXpC7zV766aHPULSYGhooiBimoluT8vOJ8oFpnCA1SyAABjCCFBQDX67qaYgAAAA==[0m:intellij-integration:iml-swc-fx:compileFlex
Executing task ':intellij-integration:iml-swc-fx:compileFlex' due to:
  Output file /var/lib/jenkins/workspace/GradleFx Testbed Build/intellij-integration/iml-swc-fx/build has changed.
  Output file /var/lib/jenkins/workspace/GradleFx Testbed Build/intellij-integration/iml-swc-fx/build/iml-swc-fx.swc has been removed.
Compiling with compc
	-runtime-shared-library-path=
	-external-library-path+=/var/lib/jenkins/dependencies/sdks/Flex4.6/frameworks/libs/framework.swc
	-external-library-path+=/var/lib/jenkins/dependencies/sdks/Flex4.6/frameworks/libs/textLayout.swc
	-external-library-path+=/var/lib/jenkins/dependencies/sdks/Flex4.6/frameworks/libs/spark.swc
	-external-library-path+=/var/lib/jenkins/dependencies/sdks/Flex4.6/frameworks/libs/sparkskins.swc
	-external-library-path+=/var/lib/jenkins/dependencies/sdks/Flex4.6/frameworks/libs/rpc.swc
	-external-library-path+=/var/lib/jenkins/dependencies/sdks/Flex4.6/frameworks/libs/charts.swc
	-external-library-path+=/var/lib/jenkins/dependencies/sdks/Flex4.6/frameworks/libs/spark_dmv.swc
	-external-library-path+=/var/lib/jenkins/dependencies/sdks/Flex4.6/frameworks/libs/osmf.swc
	-external-library-path+=/var/lib/jenkins/dependencies/sdks/Flex4.6/frameworks/libs/mx/mx.swc
	-external-library-path+=/var/lib/jenkins/dependencies/sdks/Flex4.6/frameworks/libs/advancedgrids.swc
	-source-path+=/var/lib/jenkins/workspace/GradleFx Testbed Build/intellij-integration/iml-swc-fx/src/main/actionscript
	-include-sources+=/var/lib/jenkins/workspace/GradleFx Testbed Build/intellij-integration/iml-swc-fx/src/main/actionscript
	-external-library-path+=/var/lib/jenkins/workspace/GradleFx Testbed Build/intellij-integration/iml-swc-as/build/iml-swc-as.swc
	-output=/var/lib/jenkins/workspace/GradleFx Testbed Build/intellij-integration/iml-swc-fx/build/iml-swc-fx.swc
[compc] Loading configuration file /var/lib/jenkins/dependencies/sdks/Flex4.6/frameworks/flex-config.xml
/var/lib/jenkins/workspace/GradleFx Testbed Build/intellij-integration/iml-swc-fx/build/iml-swc-fx.swc (1034 bytes)
[8mha:AAAAYB+LCAAAAAAAAABb85aBtbiIQSWjNKU4P0+vIKc0PTOvWC+9KDElJ1XPHUyFJBZn++WXpC7zV766aHPULSYGhooiBimoluT8vOJ8oFpnCA1SyAABjCCFBQDX67qaYgAAAA==[0m:intellij-integration:iml-swf-as:copyresources
Task ':intellij-integration:iml-swf-as:copyresources' has not declared any outputs, assuming that it is out-of-date.
from /var/lib/jenkins/workspace/GradleFx Testbed Build/intellij-integration/iml-swf-as/src/main/resources to /var/lib/jenkins/workspace/GradleFx Testbed Build/intellij-integration/iml-swf-as/build
[8mha:AAAAYB+LCAAAAAAAAABb85aBtbiIQSWjNKU4P0+vIKc0PTOvWC+9KDElJ1XPHUyFJBZn++WXpC7zV766aHPULSYGhooiBimoluT8vOJ8oFpnCA1SyAABjCCFBQDX67qaYgAAAA==[0m:intellij-integration:iml-swf-as:compileFlex
Executing task ':intellij-integration:iml-swf-as:compileFlex' due to:
  Output file /var/lib/jenkins/workspace/GradleFx Testbed Build/intellij-integration/iml-swf-as/build has changed.
  Output file /var/lib/jenkins/workspace/GradleFx Testbed Build/intellij-integration/iml-swf-as/build/iml-swf-as.swf has been removed.
Compiling with mxmlc
	+configname=flex
	-load-config=
	-external-library-path+=/var/lib/jenkins/dependencies/sdks/Flex4.6/frameworks/libs/player/{targetPlayerMajorVersion}.{targetPlayerMinorVersion}/playerglobal.swc
	-source-path+=/var/lib/jenkins/workspace/GradleFx Testbed Build/intellij-integration/iml-swf-as/src/main/actionscript
	-external-library-path+=/var/lib/jenkins/workspace/GradleFx Testbed Build/intellij-integration/iml-swc-as/build/iml-swc-as.swc
	-output=/var/lib/jenkins/workspace/GradleFx Testbed Build/intellij-integration/iml-swf-as/build/iml-swf-as.swf
	/var/lib/jenkins/workspace/GradleFx Testbed Build/intellij-integration/iml-swf-as/src/main/actionscript/org/gradlefx/MainTestApp.as
[mxmlc] /var/lib/jenkins/workspace/GradleFx Testbed Build/intellij-integration/iml-swf-as/build/iml-swf-as.swf (321 bytes)
[8mha:AAAAYB+LCAAAAAAAAABb85aBtbiIQSWjNKU4P0+vIKc0PTOvWC+9KDElJ1XPHUyFJBZn++WXpC7zV766aHPULSYGhooiBimoluT8vOJ8oFpnCA1SyAABjCCFBQDX67qaYgAAAA==[0m:intellij-integration:iml-swf-fx:copyresources
Task ':intellij-integration:iml-swf-fx:copyresources' has not declared any outputs, assuming that it is out-of-date.
from /var/lib/jenkins/workspace/GradleFx Testbed Build/intellij-integration/iml-swf-fx/src/main/resources to /var/lib/jenkins/workspace/GradleFx Testbed Build/intellij-integration/iml-swf-fx/build
[8mha:AAAAYB+LCAAAAAAAAABb85aBtbiIQSWjNKU4P0+vIKc0PTOvWC+9KDElJ1XPHUyFJBZn++WXpC7zV766aHPULSYGhooiBimoluT8vOJ8oFpnCA1SyAABjCCFBQDX67qaYgAAAA==[0m:intellij-integration:iml-swf-fx:compileFlex
Executing task ':intellij-integration:iml-swf-fx:compileFlex' due to:
  Output file /var/lib/jenkins/workspace/GradleFx Testbed Build/intellij-integration/iml-swf-fx/build has changed.
  Output file /var/lib/jenkins/workspace/GradleFx Testbed Build/intellij-integration/iml-swf-fx/build/textLayout_2.0.0.232.swz has been removed.
  Output file /var/lib/jenkins/workspace/GradleFx Testbed Build/intellij-integration/iml-swf-fx/build/charts_4.6.0.23201.swz has been removed.
  Output file /var/lib/jenkins/workspace/GradleFx Testbed Build/intellij-integration/iml-swf-fx/build/advancedgrids_4.6.0.23201.swz has been removed.
  Output file /var/lib/jenkins/workspace/GradleFx Testbed Build/intellij-integration/iml-swf-fx/build/spark_dmv_4.6.0.23201.swz has been removed.
  Output file /var/lib/jenkins/workspace/GradleFx Testbed Build/intellij-integration/iml-swf-fx/build/framework_4.6.0.23201.swz has been removed.
  Output file /var/lib/jenkins/workspace/GradleFx Testbed Build/intellij-integration/iml-swf-fx/build/rpc_4.6.0.23201.swz has been removed.
  Output file /var/lib/jenkins/workspace/GradleFx Testbed Build/intellij-integration/iml-swf-fx/build/iml-swf-fx.swf has been removed.
  Output file /var/lib/jenkins/workspace/GradleFx Testbed Build/intellij-integration/iml-swf-fx/build/osmf_1.0.0.16316.swz has been removed.
  Output file /var/lib/jenkins/workspace/GradleFx Testbed Build/intellij-integration/iml-swf-fx/build/sparkskins_4.6.0.23201.swz has been removed.
Compiling with mxmlc
	+configname=flex
	-source-path+=/var/lib/jenkins/workspace/GradleFx Testbed Build/intellij-integration/iml-swf-fx/src/main/actionscript
	-library-path+=/var/lib/jenkins/workspace/GradleFx Testbed Build/intellij-integration/iml-swc-as/build/iml-swc-as.swc
	-theme+=/var/lib/jenkins/workspace/GradleFx Testbed Build/intellij-integration/dependencies/wireframe.swc
	-runtime-shared-library-path+=/var/lib/jenkins/workspace/GradleFx Testbed Build/intellij-integration/iml-swc-fx/build/iml-swc-fx.swc,iml-swc-fx.swf
	-output=/var/lib/jenkins/workspace/GradleFx Testbed Build/intellij-integration/iml-swf-fx/build/iml-swf-fx.swf
	/var/lib/jenkins/workspace/GradleFx Testbed Build/intellij-integration/iml-swf-fx/src/main/actionscript/org/gradlefx/MainTestApp.mxml
[mxmlc] Loading configuration file /var/lib/jenkins/dependencies/sdks/Flex4.6/frameworks/flex-config.xml
Required RSLs:
    http://fpdownload.adobe.com/pub/swz/flex/4.6.0.23201/framework_4.6.0.23201.swz with 1 failover.
    http://fpdownload.adobe.com/pub/swz/tlf/2.0.0.232/textLayout_2.0.0.232.swz with 1 failover.
    http://fpdownload.adobe.com/pub/swz/flex/4.6.0.23201/spark_4.6.0.23201.swz with 1 failover.
/var/lib/jenkins/workspace/GradleFx Testbed Build/intellij-integration/iml-swf-fx/build/iml-swf-fx.swf (48177 bytes)
[8mha:AAAAYB+LCAAAAAAAAABb85aBtbiIQSWjNKU4P0+vIKc0PTOvWC+9KDElJ1XPHUyFJBZn++WXpC7zV766aHPULSYGhooiBimoluT8vOJ8oFpnCA1SyAABjCCFBQDX67qaYgAAAA==[0m:multiproject-all-conventions:assets:compileFlex
Executing task ':multiproject-all-conventions:assets:compileFlex' due to:
  Output file /var/lib/jenkins/workspace/GradleFx Testbed Build/multiproject-all-conventions/assets/build has changed.
  Output file /var/lib/jenkins/workspace/GradleFx Testbed Build/multiproject-all-conventions/assets/build/assets.swc has been removed.
Compiling with compc
	-runtime-shared-library-path=
	-external-library-path+=/var/lib/jenkins/dependencies/sdks/Flex4.6/frameworks/libs/framework.swc
	-external-library-path+=/var/lib/jenkins/dependencies/sdks/Flex4.6/frameworks/libs/textLayout.swc
	-external-library-path+=/var/lib/jenkins/dependencies/sdks/Flex4.6/frameworks/libs/spark.swc
	-external-library-path+=/var/lib/jenkins/dependencies/sdks/Flex4.6/frameworks/libs/sparkskins.swc
	-external-library-path+=/var/lib/jenkins/dependencies/sdks/Flex4.6/frameworks/libs/rpc.swc
	-external-library-path+=/var/lib/jenkins/dependencies/sdks/Flex4.6/frameworks/libs/charts.swc
	-external-library-path+=/var/lib/jenkins/dependencies/sdks/Flex4.6/frameworks/libs/spark_dmv.swc
	-external-library-path+=/var/lib/jenkins/dependencies/sdks/Flex4.6/frameworks/libs/osmf.swc
	-external-library-path+=/var/lib/jenkins/dependencies/sdks/Flex4.6/frameworks/libs/mx/mx.swc
	-external-library-path+=/var/lib/jenkins/dependencies/sdks/Flex4.6/frameworks/libs/advancedgrids.swc
	-include-file
	images/warning-icon.png
	/var/lib/jenkins/workspace/GradleFx Testbed Build/multiproject-all-conventions/assets/src/main/resources/images/warning-icon.png
	-external-library-path+=/var/lib/jenkins/.gradle/caches/artifacts-24/filestore/org.springextensions.actionscript/spring-actionscript-core/1.2-SNAPSHOT/swc/77a138a127ce33f7bea9ba3ab0ede43fd23845d5/spring-actionscript-core-1.2-SNAPSHOT.swc
	-external-library-path+=/var/lib/jenkins/.gradle/caches/artifacts-24/filestore/org.as3commons/as3commons-collections/1.1/swc/6f1afabb411dd065b8caae24d9886a8a268b5fbf/as3commons-collections-1.1.swc
	-external-library-path+=/var/lib/jenkins/.gradle/caches/artifacts-24/filestore/org.as3commons/as3commons-lang/0.3.2/swc/727bc6546e79c3bb63ccc939b7ebefa1a1ae03c6/as3commons-lang-0.3.2.swc
	-external-library-path+=/var/lib/jenkins/.gradle/caches/artifacts-24/filestore/org.graniteds/granite-swc/2.2.0.SP1/swc/9d925fb9da7d66ebe45578da4e5ad04161f89ffa/granite-swc-2.2.0.SP1.swc
	-external-library-path+=/var/lib/jenkins/.gradle/caches/artifacts-24/filestore/org.graniteds/granite-essentials-swc/2.2.0.SP1/swc/bc19d391f529458acb5864accad6ff2f51793261/granite-essentials-swc-2.2.0.SP1.swc
	-output=/var/lib/jenkins/workspace/GradleFx Testbed Build/multiproject-all-conventions/assets/build/assets.swc
[compc] Loading configuration file /var/lib/jenkins/dependencies/sdks/Flex4.6/frameworks/flex-config.xml
/var/lib/jenkins/workspace/GradleFx Testbed Build/multiproject-all-conventions/assets/build/assets.swc (4097 bytes)
[8mha:AAAAYB+LCAAAAAAAAABb85aBtbiIQSWjNKU4P0+vIKc0PTOvWC+9KDElJ1XPHUyFJBZn++WXpC7zV766aHPULSYGhooiBimoluT8vOJ8oFpnCA1SyAABjCCFBQDX67qaYgAAAA==[0m:multiproject-all-conventions:client:copyresources
Task ':multiproject-all-conventions:client:copyresources' has not declared any outputs, assuming that it is out-of-date.
from /var/lib/jenkins/workspace/GradleFx Testbed Build/multiproject-all-conventions/client/src/main/resources to /var/lib/jenkins/workspace/GradleFx Testbed Build/multiproject-all-conventions/client/build
[8mha:AAAAYB+LCAAAAAAAAABb85aBtbiIQSWjNKU4P0+vIKc0PTOvWC+9KDElJ1XPHUyFJBZn++WXpC7zV766aHPULSYGhooiBimoluT8vOJ8oFpnCA1SyAABjCCFBQDX67qaYgAAAA==[0m:multiproject-all-conventions:domain:compileFlex
Executing task ':multiproject-all-conventions:domain:compileFlex' due to:
  Output file /var/lib/jenkins/workspace/GradleFx Testbed Build/multiproject-all-conventions/domain/build has changed.
  Output file /var/lib/jenkins/workspace/GradleFx Testbed Build/multiproject-all-conventions/domain/build/domain.swc has been removed.
Compiling with compc
	-runtime-shared-library-path=
	-external-library-path+=/var/lib/jenkins/dependencies/sdks/Flex4.6/frameworks/libs/framework.swc
	-external-library-path+=/var/lib/jenkins/dependencies/sdks/Flex4.6/frameworks/libs/textLayout.swc
	-external-library-path+=/var/lib/jenkins/dependencies/sdks/Flex4.6/frameworks/libs/spark.swc
	-external-library-path+=/var/lib/jenkins/dependencies/sdks/Flex4.6/frameworks/libs/sparkskins.swc
	-external-library-path+=/var/lib/jenkins/dependencies/sdks/Flex4.6/frameworks/libs/rpc.swc
	-external-library-path+=/var/lib/jenkins/dependencies/sdks/Flex4.6/frameworks/libs/charts.swc
	-external-library-path+=/var/lib/jenkins/dependencies/sdks/Flex4.6/frameworks/libs/spark_dmv.swc
	-external-library-path+=/var/lib/jenkins/dependencies/sdks/Flex4.6/frameworks/libs/osmf.swc
	-external-library-path+=/var/lib/jenkins/dependencies/sdks/Flex4.6/frameworks/libs/mx/mx.swc
	-external-library-path+=/var/lib/jenkins/dependencies/sdks/Flex4.6/frameworks/libs/advancedgrids.swc
	-source-path+=/var/lib/jenkins/workspace/GradleFx Testbed Build/multiproject-all-conventions/domain/src/main/actionscript
	-include-sources+=/var/lib/jenkins/workspace/GradleFx Testbed Build/multiproject-all-conventions/domain/src/main/actionscript
	-include-file
	test.txt
	/var/lib/jenkins/workspace/GradleFx Testbed Build/multiproject-all-conventions/domain/src/main/resources/test.txt
	-external-library-path+=/var/lib/jenkins/.gradle/caches/artifacts-24/filestore/org.springextensions.actionscript/spring-actionscript-core/1.2-SNAPSHOT/swc/77a138a127ce33f7bea9ba3ab0ede43fd23845d5/spring-actionscript-core-1.2-SNAPSHOT.swc
	-external-library-path+=/var/lib/jenkins/.gradle/caches/artifacts-24/filestore/org.as3commons/as3commons-collections/1.1/swc/6f1afabb411dd065b8caae24d9886a8a268b5fbf/as3commons-collections-1.1.swc
	-external-library-path+=/var/lib/jenkins/.gradle/caches/artifacts-24/filestore/org.as3commons/as3commons-lang/0.3.2/swc/727bc6546e79c3bb63ccc939b7ebefa1a1ae03c6/as3commons-lang-0.3.2.swc
	-external-library-path+=/var/lib/jenkins/.gradle/caches/artifacts-24/filestore/org.graniteds/granite-swc/2.2.0.SP1/swc/9d925fb9da7d66ebe45578da4e5ad04161f89ffa/granite-swc-2.2.0.SP1.swc
	-external-library-path+=/var/lib/jenkins/.gradle/caches/artifacts-24/filestore/org.graniteds/granite-essentials-swc/2.2.0.SP1/swc/bc19d391f529458acb5864accad6ff2f51793261/granite-essentials-swc-2.2.0.SP1.swc
	-external-library-path+=/var/lib/jenkins/workspace/GradleFx Testbed Build/multiproject-all-conventions/util/build/util.swc
	-output=/var/lib/jenkins/workspace/GradleFx Testbed Build/multiproject-all-conventions/domain/build/domain.swc
[compc] Loading configuration file /var/lib/jenkins/dependencies/sdks/Flex4.6/frameworks/flex-config.xml
/var/lib/jenkins/workspace/GradleFx Testbed Build/multiproject-all-conventions/domain/build/domain.swc (2108 bytes)
[8mha:AAAAYB+LCAAAAAAAAABb85aBtbiIQSWjNKU4P0+vIKc0PTOvWC+9KDElJ1XPHUyFJBZn++WXpC7zV766aHPULSYGhooiBimoluT8vOJ8oFpnCA1SyAABjCCFBQDX67qaYgAAAA==[0m:multiproject-all-conventions:client:compileFlex
Executing task ':multiproject-all-conventions:client:compileFlex' due to:
  Output file /var/lib/jenkins/workspace/GradleFx Testbed Build/multiproject-all-conventions/client/build/rpc_4.6.0.23201.swz has been removed.
  Output file /var/lib/jenkins/workspace/GradleFx Testbed Build/multiproject-all-conventions/client/build/charts_4.6.0.23201.swz has been removed.
  Output file /var/lib/jenkins/workspace/GradleFx Testbed Build/multiproject-all-conventions/client/build/textLayout_2.0.0.232.swz has been removed.
  Output file /var/lib/jenkins/workspace/GradleFx Testbed Build/multiproject-all-conventions/client/build/spark_dmv_4.6.0.23201.swz has been removed.
  Output file /var/lib/jenkins/workspace/GradleFx Testbed Build/multiproject-all-conventions/client/build/advancedgrids_4.6.0.23201.swz has been removed.
  Output file /var/lib/jenkins/workspace/GradleFx Testbed Build/multiproject-all-conventions/client/build/client.swf has been removed.
  Output file /var/lib/jenkins/workspace/GradleFx Testbed Build/multiproject-all-conventions/client/build/spark_4.6.0.23201.swz has been removed.
  Output file /var/lib/jenkins/workspace/GradleFx Testbed Build/multiproject-all-conventions/client/build/sparkskins_4.6.0.23201.swz has been removed.
  Output file /var/lib/jenkins/workspace/GradleFx Testbed Build/multiproject-all-conventions/client/build/osmf_1.0.0.16316.swz has been removed.
  Output file /var/lib/jenkins/workspace/GradleFx Testbed Build/multiproject-all-conventions/client/build/mx_4.6.0.23201.swz has been removed.
WARNING: The -locale option is being used internally by GradleFx. Alternative: add the locale to the 'locales' flexConvention property. e.g. locales.add('EN_US')
Compiling with mxmlc
	+configname=flex
	-source-path+=/var/lib/jenkins/workspace/GradleFx Testbed Build/multiproject-all-conventions/client/src/main/actionscript
	-source-path+=/var/lib/jenkins/workspace/GradleFx Testbed Build/multiproject-all-conventions/client/src/main/locales/{locale}
	-include-libraries+=/var/lib/jenkins/.gradle/caches/artifacts-24/filestore/org.graniteds/granite-essentials-swc/2.2.0.SP1/swc/bc19d391f529458acb5864accad6ff2f51793261/granite-essentials-swc-2.2.0.SP1.swc
	-library-path+=/var/lib/jenkins/workspace/GradleFx Testbed Build/multiproject-all-conventions/util/build/util.swc
	-library-path+=/var/lib/jenkins/workspace/GradleFx Testbed Build/multiproject-all-conventions/domain/build/domain.swc
	-library-path+=/var/lib/jenkins/workspace/GradleFx Testbed Build/multiproject-all-conventions/assets/build/assets.swc
	-library-path+=/var/lib/jenkins/.gradle/caches/artifacts-24/filestore/org.graniteds/granite-swc/2.2.0.SP1/swc/9d925fb9da7d66ebe45578da4e5ad04161f89ffa/granite-swc-2.2.0.SP1.swc
	-library-path+=/var/lib/jenkins/.gradle/caches/artifacts-24/filestore/org.springextensions.actionscript/spring-actionscript-core/1.2-SNAPSHOT/swc/77a138a127ce33f7bea9ba3ab0ede43fd23845d5/spring-actionscript-core-1.2-SNAPSHOT.swc
	-library-path+=/var/lib/jenkins/.gradle/caches/artifacts-24/filestore/org.as3commons/as3commons-collections/1.1/swc/6f1afabb411dd065b8caae24d9886a8a268b5fbf/as3commons-collections-1.1.swc
	-library-path+=/var/lib/jenkins/.gradle/caches/artifacts-24/filestore/org.as3commons/as3commons-lang/0.3.2/swc/727bc6546e79c3bb63ccc939b7ebefa1a1ae03c6/as3commons-lang-0.3.2.swc
	-locale=en_US
	-output=/var/lib/jenkins/workspace/GradleFx Testbed Build/multiproject-all-conventions/client/build/client.swf
	/var/lib/jenkins/workspace/GradleFx Testbed Build/multiproject-all-conventions/client/src/main/actionscript/Main.mxml
[mxmlc] Loading configuration file /var/lib/jenkins/dependencies/sdks/Flex4.6/frameworks/flex-config.xml
Required RSLs:
    http://fpdownload.adobe.com/pub/swz/flex/4.6.0.23201/framework_4.6.0.23201.swz with 1 failover.
    http://fpdownload.adobe.com/pub/swz/tlf/2.0.0.232/textLayout_2.0.0.232.swz with 1 failover.
    http://fpdownload.adobe.com/pub/swz/flex/4.6.0.23201/spark_4.6.0.23201.swz with 1 failover.
    http://fpdownload.adobe.com/pub/swz/flex/4.6.0.23201/sparkskins_4.6.0.23201.swz with 1 failover.
    http://fpdownload.adobe.com/pub/swz/flex/4.6.0.23201/mx_4.6.0.23201.swz with 1 failover.
/var/lib/jenkins/workspace/GradleFx Testbed Build/multiproject-all-conventions/client/build/client.swf (64768 bytes)
[8mha:AAAAYB+LCAAAAAAAAABb85aBtbiIQSWjNKU4P0+vIKc0PTOvWC+9KDElJ1XPHUyFJBZn++WXpC7zV766aHPULSYGhooiBimoluT8vOJ8oFpnCA1SyAABjCCFBQDX67qaYgAAAA==[0m:multiproject-no-conventions:client:copyresources
Task ':multiproject-no-conventions:client:copyresources' has not declared any outputs, assuming that it is out-of-date.
from /var/lib/jenkins/workspace/GradleFx Testbed Build/multiproject-no-conventions/client/src/main/flexresources to /var/lib/jenkins/workspace/GradleFx Testbed Build/multiproject-no-conventions/client/build
[8mha:AAAAYB+LCAAAAAAAAABb85aBtbiIQSWjNKU4P0+vIKc0PTOvWC+9KDElJ1XPHUyFJBZn++WXpC7zV766aHPULSYGhooiBimoluT8vOJ8oFpnCA1SyAABjCCFBQDX67qaYgAAAA==[0m:multiproject-no-conventions:util:compileFlex
Executing task ':multiproject-no-conventions:util:compileFlex' due to:
  Output file /var/lib/jenkins/workspace/GradleFx Testbed Build/multiproject-no-conventions/util/build has changed.
  Output file /var/lib/jenkins/workspace/GradleFx Testbed Build/multiproject-no-conventions/util/build/util-1.0-SNAPSHOT.swc has been removed.
Compiling with compc
	-runtime-shared-library-path=
	-external-library-path+=/var/lib/jenkins/dependencies/sdks/Flex4.6/frameworks/libs/framework.swc
	-external-library-path+=/var/lib/jenkins/dependencies/sdks/Flex4.6/frameworks/libs/textLayout.swc
	-external-library-path+=/var/lib/jenkins/dependencies/sdks/Flex4.6/frameworks/libs/spark.swc
	-external-library-path+=/var/lib/jenkins/dependencies/sdks/Flex4.6/frameworks/libs/sparkskins.swc
	-external-library-path+=/var/lib/jenkins/dependencies/sdks/Flex4.6/frameworks/libs/rpc.swc
	-external-library-path+=/var/lib/jenkins/dependencies/sdks/Flex4.6/frameworks/libs/charts.swc
	-external-library-path+=/var/lib/jenkins/dependencies/sdks/Flex4.6/frameworks/libs/spark_dmv.swc
	-external-library-path+=/var/lib/jenkins/dependencies/sdks/Flex4.6/frameworks/libs/osmf.swc
	-external-library-path+=/var/lib/jenkins/dependencies/sdks/Flex4.6/frameworks/libs/mx/mx.swc
	-external-library-path+=/var/lib/jenkins/dependencies/sdks/Flex4.6/frameworks/libs/advancedgrids.swc
	-source-path+=/var/lib/jenkins/workspace/GradleFx Testbed Build/multiproject-no-conventions/util/src/main/as
	-include-sources+=/var/lib/jenkins/workspace/GradleFx Testbed Build/multiproject-no-conventions/util/src/main/as
	-external-library-path+=/var/lib/jenkins/.gradle/caches/artifacts-24/filestore/org.springextensions.actionscript/spring-actionscript-core/1.2-SNAPSHOT/swc/77a138a127ce33f7bea9ba3ab0ede43fd23845d5/spring-actionscript-core-1.2-SNAPSHOT.swc
	-external-library-path+=/var/lib/jenkins/.gradle/caches/artifacts-24/filestore/org.as3commons/as3commons-collections/1.1/swc/6f1afabb411dd065b8caae24d9886a8a268b5fbf/as3commons-collections-1.1.swc
	-external-library-path+=/var/lib/jenkins/.gradle/caches/artifacts-24/filestore/org.as3commons/as3commons-lang/0.3.2/swc/727bc6546e79c3bb63ccc939b7ebefa1a1ae03c6/as3commons-lang-0.3.2.swc
	-external-library-path+=/var/lib/jenkins/.gradle/caches/artifacts-24/filestore/org.graniteds/granite-swc/2.2.0.SP1/swc/9d925fb9da7d66ebe45578da4e5ad04161f89ffa/granite-swc-2.2.0.SP1.swc
	-external-library-path+=/var/lib/jenkins/.gradle/caches/artifacts-24/filestore/org.graniteds/granite-essentials-swc/2.2.0.SP1/swc/bc19d391f529458acb5864accad6ff2f51793261/granite-essentials-swc-2.2.0.SP1.swc
	-output=/var/lib/jenkins/workspace/GradleFx Testbed Build/multiproject-no-conventions/util/build/util-1.0-SNAPSHOT.swc
[compc] Loading configuration file /var/lib/jenkins/dependencies/sdks/Flex4.6/frameworks/flex-config.xml
/var/lib/jenkins/workspace/GradleFx Testbed Build/multiproject-no-conventions/util/build/util-1.0-SNAPSHOT.swc (2001 bytes)
[8mha:AAAAYB+LCAAAAAAAAABb85aBtbiIQSWjNKU4P0+vIKc0PTOvWC+9KDElJ1XPHUyFJBZn++WXpC7zV766aHPULSYGhooiBimoluT8vOJ8oFpnCA1SyAABjCCFBQDX67qaYgAAAA==[0m:multiproject-no-conventions:domain:asdoc
Task ':multiproject-no-conventions:domain:asdoc' has not declared any outputs, assuming that it is out-of-date.
Calling TaskInputs.dir(Object) after task execution has started has been deprecated and is scheduled to be removed in Gradle 2.0. Check the configuration of task ':multiproject-no-conventions:domain:asdoc'.
Calling TaskOutputs.dir(Object) after task execution has started has been deprecated and is scheduled to be removed in Gradle 2.0. Check the configuration of task ':multiproject-no-conventions:domain:asdoc'.
Compiling with asdoc
	-source-path+=/var/lib/jenkins/workspace/GradleFx Testbed Build/multiproject-no-conventions/domain/src/main/as
	-doc-sources+=/var/lib/jenkins/workspace/GradleFx Testbed Build/multiproject-no-conventions/domain/src/main/as
	-external-library-path+=/var/lib/jenkins/.gradle/caches/artifacts-24/filestore/org.springextensions.actionscript/spring-actionscript-core/1.2-SNAPSHOT/swc/77a138a127ce33f7bea9ba3ab0ede43fd23845d5/spring-actionscript-core-1.2-SNAPSHOT.swc
	-external-library-path+=/var/lib/jenkins/.gradle/caches/artifacts-24/filestore/org.as3commons/as3commons-collections/1.1/swc/6f1afabb411dd065b8caae24d9886a8a268b5fbf/as3commons-collections-1.1.swc
	-external-library-path+=/var/lib/jenkins/.gradle/caches/artifacts-24/filestore/org.as3commons/as3commons-lang/0.3.2/swc/727bc6546e79c3bb63ccc939b7ebefa1a1ae03c6/as3commons-lang-0.3.2.swc
	-external-library-path+=/var/lib/jenkins/.gradle/caches/artifacts-24/filestore/org.graniteds/granite-swc/2.2.0.SP1/swc/9d925fb9da7d66ebe45578da4e5ad04161f89ffa/granite-swc-2.2.0.SP1.swc
	-external-library-path+=/var/lib/jenkins/.gradle/caches/artifacts-24/filestore/org.graniteds/granite-essentials-swc/2.2.0.SP1/swc/bc19d391f529458acb5864accad6ff2f51793261/granite-essentials-swc-2.2.0.SP1.swc
	-external-library-path+=/var/lib/jenkins/workspace/GradleFx Testbed Build/multiproject-no-conventions/util/build/util-1.0-SNAPSHOT.swc
	-keep-xml=true
	-output=/var/lib/jenkins/workspace/GradleFx Testbed Build/multiproject-no-conventions/domain/doc
[asdoc] Loading configuration file /var/lib/jenkins/dependencies/sdks/Flex4.6/frameworks/flex-config.xml
Documentation was created in /var/lib/jenkins/workspace/GradleFx Testbed Build/multiproject-no-conventions/domain/doc/
[8mha:AAAAYB+LCAAAAAAAAABb85aBtbiIQSWjNKU4P0+vIKc0PTOvWC+9KDElJ1XPHUyFJBZn++WXpC7zV766aHPULSYGhooiBimoluT8vOJ8oFpnCA1SyAABjCCFBQDX67qaYgAAAA==[0m:multiproject-no-conventions:domain:compileFlex
Executing task ':multiproject-no-conventions:domain:compileFlex' due to:
  Output file /var/lib/jenkins/workspace/GradleFx Testbed Build/multiproject-no-conventions/domain/build has changed.
  Output file /var/lib/jenkins/workspace/GradleFx Testbed Build/multiproject-no-conventions/domain/build/domain-1.0-SNAPSHOT.swc has been removed.
Compiling with compc
	-runtime-shared-library-path=
	-external-library-path+=/var/lib/jenkins/dependencies/sdks/Flex4.6/frameworks/libs/framework.swc
	-external-library-path+=/var/lib/jenkins/dependencies/sdks/Flex4.6/frameworks/libs/textLayout.swc
	-external-library-path+=/var/lib/jenkins/dependencies/sdks/Flex4.6/frameworks/libs/spark.swc
	-external-library-path+=/var/lib/jenkins/dependencies/sdks/Flex4.6/frameworks/libs/sparkskins.swc
	-external-library-path+=/var/lib/jenkins/dependencies/sdks/Flex4.6/frameworks/libs/rpc.swc
	-external-library-path+=/var/lib/jenkins/dependencies/sdks/Flex4.6/frameworks/libs/charts.swc
	-external-library-path+=/var/lib/jenkins/dependencies/sdks/Flex4.6/frameworks/libs/spark_dmv.swc
	-external-library-path+=/var/lib/jenkins/dependencies/sdks/Flex4.6/frameworks/libs/osmf.swc
	-external-library-path+=/var/lib/jenkins/dependencies/sdks/Flex4.6/frameworks/libs/mx/mx.swc
	-external-library-path+=/var/lib/jenkins/dependencies/sdks/Flex4.6/frameworks/libs/advancedgrids.swc
	-source-path+=/var/lib/jenkins/workspace/GradleFx Testbed Build/multiproject-no-conventions/domain/src/main/as
	-include-sources+=/var/lib/jenkins/workspace/GradleFx Testbed Build/multiproject-no-conventions/domain/src/main/as
	-external-library-path+=/var/lib/jenkins/.gradle/caches/artifacts-24/filestore/org.springextensions.actionscript/spring-actionscript-core/1.2-SNAPSHOT/swc/77a138a127ce33f7bea9ba3ab0ede43fd23845d5/spring-actionscript-core-1.2-SNAPSHOT.swc
	-external-library-path+=/var/lib/jenkins/.gradle/caches/artifacts-24/filestore/org.as3commons/as3commons-collections/1.1/swc/6f1afabb411dd065b8caae24d9886a8a268b5fbf/as3commons-collections-1.1.swc
	-external-library-path+=/var/lib/jenkins/.gradle/caches/artifacts-24/filestore/org.as3commons/as3commons-lang/0.3.2/swc/727bc6546e79c3bb63ccc939b7ebefa1a1ae03c6/as3commons-lang-0.3.2.swc
	-external-library-path+=/var/lib/jenkins/.gradle/caches/artifacts-24/filestore/org.graniteds/granite-swc/2.2.0.SP1/swc/9d925fb9da7d66ebe45578da4e5ad04161f89ffa/granite-swc-2.2.0.SP1.swc
	-external-library-path+=/var/lib/jenkins/.gradle/caches/artifacts-24/filestore/org.graniteds/granite-essentials-swc/2.2.0.SP1/swc/bc19d391f529458acb5864accad6ff2f51793261/granite-essentials-swc-2.2.0.SP1.swc
	-external-library-path+=/var/lib/jenkins/workspace/GradleFx Testbed Build/multiproject-no-conventions/util/build/util-1.0-SNAPSHOT.swc
	-output=/var/lib/jenkins/workspace/GradleFx Testbed Build/multiproject-no-conventions/domain/build/domain-1.0-SNAPSHOT.swc
[compc] Loading configuration file /var/lib/jenkins/dependencies/sdks/Flex4.6/frameworks/flex-config.xml
/var/lib/jenkins/workspace/GradleFx Testbed Build/multiproject-no-conventions/domain/build/domain-1.0-SNAPSHOT.swc (1979 bytes)
[ant:zip] Updating zip: /var/lib/jenkins/workspace/GradleFx Testbed Build/multiproject-no-conventions/domain/build/domain-1.0-SNAPSHOT.swc
[8mha:AAAAYB+LCAAAAAAAAABb85aBtbiIQSWjNKU4P0+vIKc0PTOvWC+9KDElJ1XPHUyFJBZn++WXpC7zV766aHPULSYGhooiBimoluT8vOJ8oFpnCA1SyAABjCCFBQDX67qaYgAAAA==[0m:multiproject-no-conventions:client:compileFlex
Executing task ':multiproject-no-conventions:client:compileFlex' due to:
  Output file /var/lib/jenkins/workspace/GradleFx Testbed Build/multiproject-no-conventions/client/build has changed.
  Output file /var/lib/jenkins/workspace/GradleFx Testbed Build/multiproject-no-conventions/client/build/mx_4.6.0.23201.swf has been removed.
  Output file /var/lib/jenkins/workspace/GradleFx Testbed Build/multiproject-no-conventions/client/build/rpc_4.6.0.23201.swf has been removed.
  Output file /var/lib/jenkins/workspace/GradleFx Testbed Build/multiproject-no-conventions/client/build/framework_4.6.0.23201.swf has been removed.
  Output file /var/lib/jenkins/workspace/GradleFx Testbed Build/multiproject-no-conventions/client/build/osmf_1.0.0.16316.swf has been removed.
  Output file /var/lib/jenkins/workspace/GradleFx Testbed Build/multiproject-no-conventions/client/build/advancedgrids_4.6.0.23201.swf has been removed.
  Output file /var/lib/jenkins/workspace/GradleFx Testbed Build/multiproject-no-conventions/client/build/client-1.0-SNAPSHOT.swf has been removed.
  Output file /var/lib/jenkins/workspace/GradleFx Testbed Build/multiproject-no-conventions/client/build/spark_4.6.0.23201.swf has been removed.
  Output file /var/lib/jenkins/workspace/GradleFx Testbed Build/multiproject-no-conventions/client/build/sparkskins_4.6.0.23201.swf has been removed.
  Output file /var/lib/jenkins/workspace/GradleFx Testbed Build/multiproject-no-conventions/client/build/charts_4.6.0.23201.swf has been removed.
Compiling with mxmlc
	+configname=flex
	-source-path+=/var/lib/jenkins/workspace/GradleFx Testbed Build/multiproject-no-conventions/client/src/main/flex
	-source-path+=/var/lib/jenkins/workspace/GradleFx Testbed Build/multiproject-no-conventions/client/src/main/locales/{locale}
	-locale=en_US
	-include-libraries+=/var/lib/jenkins/.gradle/caches/artifacts-24/filestore/org.graniteds/granite-essentials-swc/2.2.0.SP1/swc/bc19d391f529458acb5864accad6ff2f51793261/granite-essentials-swc-2.2.0.SP1.swc
	-library-path+=/var/lib/jenkins/workspace/GradleFx Testbed Build/multiproject-no-conventions/util/build/util-1.0-SNAPSHOT.swc
	-library-path+=/var/lib/jenkins/workspace/GradleFx Testbed Build/multiproject-no-conventions/domain/build/domain-1.0-SNAPSHOT.swc
	-library-path+=/var/lib/jenkins/.gradle/caches/artifacts-24/filestore/org.graniteds/granite-swc/2.2.0.SP1/swc/9d925fb9da7d66ebe45578da4e5ad04161f89ffa/granite-swc-2.2.0.SP1.swc
	-library-path+=/var/lib/jenkins/.gradle/caches/artifacts-24/filestore/org.springextensions.actionscript/spring-actionscript-core/1.2-SNAPSHOT/swc/77a138a127ce33f7bea9ba3ab0ede43fd23845d5/spring-actionscript-core-1.2-SNAPSHOT.swc
	-library-path+=/var/lib/jenkins/.gradle/caches/artifacts-24/filestore/org.as3commons/as3commons-collections/1.1/swc/6f1afabb411dd065b8caae24d9886a8a268b5fbf/as3commons-collections-1.1.swc
	-library-path+=/var/lib/jenkins/.gradle/caches/artifacts-24/filestore/org.as3commons/as3commons-lang/0.3.2/swc/727bc6546e79c3bb63ccc939b7ebefa1a1ae03c6/as3commons-lang-0.3.2.swc
	-theme+=/var/lib/jenkins/dependencies/sdks/Flex4.6/frameworks/themes/Wireframe/wireframe.swc
	-runtime-shared-library-path+=/var/lib/jenkins/dependencies/sdks/Flex4.6/frameworks/libs/framework.swc,framework_4.6.0.23201.swf
	-runtime-shared-library-path+=/var/lib/jenkins/dependencies/sdks/Flex4.6/frameworks/libs/textLayout.swc,textLayout_2.0.0.232.swf
	-runtime-shared-library-path+=/var/lib/jenkins/dependencies/sdks/Flex4.6/frameworks/libs/spark.swc,spark_4.6.0.23201.swf
	-runtime-shared-library-path+=/var/lib/jenkins/dependencies/sdks/Flex4.6/frameworks/libs/sparkskins.swc,sparkskins_4.6.0.23201.swf
	-runtime-shared-library-path+=/var/lib/jenkins/dependencies/sdks/Flex4.6/frameworks/libs/rpc.swc,rpc_4.6.0.23201.swf
	-runtime-shared-library-path+=/var/lib/jenkins/dependencies/sdks/Flex4.6/frameworks/libs/charts.swc,charts_4.6.0.23201.swf
	-runtime-shared-library-path+=/var/lib/jenkins/dependencies/sdks/Flex4.6/frameworks/libs/spark_dmv.swc,spark_dmv_4.6.0.23201.swf
	-runtime-shared-library-path+=/var/lib/jenkins/dependencies/sdks/Flex4.6/frameworks/libs/osmf.swc,osmf_1.0.0.16316.swf
	-runtime-shared-library-path+=/var/lib/jenkins/dependencies/sdks/Flex4.6/frameworks/libs/mx/mx.swc,mx_4.6.0.23201.swf
	-runtime-shared-library-path+=/var/lib/jenkins/dependencies/sdks/Flex4.6/frameworks/libs/advancedgrids.swc,advancedgrids_4.6.0.23201.swf
	-use-network=true
	-keep-as3-metadata+=Autowired,RemoteClass
	-output=/var/lib/jenkins/workspace/GradleFx Testbed Build/multiproject-no-conventions/client/build/client-1.0-SNAPSHOT.swf
	/var/lib/jenkins/workspace/GradleFx Testbed Build/multiproject-no-conventions/client/src/main/flex/org/gradlefx/MyProgram.mxml
